<?xml version="1.0" encoding="UTF-8"?>
<testsuites name="Sanity Test" time="736.724" tests="27" failures="3" errors="2">
   <testsuite name="Sanity Test" tests="27" failures="3" errors="2" time="736.724" timestamp="2021-03-17 18:02:01" hostname="Dell - DESKTOP-IS2U7K8" id="Test Suites/Sanity Test">
      <properties>
         <property name="deviceName" value=""/>
         <property name="devicePlatform" value=""/>
         <property name="logFolder" value="C:\\Users\\Dell\\Desktop\\WeComplete\\Reports\\20210317_180152\\Sanity Test\\20210317_180152"/>
         <property name="logFiles" value="C:\\Users\\Dell\\Desktop\\WeComplete\\Reports\\20210317_180152\\Sanity Test\\20210317_180152\\execution0.log"/>
         <property name="attachments" value="C:\Users\Dell\Desktop\WeComplete\Reports\20210317_180152\Sanity Test\20210317_180152/videos\test_1.avi, C:\Users\Dell\Desktop\WeComplete\Reports\20210317_180152\Sanity Test\20210317_180152/videos\test_2.avi, C:\Users\Dell\Desktop\WeComplete\Reports\20210317_180152\Sanity Test\20210317_180152/videos\test_3.avi, C:\Users\Dell\Desktop\WeComplete\Reports\20210317_180152\Sanity Test\20210317_180152/videos\test_4.avi, C:\Users\Dell\Desktop\WeComplete\Reports\20210317_180152\Sanity Test\20210317_180152/videos\test_5.avi, C:\Users\Dell\Desktop\WeComplete\Reports\20210317_180152\Sanity Test\20210317_180152/videos\test_6.avi, C:\Users\Dell\Desktop\WeComplete\Reports\20210317_180152\Sanity Test\20210317_180152/videos\test_7.avi, C:\Users\Dell\Desktop\WeComplete\Reports\20210317_180152\Sanity Test\20210317_180152/videos\test_8.avi, C:\Users\Dell\Desktop\WeComplete\Reports\20210317_180152\Sanity Test\20210317_180152/videos\test_9.avi, C:\Users\Dell\Desktop\WeComplete\Reports\20210317_180152\Sanity Test\20210317_180152/videos\test_10.avi, C:\Users\Dell\Desktop\WeComplete\Reports\20210317_180152\Sanity Test\20210317_180152/videos\test_11.avi, C:\Users\Dell\Desktop\WeComplete\Reports\20210317_180152\Sanity Test\20210317_180152/videos\test_12.avi, C:\Users\Dell\Desktop\WeComplete\Reports\20210317_180152\Sanity Test\20210317_180152/videos\test_13.avi, C:\Users\Dell\Desktop\WeComplete\Reports\20210317_180152\Sanity Test\20210317_180152/videos\test_14.avi, C:\Users\Dell\Desktop\WeComplete\Reports\20210317_180152\Sanity Test\20210317_180152/videos\test_15.avi, C:\Users\Dell\Desktop\WeComplete\Reports\20210317_180152\Sanity Test\20210317_180152/videos\test_16.avi, C:\Users\Dell\Desktop\WeComplete\Reports\20210317_180152\Sanity Test\20210317_180152/videos\test_17.avi, C:\Users\Dell\Desktop\WeComplete\Reports\20210317_180152\Sanity Test\20210317_180152/videos\test_18.avi, C:\Users\Dell\Desktop\WeComplete\Reports\20210317_180152\Sanity Test\20210317_180152/videos\test_19.avi, C:\Users\Dell\Desktop\WeComplete\Reports\20210317_180152\Sanity Test\20210317_180152/videos\test_20.avi, C:\Users\Dell\Desktop\WeComplete\Reports\20210317_180152\Sanity Test\20210317_180152/videos\test_21.avi, C:\Users\Dell\Desktop\WeComplete\Reports\20210317_180152\Sanity Test\20210317_180152/videos\test_22.avi, C:\Users\Dell\Desktop\WeComplete\Reports\20210317_180152\Sanity Test\20210317_180152/videos\test_23.avi, C:\Users\Dell\Desktop\WeComplete\Reports\20210317_180152\Sanity Test\20210317_180152/videos\test_24.avi, C:\Users\Dell\Desktop\WeComplete\Reports\20210317_180152\Sanity Test\20210317_180152/videos\test_25.avi, C:\\Users\\Dell\\Desktop\\WeComplete\\Reports\\20210317_180152\\Sanity Test\\20210317_180152\\1615985042806.png, C:\Users\Dell\Desktop\WeComplete\Reports\20210317_180152\Sanity Test\20210317_180152/videos\test_26.avi, C:\\Users\\Dell\\Desktop\\WeComplete\\Reports\\20210317_180152\\Sanity Test\\20210317_180152\\1615985052528.png, C:\Users\Dell\Desktop\WeComplete\Reports\20210317_180152\Sanity Test\20210317_180152/videos\test_27.avi"/>
         <property name="hostName" value="Dell - DESKTOP-IS2U7K8"/>
         <property name="os" value="Windows 10 64bit"/>
         <property name="katalonVersion" value="7.7.2.205"/>
         <property name="browser" value="Firefox 87.0"/>
         <property name="hostAddress" value="172.16.50.14"/>
         <property name="sessionId" value="610f0b32-d12e-470e-a123-fa113c7190c1"/>
         <property name="seleniumVersion" value="3.141.59"/>
         <property name="proxyInformation" value="ProxyInformation { proxyOption=NO_PROXY, proxyServerType=HTTP, username=, password=********, proxyServerAddress=, proxyServerPort=0, executionList=&quot;&quot;, isApplyToDesiredCapabilities=true }"/>
         <property name="platform" value="Windows 10"/>
      </properties>
      <testcase name="Test Cases/Sanity_Test/TC_001_To verify that user able to fill Selling Property Details form" time="60.998" classname="Test Cases/Sanity_Test/TC_001_To verify that user able to fill Selling Property Details form" status="PASSED">
         <system-out><![CDATA[2021-03-17 18:02:32 - [TEST_CASE][PASSED] - Test Cases/Sanity_Test/TC_001_To verify that user able to fill Selling Property Details form: Test Cases/Sanity_Test/TC_001_To verify that user able to fill Selling Property Details form

2021-03-17 18:02:32 - [TEST_STEP][PASSED] - Start listener action : sampleBeforeTestCase: null

2021-03-17 18:02:32 - [TEST_STEP][PASSED] - println(testCaseContext.getTestCaseId()): null

2021-03-17 18:02:32 - [TEST_STEP][PASSED] - println(testCaseContext.getTestCaseVariables()): null

2021-03-17 18:02:35 - [TEST_STEP][PASSED] - navigateToUrl(baseurl + "/legal", STOP_ON_FAILURE): Navigate to 'https://imovehome.icompleteonline.co.uk/legal' successfully

2021-03-17 18:02:43 - [MESSAGE][PASSED] - Navigate to 'https://imovehome.icompleteonline.co.uk/legal' successfully

2021-03-17 18:02:43 - [TEST_STEP][PASSED] - com.wecomplete.keywords.TestBase.isElementPresent(findTestObject("Quote/header_Quote"), shortTime): Element has been present

2021-03-17 18:02:50 - [MESSAGE][PASSED] - Element has been present

2021-03-17 18:02:50 - [TEST_STEP][PASSED] - if (com.wecomplete.keywords.TestBase.isElementPresent(findTestObject("Object Repository/Quote/tab_Selling_and_Buying"), shortTime) == true): null

2021-03-17 18:02:50 - [MESSAGE][PASSED] - Element has been present

2021-03-17 18:02:50 - [TEST_STEP][PASSED] - com.wecomplete.keywords.TestBase.getText(findTestObject("Quote/Selling_Property_Details_Page/header_Selling_Property_Details"), sellPropertyHeader): Verifed actule & expected data

2021-03-17 18:02:52 - [MESSAGE][INFO] - Get actule text

2021-03-17 18:02:52 - [MESSAGE][PASSED] - Verifed actule & expected data

2021-03-17 18:02:52 - [TEST_STEP][PASSED] - com.wecomplete.keywords.TestBase.sendkeyElement(findTestObject("Quote/Selling_Property_Details_Page/input_Price_Of_Property"), sellPropertyPrice): Sendkey value has been send

2021-03-17 18:02:55 - [MESSAGE][PASSED] - Element has been cleared

2021-03-17 18:02:59 - [MESSAGE][PASSED] - Sendkey value has been send

2021-03-17 18:02:59 - [TEST_STEP][PASSED] - com.wecomplete.keywords.TestBase.sendkeyElement(findTestObject("Quote/Selling_Property_Details_Page/input_Property_PostCode"), postCode): Sendkey value has been send

2021-03-17 18:03:03 - [MESSAGE][PASSED] - Element has been cleared

2021-03-17 18:03:06 - [MESSAGE][PASSED] - Sendkey value has been send

2021-03-17 18:03:06 - [TEST_STEP][PASSED] - com.wecomplete.keywords.TestBase.clickUsingJS(findTestObject("Quote/Selling_Property_Details_Page/click_Enter_Address_Manually"), shortTime): Element has been clicked

2021-03-17 18:03:06 - [MESSAGE][INFO] - Clicking element

2021-03-17 18:03:06 - [MESSAGE][PASSED] - Element has been clicked

2021-03-17 18:03:06 - [TEST_STEP][PASSED] - com.wecomplete.keywords.TestBase.sendkeyElement(findTestObject("Quote/Selling_Property_Details_Page/input_House_No"), houseNo): Sendkey value has been send

2021-03-17 18:03:10 - [MESSAGE][PASSED] - Element has been cleared

2021-03-17 18:03:13 - [MESSAGE][PASSED] - Sendkey value has been send

2021-03-17 18:03:13 - [TEST_STEP][PASSED] - com.wecomplete.keywords.TestBase.sendkeyElement(findTestObject("Quote/Selling_Property_Details_Page/input_Street"), streetName): Sendkey value has been send

2021-03-17 18:03:18 - [MESSAGE][PASSED] - Element has been cleared

2021-03-17 18:03:21 - [MESSAGE][PASSED] - Sendkey value has been send

2021-03-17 18:03:21 - [TEST_STEP][PASSED] - com.wecomplete.keywords.TestBase.clickUsingJS(findTestObject("Quote/Selling_Property_Details_Page/Click_No_Of_Seller_Buyer"), shortTime): Element has been clicked

2021-03-17 18:03:22 - [MESSAGE][INFO] - Clicking element

2021-03-17 18:03:22 - [MESSAGE][PASSED] - Element has been clicked

2021-03-17 18:03:22 - [TEST_STEP][PASSED] - com.wecomplete.keywords.TestBase.clickUsingJS(findTestObject("Quote/Selling_Property_Details_Page/toggle_Commercial"), shortTime): Element has been clicked

2021-03-17 18:03:22 - [MESSAGE][INFO] - Clicking element

2021-03-17 18:03:22 - [MESSAGE][PASSED] - Element has been clicked

2021-03-17 18:03:22 - [TEST_STEP][PASSED] - com.wecomplete.keywords.TestBase.clickUsingJS(findTestObject("Quote/Selling_Property_Details_Page/toggle_Leasehold"), shortTime): Element has been clicked

2021-03-17 18:03:23 - [MESSAGE][INFO] - Clicking element

2021-03-17 18:03:23 - [MESSAGE][PASSED] - Element has been clicked

2021-03-17 18:03:23 - [TEST_STEP][PASSED] - com.wecomplete.keywords.TestBase.sendkeyElement(findTestObject("Quote/Selling_Property_Details_Page/input_Comment"), sellPropertyComments): Sendkey value has been send

2021-03-17 18:03:26 - [MESSAGE][PASSED] - Element has been cleared

2021-03-17 18:03:30 - [MESSAGE][PASSED] - Sendkey value has been send

2021-03-17 18:03:30 - [TEST_STEP][PASSED] - com.wecomplete.keywords.TestBase.clickUsingJS(findTestObject("Quote/Selling_Property_Details_Page/btn_Save and Next"), shortTime): Element has been clicked

2021-03-17 18:03:31 - [MESSAGE][INFO] - Clicking element

2021-03-17 18:03:31 - [MESSAGE][PASSED] - Element has been clicked

2021-03-17 18:03:31 - [TEST_STEP][PASSED] - Start listener action : sampleAfterTestCase: null

2021-03-17 18:03:31 - [TEST_STEP][PASSED] - println(testCaseContext.getTestCaseId()): null

2021-03-17 18:03:31 - [TEST_STEP][PASSED] - println(testCaseContext.getTestCaseStatus()): null

2021-03-17 18:03:33 - [TEST_STEP][PASSED] - Video: Video recording for test case 'Test Cases/Sanity_Test/TC_001_To verify that user able to fill Selling Property Details form' .

2021-03-17 18:03:33 - [MESSAGE][INFO] - Video recording for test case 'Test Cases/Sanity_Test/TC_001_To verify that user able to fill Selling Property Details form' .
[[ATTACHMENT|C:\Users\Dell\Desktop\WeComplete\Reports\20210317_180152\Sanity Test\20210317_180152/videos\test_1.avi]]]]></system-out>
         <system-err><![CDATA[]]></system-err>
      </testcase>
      <testcase name="Test Cases/Sanity_Test/TC_002_To verify that user able to fill Buying Property Details form" time="41.866" classname="Test Cases/Sanity_Test/TC_002_To verify that user able to fill Buying Property Details form" status="PASSED">
         <system-out><![CDATA[2021-03-17 18:03:33 - [TEST_CASE][PASSED] - Test Cases/Sanity_Test/TC_002_To verify that user able to fill Buying Property Details form: Test Cases/Sanity_Test/TC_002_To verify that user able to fill Buying Property Details form

2021-03-17 18:03:33 - [TEST_STEP][PASSED] - Start listener action : sampleBeforeTestCase: null

2021-03-17 18:03:33 - [TEST_STEP][PASSED] - println(testCaseContext.getTestCaseId()): null

2021-03-17 18:03:33 - [TEST_STEP][PASSED] - println(testCaseContext.getTestCaseVariables()): null

2021-03-17 18:03:34 - [TEST_STEP][PASSED] - if (com.wecomplete.keywords.TestBase.isElementPresent(findTestObject("Quote/Selling_Property_Details_Page/header_Buying Property Details"), shortTime) == true): null

2021-03-17 18:03:35 - [MESSAGE][PASSED] - Element has been present

2021-03-17 18:03:35 - [TEST_STEP][PASSED] - com.wecomplete.keywords.TestBase.getText(findTestObject("Quote/Selling_Property_Details_Page/header_Buying Property Details"), buylPropertyHeader): Verifed actule & expected data

2021-03-17 18:03:35 - [MESSAGE][INFO] - Get actule text

2021-03-17 18:03:35 - [MESSAGE][PASSED] - Verifed actule & expected data

2021-03-17 18:03:35 - [TEST_STEP][PASSED] - com.wecomplete.keywords.TestBase.sendkeyElement(findTestObject("Quote/Selling_Property_Details_Page/input_Price_Of_Property"), buyPropertyPrice): Sendkey value has been send

2021-03-17 18:03:39 - [MESSAGE][PASSED] - Element has been cleared

2021-03-17 18:03:42 - [MESSAGE][PASSED] - Sendkey value has been send

2021-03-17 18:03:42 - [TEST_STEP][PASSED] - com.wecomplete.keywords.TestBase.sendkeyElement(findTestObject("Quote/Selling_Property_Details_Page/input_Property_PostCode"), postCode): Sendkey value has been send

2021-03-17 18:03:46 - [MESSAGE][PASSED] - Element has been cleared

2021-03-17 18:03:49 - [MESSAGE][PASSED] - Sendkey value has been send

2021-03-17 18:03:49 - [TEST_STEP][PASSED] - com.wecomplete.keywords.TestBase.clickUsingJS(findTestObject("Quote/Selling_Property_Details_Page/click_Enter_Address_Manually"), shortTime): Element has been clicked

2021-03-17 18:03:50 - [MESSAGE][INFO] - Clicking element

2021-03-17 18:03:50 - [MESSAGE][PASSED] - Element has been clicked

2021-03-17 18:03:50 - [TEST_STEP][PASSED] - com.wecomplete.keywords.TestBase.sendkeyElement(findTestObject("Quote/Selling_Property_Details_Page/input_House_No"), houseNo): Sendkey value has been send

2021-03-17 18:03:54 - [MESSAGE][PASSED] - Element has been cleared

2021-03-17 18:03:57 - [MESSAGE][PASSED] - Sendkey value has been send

2021-03-17 18:03:57 - [TEST_STEP][PASSED] - com.wecomplete.keywords.TestBase.sendkeyElement(findTestObject("Quote/Selling_Property_Details_Page/input_Street"), streetName): Sendkey value has been send

2021-03-17 18:04:01 - [MESSAGE][PASSED] - Element has been cleared

2021-03-17 18:04:04 - [MESSAGE][PASSED] - Sendkey value has been send

2021-03-17 18:04:04 - [TEST_STEP][PASSED] - com.wecomplete.keywords.TestBase.clickUsingJS(findTestObject("Quote/Selling_Property_Details_Page/Click_No_Of_Seller_Buyer"), shortTime): Element has been clicked

2021-03-17 18:04:05 - [MESSAGE][INFO] - Clicking element

2021-03-17 18:04:05 - [MESSAGE][PASSED] - Element has been clicked

2021-03-17 18:04:05 - [TEST_STEP][PASSED] - com.wecomplete.keywords.TestBase.clickUsingJS(findTestObject("Quote/Selling_Property_Details_Page/toggle_Commercial"), shortTime): Element has been clicked

2021-03-17 18:04:05 - [MESSAGE][INFO] - Clicking element

2021-03-17 18:04:05 - [MESSAGE][PASSED] - Element has been clicked

2021-03-17 18:04:05 - [TEST_STEP][PASSED] - com.wecomplete.keywords.TestBase.clickUsingJS(findTestObject("Quote/Selling_Property_Details_Page/toggle_Leasehold"), shortTime): Element has been clicked

2021-03-17 18:04:06 - [MESSAGE][INFO] - Clicking element

2021-03-17 18:04:06 - [MESSAGE][PASSED] - Element has been clicked

2021-03-17 18:04:06 - [TEST_STEP][PASSED] - com.wecomplete.keywords.TestBase.sendkeyElement(findTestObject("Quote/Selling_Property_Details_Page/input_Comment"), buyPropertyComments): Sendkey value has been send

2021-03-17 18:04:09 - [MESSAGE][PASSED] - Element has been cleared

2021-03-17 18:04:13 - [MESSAGE][PASSED] - Sendkey value has been send

2021-03-17 18:04:13 - [TEST_STEP][PASSED] - com.wecomplete.keywords.TestBase.clickUsingJS(findTestObject("Quote/Selling_Property_Details_Page/btn_Save and Next"), shortTime): Element has been clicked

2021-03-17 18:04:13 - [MESSAGE][INFO] - Clicking element

2021-03-17 18:04:13 - [MESSAGE][PASSED] - Element has been clicked

2021-03-17 18:04:13 - [TEST_STEP][PASSED] - Start listener action : sampleAfterTestCase: null

2021-03-17 18:04:13 - [TEST_STEP][PASSED] - println(testCaseContext.getTestCaseId()): null

2021-03-17 18:04:13 - [TEST_STEP][PASSED] - println(testCaseContext.getTestCaseStatus()): null

2021-03-17 18:04:15 - [TEST_STEP][PASSED] - Video: Video recording for test case 'Test Cases/Sanity_Test/TC_002_To verify that user able to fill Buying Property Details form' .

2021-03-17 18:04:15 - [MESSAGE][INFO] - Video recording for test case 'Test Cases/Sanity_Test/TC_002_To verify that user able to fill Buying Property Details form' .
[[ATTACHMENT|C:\Users\Dell\Desktop\WeComplete\Reports\20210317_180152\Sanity Test\20210317_180152/videos\test_2.avi]]]]></system-out>
         <system-err><![CDATA[]]></system-err>
      </testcase>
      <testcase name="Test Cases/Sanity_Test/TC_003_To verify that user able to enter Personal Details" time="61.361" classname="Test Cases/Sanity_Test/TC_003_To verify that user able to enter Personal Details" status="PASSED">
         <system-out><![CDATA[2021-03-17 18:04:15 - [TEST_CASE][PASSED] - Test Cases/Sanity_Test/TC_003_To verify that user able to enter Personal Details: Test Cases/Sanity_Test/TC_003_To verify that user able to enter Personal Details

2021-03-17 18:04:15 - [TEST_STEP][PASSED] - Start listener action : sampleBeforeTestCase: null

2021-03-17 18:04:15 - [TEST_STEP][PASSED] - println(testCaseContext.getTestCaseId()): null

2021-03-17 18:04:15 - [TEST_STEP][PASSED] - println(testCaseContext.getTestCaseVariables()): null

2021-03-17 18:04:16 - [TEST_STEP][PASSED] - com.wecomplete.keywords.TestBase.isElementPresent(findTestObject("Quote/Personal_Details_Page/step_Personal_Details_Page"), shortTime): Element has been present

2021-03-17 18:04:16 - [MESSAGE][PASSED] - Element has been present

2021-03-17 18:04:16 - [TEST_STEP][PASSED] - if (com.wecomplete.keywords.TestBase.isElementPresent(findTestObject("Object Repository/Quote/Personal_Details_Page/header_Primary Contact Details"), shortTime) == true): null

2021-03-17 18:04:17 - [MESSAGE][PASSED] - Element has been present

2021-03-17 18:04:17 - [TEST_STEP][PASSED] - com.wecomplete.keywords.TestBase.isElementPresent(findTestObject("Object Repository/Quote/Personal_Details_Page/header_Primary Contact Details"), shortTime): Element has been present

2021-03-17 18:04:18 - [MESSAGE][PASSED] - Element has been present

2021-03-17 18:04:18 - [TEST_STEP][PASSED] - com.wecomplete.keywords.TestBase.sendkeyElement(findTestObject("Object Repository/Quote/Personal_Details_Page/input_Primary_FirstName"), primaryFN): Sendkey value has been send

2021-03-17 18:04:21 - [MESSAGE][PASSED] - Element has been cleared

2021-03-17 18:04:24 - [MESSAGE][PASSED] - Sendkey value has been send

2021-03-17 18:04:24 - [TEST_STEP][PASSED] - com.wecomplete.keywords.TestBase.sendkeyElement(findTestObject("Object Repository/Quote/Personal_Details_Page/input_Primary_LastName"), primaryLN): Sendkey value has been send

2021-03-17 18:04:28 - [MESSAGE][PASSED] - Element has been cleared

2021-03-17 18:04:31 - [MESSAGE][PASSED] - Sendkey value has been send

2021-03-17 18:04:31 - [TEST_STEP][PASSED] - com.wecomplete.keywords.TestBase.sendkeyElement(findTestObject("Object Repository/Quote/Personal_Details_Page/input_Primary_EmailId"), primaryEID): Sendkey value has been send

2021-03-17 18:04:35 - [MESSAGE][PASSED] - Element has been cleared

2021-03-17 18:04:38 - [MESSAGE][PASSED] - Sendkey value has been send

2021-03-17 18:04:38 - [TEST_STEP][PASSED] - com.wecomplete.keywords.TestBase.sendkeyElement(findTestObject("Object Repository/Quote/Personal_Details_Page/input_Primary_PhoneNo"), primaryMNO): Sendkey value has been send

2021-03-17 18:04:42 - [MESSAGE][PASSED] - Element has been cleared

2021-03-17 18:04:45 - [MESSAGE][PASSED] - Sendkey value has been send

2021-03-17 18:04:45 - [TEST_STEP][PASSED] - com.wecomplete.keywords.TestBase.clickUsingJS(findTestObject("Quote/Personal_Details_Page/checkBox_make same as Joint Seller 2"), shortTime): Element has been clicked

2021-03-17 18:04:46 - [MESSAGE][INFO] - Clicking element

2021-03-17 18:04:46 - [MESSAGE][PASSED] - Element has been clicked

2021-03-17 18:04:46 - [TEST_STEP][PASSED] - com.wecomplete.keywords.TestBase.isElementPresent(findTestObject("Object Repository/Quote/Personal_Details_Page/header_Joint Seller 2 Contact Details"), shortTime): Element has been present

2021-03-17 18:04:46 - [MESSAGE][PASSED] - Element has been present

2021-03-17 18:04:46 - [TEST_STEP][PASSED] - com.wecomplete.keywords.TestBase.sendkeyElement(findTestObject("Object Repository/Quote/Personal_Details_Page/input_Joint_Holder_First Name"), jointHolderFN): Sendkey value has been send

2021-03-17 18:04:50 - [MESSAGE][PASSED] - Element has been cleared

2021-03-17 18:04:53 - [MESSAGE][PASSED] - Sendkey value has been send

2021-03-17 18:04:53 - [TEST_STEP][PASSED] - com.wecomplete.keywords.TestBase.sendkeyElement(findTestObject("Object Repository/Quote/Personal_Details_Page/input_Joint_Holder_LastName"), jointHolderLN): Sendkey value has been send

2021-03-17 18:04:57 - [MESSAGE][PASSED] - Element has been cleared

2021-03-17 18:05:00 - [MESSAGE][PASSED] - Sendkey value has been send

2021-03-17 18:05:00 - [TEST_STEP][PASSED] - com.wecomplete.keywords.TestBase.sendkeyElement(findTestObject("Object Repository/Quote/Personal_Details_Page/input_Joint_Holder_PhoneNo"), jointHolderMNO): Sendkey value has been send

2021-03-17 18:05:04 - [MESSAGE][PASSED] - Element has been cleared

2021-03-17 18:05:07 - [MESSAGE][PASSED] - Sendkey value has been send

2021-03-17 18:05:07 - [TEST_STEP][PASSED] - com.wecomplete.keywords.TestBase.sendkeyElement(findTestObject("Object Repository/Quote/Personal_Details_Page/input_Joint_Holder_EmailId"), jointHolderEID): Sendkey value has been send

2021-03-17 18:05:11 - [MESSAGE][PASSED] - Element has been cleared

2021-03-17 18:05:14 - [MESSAGE][PASSED] - Sendkey value has been send

2021-03-17 18:05:14 - [TEST_STEP][PASSED] - com.wecomplete.keywords.TestBase.clickUsingJS(findTestObject("Quote/Selling_Property_Details_Page/btn_Save and Next"), shortTime): Element has been clicked

2021-03-17 18:05:14 - [MESSAGE][INFO] - Clicking element

2021-03-17 18:05:14 - [MESSAGE][PASSED] - Element has been clicked

2021-03-17 18:05:14 - [TEST_STEP][PASSED] - Start listener action : sampleAfterTestCase: null

2021-03-17 18:05:14 - [TEST_STEP][PASSED] - println(testCaseContext.getTestCaseId()): null

2021-03-17 18:05:14 - [TEST_STEP][PASSED] - println(testCaseContext.getTestCaseStatus()): null

2021-03-17 18:05:17 - [TEST_STEP][PASSED] - Video: Video recording for test case 'Test Cases/Sanity_Test/TC_003_To verify that user able to enter Personal Details' .

2021-03-17 18:05:17 - [MESSAGE][INFO] - Video recording for test case 'Test Cases/Sanity_Test/TC_003_To verify that user able to enter Personal Details' .
[[ATTACHMENT|C:\Users\Dell\Desktop\WeComplete\Reports\20210317_180152\Sanity Test\20210317_180152/videos\test_3.avi]]]]></system-out>
         <system-err><![CDATA[]]></system-err>
      </testcase>
      <testcase name="Test Cases/Sanity_Test/TC_004_To verify that user able to enter Address Details" time="25.218" classname="Test Cases/Sanity_Test/TC_004_To verify that user able to enter Address Details" status="PASSED">
         <system-out><![CDATA[2021-03-17 18:05:17 - [TEST_CASE][PASSED] - Test Cases/Sanity_Test/TC_004_To verify that user able to enter Address Details: Test Cases/Sanity_Test/TC_004_To verify that user able to enter Address Details

2021-03-17 18:05:17 - [TEST_STEP][PASSED] - Start listener action : sampleBeforeTestCase: null

2021-03-17 18:05:17 - [TEST_STEP][PASSED] - println(testCaseContext.getTestCaseId()): null

2021-03-17 18:05:17 - [TEST_STEP][PASSED] - println(testCaseContext.getTestCaseVariables()): null

2021-03-17 18:05:17 - [TEST_STEP][PASSED] - com.wecomplete.keywords.TestBase.isElementPresent(findTestObject("Object Repository/Quote/Correspondence_Address_Page/progressStep_Correspondence Address"), shortTime): Element has been present

2021-03-17 18:05:18 - [MESSAGE][PASSED] - Element has been present

2021-03-17 18:05:18 - [TEST_STEP][PASSED] - if (com.wecomplete.keywords.TestBase.isElementPresent(findTestObject("Object Repository/Quote/Correspondence_Address_Page/header_Correspondence Address"), shortTime) == true): null

2021-03-17 18:05:18 - [MESSAGE][PASSED] - Element has been present

2021-03-17 18:05:18 - [TEST_STEP][PASSED] - com.wecomplete.keywords.TestBase.getText(findTestObject("Object Repository/Quote/Correspondence_Address_Page/header_Correspondence Address"), headerAddress): Verifed actule & expected data

2021-03-17 18:05:19 - [MESSAGE][INFO] - Get actule text

2021-03-17 18:05:19 - [MESSAGE][PASSED] - Verifed actule & expected data

2021-03-17 18:05:19 - [TEST_STEP][PASSED] - com.wecomplete.keywords.TestBase.clickUsingJS(findTestObject("Quote/Correspondence_Address_Page/CheckBox_Correspondence Address Same as Buying Address"), shortTime): Element has been clicked

2021-03-17 18:05:19 - [MESSAGE][INFO] - Clicking element

2021-03-17 18:05:19 - [MESSAGE][PASSED] - Element has been clicked

2021-03-17 18:05:19 - [TEST_STEP][PASSED] - com.wecomplete.keywords.TestBase.clickUsingJS(findTestObject("Quote/Correspondence_Address_Page/CheckBox_Correspondence Address Same as Buying Address"), shortTime): Element has been clicked

2021-03-17 18:05:20 - [MESSAGE][INFO] - Clicking element

2021-03-17 18:05:20 - [MESSAGE][PASSED] - Element has been clicked

2021-03-17 18:05:20 - [TEST_STEP][PASSED] - com.wecomplete.keywords.TestBase.sendkeyElement(findTestObject("Object Repository/Quote/Correspondence_Address_Page/input_PostCode"), postCode): Sendkey value has been send

2021-03-17 18:05:24 - [MESSAGE][PASSED] - Element has been cleared

2021-03-17 18:05:27 - [MESSAGE][PASSED] - Sendkey value has been send

2021-03-17 18:05:27 - [TEST_STEP][PASSED] - delay(5): Delayed 5 second(s)

2021-03-17 18:05:32 - [MESSAGE][PASSED] - Delayed 5 second(s)

2021-03-17 18:05:32 - [TEST_STEP][PASSED] - com.wecomplete.keywords.TestBase.clickUsingJS(findTestObject("Quote/Correspondence_Address_Page/DD_Select_Address"), shortTime): Element has been clicked

2021-03-17 18:05:32 - [MESSAGE][INFO] - Clicking element

2021-03-17 18:05:32 - [MESSAGE][PASSED] - Element has been clicked

2021-03-17 18:05:32 - [TEST_STEP][PASSED] - com.wecomplete.keywords.TestBase.clickUsingJS(findTestObject("Quote/Correspondence_Address_Page/DD_Select_Address"), shortTime): Element has been clicked

2021-03-17 18:05:33 - [MESSAGE][INFO] - Clicking element

2021-03-17 18:05:33 - [MESSAGE][PASSED] - Element has been clicked

2021-03-17 18:05:33 - [TEST_STEP][PASSED] - delay(5): Delayed 5 second(s)

2021-03-17 18:05:38 - [MESSAGE][PASSED] - Delayed 5 second(s)

2021-03-17 18:05:38 - [TEST_STEP][PASSED] - com.wecomplete.keywords.TestBase.clickUsingJS(findTestObject("Quote/Correspondence_Address_Page/DDVlaue_Select Address"), shortTime): Element has been clicked

2021-03-17 18:05:39 - [MESSAGE][INFO] - Clicking element

2021-03-17 18:05:39 - [MESSAGE][PASSED] - Element has been clicked

2021-03-17 18:05:39 - [TEST_STEP][PASSED] - com.wecomplete.keywords.TestBase.clickUsingJS(findTestObject("Quote/Selling_Property_Details_Page/btn_Save and Next"), shortTime): Element has been clicked

2021-03-17 18:05:40 - [MESSAGE][INFO] - Clicking element

2021-03-17 18:05:40 - [MESSAGE][PASSED] - Element has been clicked

2021-03-17 18:05:40 - [TEST_STEP][PASSED] - Start listener action : sampleAfterTestCase: null

2021-03-17 18:05:40 - [TEST_STEP][PASSED] - println(testCaseContext.getTestCaseId()): null

2021-03-17 18:05:40 - [TEST_STEP][PASSED] - println(testCaseContext.getTestCaseStatus()): null

2021-03-17 18:05:42 - [TEST_STEP][PASSED] - Video: Video recording for test case 'Test Cases/Sanity_Test/TC_004_To verify that user able to enter Address Details' .

2021-03-17 18:05:42 - [MESSAGE][INFO] - Video recording for test case 'Test Cases/Sanity_Test/TC_004_To verify that user able to enter Address Details' .
[[ATTACHMENT|C:\Users\Dell\Desktop\WeComplete\Reports\20210317_180152\Sanity Test\20210317_180152/videos\test_4.avi]]]]></system-out>
         <system-err><![CDATA[]]></system-err>
      </testcase>
      <testcase name="Test Cases/Sanity_Test/TC_005_To verify entered Sell property details on Quote Details page" time="7.442" classname="Test Cases/Sanity_Test/TC_005_To verify entered Sell property details on Quote Details page" status="PASSED">
         <system-out><![CDATA[2021-03-17 18:05:42 - [TEST_CASE][PASSED] - Test Cases/Sanity_Test/TC_005_To verify entered Sell property details on Quote Details page: Test Cases/Sanity_Test/TC_005_To verify entered Sell property details on Quote Details page

2021-03-17 18:05:42 - [TEST_STEP][PASSED] - Start listener action : sampleBeforeTestCase: null

2021-03-17 18:05:42 - [TEST_STEP][PASSED] - println(testCaseContext.getTestCaseId()): null

2021-03-17 18:05:42 - [TEST_STEP][PASSED] - println(testCaseContext.getTestCaseVariables()): null

2021-03-17 18:05:42 - [TEST_STEP][PASSED] - com.wecomplete.keywords.TestBase.isElementPresent(findTestObject("Object Repository/Quote/Quote_Details_Page/Progress_Step_Quote_Details"), shortTime): Element has been present

2021-03-17 18:05:43 - [MESSAGE][PASSED] - Element has been present

2021-03-17 18:05:43 - [TEST_STEP][PASSED] - if (com.wecomplete.keywords.TestBase.isElementPresent(findTestObject("Quote/Quote_Details_Page/header_Quote_Details"), shortTime) == true): null

2021-03-17 18:05:44 - [MESSAGE][PASSED] - Element has been present

2021-03-17 18:05:44 - [TEST_STEP][PASSED] - com.wecomplete.keywords.TestBase.getText(findTestObject("Quote/Quote_Details_Page/header_Quote_Details"), headerQuotePreview): Verifed actule & expected data

2021-03-17 18:05:44 - [MESSAGE][INFO] - Get actule text

2021-03-17 18:05:44 - [MESSAGE][PASSED] - Verifed actule & expected data

2021-03-17 18:05:44 - [TEST_STEP][PASSED] - com.wecomplete.keywords.TestBase.getText(findTestObject("Quote/Quote_Details_Page/Seller_Property_Section/get_Sell_Currency"), sellCurrency): Verifed actule & expected data

2021-03-17 18:05:45 - [MESSAGE][INFO] - Get actule text

2021-03-17 18:05:45 - [MESSAGE][PASSED] - Verifed actule & expected data

2021-03-17 18:05:45 - [TEST_STEP][PASSED] - com.wecomplete.keywords.TestBase.getText(findTestObject("Quote/Quote_Details_Page/Seller_Property_Section/get_Sell_Price"), sellPropertyPrice): Verifed actule & expected data

2021-03-17 18:05:46 - [MESSAGE][INFO] - Get actule text

2021-03-17 18:05:46 - [MESSAGE][PASSED] - Verifed actule & expected data

2021-03-17 18:05:46 - [TEST_STEP][PASSED] - com.wecomplete.keywords.TestBase.getText(findTestObject("Quote/Quote_Details_Page/Seller_Property_Section/get_Sell_Post_Code"), postCode): Verifed actule & expected data

2021-03-17 18:05:46 - [MESSAGE][INFO] - Get actule text

2021-03-17 18:05:46 - [MESSAGE][PASSED] - Verifed actule & expected data

2021-03-17 18:05:46 - [TEST_STEP][PASSED] - com.wecomplete.keywords.TestBase.getText(findTestObject("Quote/Quote_Details_Page/Seller_Property_Section/get_Sell_Comments"), sellPropertyComments): Verifed actule & expected data

2021-03-17 18:05:47 - [MESSAGE][INFO] - Get actule text

2021-03-17 18:05:47 - [MESSAGE][PASSED] - Verifed actule & expected data

2021-03-17 18:05:47 - [TEST_STEP][PASSED] - Start listener action : sampleAfterTestCase: null

2021-03-17 18:05:47 - [TEST_STEP][PASSED] - println(testCaseContext.getTestCaseId()): null

2021-03-17 18:05:47 - [TEST_STEP][PASSED] - println(testCaseContext.getTestCaseStatus()): null

2021-03-17 18:05:49 - [TEST_STEP][PASSED] - Video: Video recording for test case 'Test Cases/Sanity_Test/TC_005_To verify entered Sell property details on Quote Details page' .

2021-03-17 18:05:49 - [MESSAGE][INFO] - Video recording for test case 'Test Cases/Sanity_Test/TC_005_To verify entered Sell property details on Quote Details page' .
[[ATTACHMENT|C:\Users\Dell\Desktop\WeComplete\Reports\20210317_180152\Sanity Test\20210317_180152/videos\test_5.avi]]]]></system-out>
         <system-err><![CDATA[]]></system-err>
      </testcase>
      <testcase name="Test Cases/Sanity_Test/TC_006_To verify entered Buy Property details on Quote Details page" time="5.354" classname="Test Cases/Sanity_Test/TC_006_To verify entered Buy Property details on Quote Details page" status="PASSED">
         <system-out><![CDATA[2021-03-17 18:05:50 - [TEST_CASE][PASSED] - Test Cases/Sanity_Test/TC_006_To verify entered Buy Property details on Quote Details page: Test Cases/Sanity_Test/TC_006_To verify entered Buy Property details on Quote Details page

2021-03-17 18:05:50 - [TEST_STEP][PASSED] - Start listener action : sampleBeforeTestCase: null

2021-03-17 18:05:50 - [TEST_STEP][PASSED] - println(testCaseContext.getTestCaseId()): null

2021-03-17 18:05:50 - [TEST_STEP][PASSED] - println(testCaseContext.getTestCaseVariables()): null

2021-03-17 18:05:50 - [TEST_STEP][PASSED] - com.wecomplete.keywords.TestBase.getText(findTestObject("Quote/Quote_Details_Page/Buy_Property_Section/get_Buy_Currency"), buyCurrency): Verifed actule & expected data

2021-03-17 18:05:50 - [MESSAGE][INFO] - Get actule text

2021-03-17 18:05:50 - [MESSAGE][PASSED] - Verifed actule & expected data

2021-03-17 18:05:50 - [TEST_STEP][PASSED] - com.wecomplete.keywords.TestBase.getText(findTestObject("Quote/Quote_Details_Page/Buy_Property_Section/get_Buy_Price"), buyPropertyPrice): Verifed actule & expected data

2021-03-17 18:05:51 - [MESSAGE][INFO] - Get actule text

2021-03-17 18:05:51 - [MESSAGE][PASSED] - Verifed actule & expected data

2021-03-17 18:05:51 - [TEST_STEP][PASSED] - com.wecomplete.keywords.TestBase.getText(findTestObject("Quote/Quote_Details_Page/Buy_Property_Section/get_Buy_Post_Code"), postCode): Verifed actule & expected data

2021-03-17 18:05:52 - [MESSAGE][INFO] - Get actule text

2021-03-17 18:05:52 - [MESSAGE][PASSED] - Verifed actule & expected data

2021-03-17 18:05:52 - [TEST_STEP][PASSED] - com.wecomplete.keywords.TestBase.getText(findTestObject("Quote/Quote_Details_Page/Buy_Property_Section/get_Buy_Comments"), buyPropertyComments): Verifed actule & expected data

2021-03-17 18:05:53 - [MESSAGE][INFO] - Get actule text

2021-03-17 18:05:53 - [MESSAGE][PASSED] - Verifed actule & expected data

2021-03-17 18:05:53 - [TEST_STEP][PASSED] - Start listener action : sampleAfterTestCase: null

2021-03-17 18:05:53 - [TEST_STEP][PASSED] - println(testCaseContext.getTestCaseId()): null

2021-03-17 18:05:53 - [TEST_STEP][PASSED] - println(testCaseContext.getTestCaseStatus()): null

2021-03-17 18:05:55 - [TEST_STEP][PASSED] - Video: Video recording for test case 'Test Cases/Sanity_Test/TC_006_To verify entered Buy Property details on Quote Details page' .

2021-03-17 18:05:55 - [MESSAGE][INFO] - Video recording for test case 'Test Cases/Sanity_Test/TC_006_To verify entered Buy Property details on Quote Details page' .
[[ATTACHMENT|C:\Users\Dell\Desktop\WeComplete\Reports\20210317_180152\Sanity Test\20210317_180152/videos\test_6.avi]]]]></system-out>
         <system-err><![CDATA[]]></system-err>
      </testcase>
      <testcase name="Test Cases/Sanity_Test/TC_007_To verify entered Personal details on Quote Details page" time="5.434" classname="Test Cases/Sanity_Test/TC_007_To verify entered Personal details on Quote Details page" status="PASSED">
         <system-out><![CDATA[2021-03-17 18:05:55 - [TEST_CASE][PASSED] - Test Cases/Sanity_Test/TC_007_To verify entered Personal details on Quote Details page: Test Cases/Sanity_Test/TC_007_To verify entered Personal details on Quote Details page

2021-03-17 18:05:55 - [TEST_STEP][PASSED] - Start listener action : sampleBeforeTestCase: null

2021-03-17 18:05:55 - [TEST_STEP][PASSED] - println(testCaseContext.getTestCaseId()): null

2021-03-17 18:05:55 - [TEST_STEP][PASSED] - println(testCaseContext.getTestCaseVariables()): null

2021-03-17 18:05:55 - [TEST_STEP][PASSED] - com.wecomplete.keywords.TestBase.getText(findTestObject("Quote/Quote_Details_Page/Personal_Details_Section/header_Personal_Details"), headerPropertyDetails): Verifed actule & expected data

2021-03-17 18:05:56 - [MESSAGE][INFO] - Get actule text

2021-03-17 18:05:56 - [MESSAGE][PASSED] - Verifed actule & expected data

2021-03-17 18:05:56 - [TEST_STEP][PASSED] - com.wecomplete.keywords.TestBase.getText(findTestObject("Quote/Quote_Details_Page/Personal_Details_Section/get_PrimaryFN"), primaryHFN): Verifed actule & expected data

2021-03-17 18:05:57 - [MESSAGE][INFO] - Get actule text

2021-03-17 18:05:57 - [MESSAGE][PASSED] - Verifed actule & expected data

2021-03-17 18:05:57 - [TEST_STEP][PASSED] - com.wecomplete.keywords.TestBase.getText(findTestObject("Quote/Quote_Details_Page/Personal_Details_Section/get_PrimaryMNO"), primaryMNO): Verifed actule & expected data

2021-03-17 18:05:58 - [MESSAGE][INFO] - Get actule text

2021-03-17 18:05:58 - [MESSAGE][PASSED] - Verifed actule & expected data

2021-03-17 18:05:58 - [TEST_STEP][PASSED] - com.wecomplete.keywords.TestBase.getText(findTestObject("Quote/Quote_Details_Page/Personal_Details_Section/get_PrimaryEID"), primaryEID): Verifed actule & expected data

2021-03-17 18:05:58 - [MESSAGE][INFO] - Get actule text

2021-03-17 18:05:58 - [MESSAGE][PASSED] - Verifed actule & expected data

2021-03-17 18:05:58 - [TEST_STEP][PASSED] - Start listener action : sampleAfterTestCase: null

2021-03-17 18:05:58 - [TEST_STEP][PASSED] - println(testCaseContext.getTestCaseId()): null

2021-03-17 18:05:58 - [TEST_STEP][PASSED] - println(testCaseContext.getTestCaseStatus()): null

2021-03-17 18:06:00 - [TEST_STEP][PASSED] - Video: Video recording for test case 'Test Cases/Sanity_Test/TC_007_To verify entered Personal details on Quote Details page' .

2021-03-17 18:06:00 - [MESSAGE][INFO] - Video recording for test case 'Test Cases/Sanity_Test/TC_007_To verify entered Personal details on Quote Details page' .
[[ATTACHMENT|C:\Users\Dell\Desktop\WeComplete\Reports\20210317_180152\Sanity Test\20210317_180152/videos\test_7.avi]]]]></system-out>
         <system-err><![CDATA[]]></system-err>
      </testcase>
      <testcase name="Test Cases/Sanity_Test/TC_008_To verify Selected Corresponding Address on Quote Details page" time="4.913" classname="Test Cases/Sanity_Test/TC_008_To verify Selected Corresponding Address on Quote Details page" status="PASSED">
         <system-out><![CDATA[2021-03-17 18:06:00 - [TEST_CASE][PASSED] - Test Cases/Sanity_Test/TC_008_To verify Selected Corresponding Address on Quote Details page: Test Cases/Sanity_Test/TC_008_To verify Selected Corresponding Address on Quote Details page

2021-03-17 18:06:00 - [TEST_STEP][PASSED] - Start listener action : sampleBeforeTestCase: null

2021-03-17 18:06:00 - [TEST_STEP][PASSED] - println(testCaseContext.getTestCaseId()): null

2021-03-17 18:06:00 - [TEST_STEP][PASSED] - println(testCaseContext.getTestCaseVariables()): null

2021-03-17 18:06:01 - [TEST_STEP][PASSED] - com.wecomplete.keywords.TestBase.getText(findTestObject("Quote/Quote_Details_Page/Corresponding_Address_Section/get_header_Correspondence Address"), headerAddress): Verifed actule & expected data

2021-03-17 18:06:01 - [MESSAGE][INFO] - Get actule text

2021-03-17 18:06:01 - [MESSAGE][PASSED] - Verifed actule & expected data

2021-03-17 18:06:01 - [TEST_STEP][PASSED] - com.wecomplete.keywords.TestBase.getText(findTestObject("Quote/Quote_Details_Page/Corresponding_Address_Section/get_Post_Code"), postCode): Verifed actule & expected data

2021-03-17 18:06:02 - [MESSAGE][INFO] - Get actule text

2021-03-17 18:06:02 - [MESSAGE][PASSED] - Verifed actule & expected data

2021-03-17 18:06:02 - [TEST_STEP][PASSED] - com.wecomplete.keywords.TestBase.getText(findTestObject("Quote/Quote_Details_Page/Corresponding_Address_Section/get_Address"), address): Verifed actule & expected data

2021-03-17 18:06:03 - [MESSAGE][INFO] - Get actule text

2021-03-17 18:06:03 - [MESSAGE][PASSED] - Verifed actule & expected data

2021-03-17 18:06:03 - [TEST_STEP][PASSED] - com.wecomplete.keywords.TestBase.clickUsingJS(findTestObject("Quote/Quote_Details_Page/btn_Get_Quote"), shortTime): Element has been clicked

2021-03-17 18:06:03 - [MESSAGE][INFO] - Clicking element

2021-03-17 18:06:03 - [MESSAGE][PASSED] - Element has been clicked

2021-03-17 18:06:03 - [TEST_STEP][PASSED] - Start listener action : sampleAfterTestCase: null

2021-03-17 18:06:03 - [TEST_STEP][PASSED] - println(testCaseContext.getTestCaseId()): null

2021-03-17 18:06:03 - [TEST_STEP][PASSED] - println(testCaseContext.getTestCaseStatus()): null

2021-03-17 18:06:05 - [TEST_STEP][PASSED] - Video: Video recording for test case 'Test Cases/Sanity_Test/TC_008_To verify Selected Corresponding Address on Quote Details page' .

2021-03-17 18:06:05 - [MESSAGE][INFO] - Video recording for test case 'Test Cases/Sanity_Test/TC_008_To verify Selected Corresponding Address on Quote Details page' .
[[ATTACHMENT|C:\Users\Dell\Desktop\WeComplete\Reports\20210317_180152\Sanity Test\20210317_180152/videos\test_8.avi]]]]></system-out>
         <system-err><![CDATA[]]></system-err>
      </testcase>
      <testcase name="Test Cases/Sanity_Test/TC_009_To verify that user can view Property section on left side" time="11.802" classname="Test Cases/Sanity_Test/TC_009_To verify that user can view Property section on left side" status="PASSED">
         <system-out><![CDATA[2021-03-17 18:06:05 - [TEST_CASE][PASSED] - Test Cases/Sanity_Test/TC_009_To verify that user can view Property section on left side: Test Cases/Sanity_Test/TC_009_To verify that user can view Property section on left side

2021-03-17 18:06:05 - [TEST_STEP][PASSED] - Start listener action : sampleBeforeTestCase: null

2021-03-17 18:06:05 - [TEST_STEP][PASSED] - println(testCaseContext.getTestCaseId()): null

2021-03-17 18:06:05 - [TEST_STEP][PASSED] - println(testCaseContext.getTestCaseVariables()): null

2021-03-17 18:06:06 - [TEST_STEP][PASSED] - com.wecomplete.keywords.TestBase.isElementPresent(findTestObject("Object Repository/Quote/PriceCompare_Page/header_Pricecompare_Page"), shortTime): Element has been present

2021-03-17 18:06:07 - [MESSAGE][PASSED] - Element has been present

2021-03-17 18:06:07 - [TEST_STEP][PASSED] - if (com.wecomplete.keywords.TestBase.isElementPresent(findTestObject("Object Repository/Quote/PriceCompare_Page/Property_Section/header_Property Details"), shortTime) == true): null

2021-03-17 18:06:08 - [MESSAGE][PASSED] - Element has been present

2021-03-17 18:06:08 - [TEST_STEP][PASSED] - com.wecomplete.keywords.TestBase.getText(findTestObject("Object Repository/Quote/PriceCompare_Page/Property_Section/header_Property Details"), heradrPropertyDetails): Verifed actule & expected data

2021-03-17 18:06:08 - [MESSAGE][INFO] - Get actule text

2021-03-17 18:06:08 - [MESSAGE][PASSED] - Verifed actule & expected data

2021-03-17 18:06:08 - [TEST_STEP][PASSED] - com.wecomplete.keywords.TestBase.getText(findTestObject("Quote/PriceCompare_Page/Property_Section/gettext_Sell_Price_Of_Property"), sellPricetext): Verifed actule & expected data

2021-03-17 18:06:09 - [MESSAGE][INFO] - Get actule text

2021-03-17 18:06:09 - [MESSAGE][PASSED] - Verifed actule & expected data

2021-03-17 18:06:09 - [TEST_STEP][PASSED] - com.wecomplete.keywords.TestBase.getText(findTestObject("Quote/PriceCompare_Page/Property_Section/get_SellBuy_Price"), sellPrice): Verifed actule & expected data

2021-03-17 18:06:10 - [MESSAGE][INFO] - Get actule text

2021-03-17 18:06:10 - [MESSAGE][PASSED] - Verifed actule & expected data

2021-03-17 18:06:10 - [TEST_STEP][PASSED] - com.wecomplete.keywords.TestBase.clickUsingJS(findTestObject("Quote/PriceCompare_Page/Property_Section/btn_Show more"), shortTime): Element has been clicked

2021-03-17 18:06:10 - [MESSAGE][INFO] - Clicking element

2021-03-17 18:06:10 - [MESSAGE][PASSED] - Element has been clicked

2021-03-17 18:06:10 - [TEST_STEP][PASSED] - com.wecomplete.keywords.TestBase.getText(findTestObject("Object Repository/Quote/PriceCompare_Page/Property_Section/get_Sell_Comments"), sellComments): Verifed actule & expected data

2021-03-17 18:06:12 - [MESSAGE][INFO] - Get actule text

2021-03-17 18:06:12 - [MESSAGE][PASSED] - Verifed actule & expected data

2021-03-17 18:06:12 - [TEST_STEP][PASSED] - com.wecomplete.keywords.TestBase.clickUsingJS(findTestObject("Quote/PriceCompare_Page/Property_Section/toggle_Buy"), shortTime): Element has been clicked

2021-03-17 18:06:12 - [MESSAGE][INFO] - Clicking element

2021-03-17 18:06:12 - [MESSAGE][PASSED] - Element has been clicked

2021-03-17 18:06:12 - [TEST_STEP][PASSED] - com.wecomplete.keywords.TestBase.getText(findTestObject("Object Repository/Quote/PriceCompare_Page/Property_Section/getText_Buy_Price_Of_Property"), buyPricetext): Verifed actule & expected data

2021-03-17 18:06:13 - [MESSAGE][INFO] - Get actule text

2021-03-17 18:06:13 - [MESSAGE][PASSED] - Verifed actule & expected data

2021-03-17 18:06:13 - [TEST_STEP][PASSED] - com.wecomplete.keywords.TestBase.getText(findTestObject("Quote/PriceCompare_Page/Property_Section/get_SellBuy_Price"), buyPrice): Verifed actule & expected data

2021-03-17 18:06:14 - [MESSAGE][INFO] - Get actule text

2021-03-17 18:06:14 - [MESSAGE][PASSED] - Verifed actule & expected data

2021-03-17 18:06:14 - [TEST_STEP][PASSED] - com.wecomplete.keywords.TestBase.clickUsingJS(findTestObject("Quote/PriceCompare_Page/Property_Section/btn_Show more"), shortTime): Element has been clicked

2021-03-17 18:06:14 - [MESSAGE][INFO] - Clicking element

2021-03-17 18:06:14 - [MESSAGE][PASSED] - Element has been clicked

2021-03-17 18:06:14 - [TEST_STEP][PASSED] - com.wecomplete.keywords.TestBase.getText(findTestObject("Object Repository/Quote/PriceCompare_Page/Property_Section/get_Buy_Comments"), buyComments): Verifed actule & expected data

2021-03-17 18:06:15 - [MESSAGE][INFO] - Get actule text

2021-03-17 18:06:15 - [MESSAGE][PASSED] - Verifed actule & expected data

2021-03-17 18:06:15 - [TEST_STEP][PASSED] - Start listener action : sampleAfterTestCase: null

2021-03-17 18:06:15 - [TEST_STEP][PASSED] - println(testCaseContext.getTestCaseId()): null

2021-03-17 18:06:15 - [TEST_STEP][PASSED] - println(testCaseContext.getTestCaseStatus()): null

2021-03-17 18:06:17 - [TEST_STEP][PASSED] - Video: Video recording for test case 'Test Cases/Sanity_Test/TC_009_To verify that user can view Property section on left side' .

2021-03-17 18:06:17 - [MESSAGE][INFO] - Video recording for test case 'Test Cases/Sanity_Test/TC_009_To verify that user can view Property section on left side' .
[[ATTACHMENT|C:\Users\Dell\Desktop\WeComplete\Reports\20210317_180152\Sanity Test\20210317_180152/videos\test_9.avi]]]]></system-out>
         <system-err><![CDATA[]]></system-err>
      </testcase>
      <testcase name="Test Cases/Sanity_Test/TC_010_Verify that user can edit sell property details" time="16.798" classname="Test Cases/Sanity_Test/TC_010_Verify that user can edit sell property details" status="PASSED">
         <system-out><![CDATA[2021-03-17 18:06:17 - [TEST_CASE][PASSED] - Test Cases/Sanity_Test/TC_010_Verify that user can edit sell property details: Test Cases/Sanity_Test/TC_010_Verify that user can edit sell property details

2021-03-17 18:06:17 - [TEST_STEP][PASSED] - Start listener action : sampleBeforeTestCase: null

2021-03-17 18:06:17 - [TEST_STEP][PASSED] - println(testCaseContext.getTestCaseId()): null

2021-03-17 18:06:17 - [TEST_STEP][PASSED] - println(testCaseContext.getTestCaseVariables()): null

2021-03-17 18:06:18 - [TEST_STEP][PASSED] - com.wecomplete.keywords.TestBase.clickUsingJS(findTestObject("Quote/PriceCompare_Page/Property_Section/toggle_Sell"), shortTime): Element has been clicked

2021-03-17 18:06:18 - [MESSAGE][INFO] - Clicking element

2021-03-17 18:06:18 - [MESSAGE][PASSED] - Element has been clicked

2021-03-17 18:06:18 - [TEST_STEP][PASSED] - com.wecomplete.keywords.TestBase.clickUsingJS(findTestObject("Quote/PriceCompare_Page/Property_Section/btn_Edit the info"), shortTime): Element has been clicked

2021-03-17 18:06:19 - [MESSAGE][INFO] - Clicking element

2021-03-17 18:06:19 - [MESSAGE][PASSED] - Element has been clicked

2021-03-17 18:06:19 - [TEST_STEP][PASSED] - if (com.wecomplete.keywords.TestBase.isElementPresent(findTestObject("Object Repository/Quote/PriceCompare_Page/Property_Section/header_Sell and Buy pop up"), shortTime) == true): null

2021-03-17 18:06:21 - [MESSAGE][PASSED] - Element has been present

2021-03-17 18:06:21 - [TEST_STEP][PASSED] - com.wecomplete.keywords.TestBase.isElementPresent(findTestObject("Object Repository/Quote/PriceCompare_Page/Property_Section/header_ Selling Property Details"), shortTime): Element has been present

2021-03-17 18:06:21 - [MESSAGE][PASSED] - Element has been present

2021-03-17 18:06:21 - [TEST_STEP][PASSED] - com.wecomplete.keywords.TestBase.sendkeyElement(findTestObject("Object Repository/Quote/Selling_Property_Details_Page/input_Price_Of_Property"), editSellPrice): Sendkey value has been send

2021-03-17 18:06:25 - [MESSAGE][PASSED] - Element has been cleared

2021-03-17 18:06:28 - [MESSAGE][PASSED] - Sendkey value has been send

2021-03-17 18:06:28 - [TEST_STEP][PASSED] - com.wecomplete.keywords.TestBase.clickUsingJS(findTestObject("Object Repository/Quote/PriceCompare_Page/Property_Section/btn_Update Quote"), shortTime): Element has been clicked

2021-03-17 18:06:29 - [MESSAGE][INFO] - Clicking element

2021-03-17 18:06:29 - [MESSAGE][PASSED] - Element has been clicked

2021-03-17 18:06:29 - [TEST_STEP][PASSED] - com.wecomplete.keywords.TestBase.getText(findTestObject("Object Repository/Quote/PriceCompare_Page/Property_Section/get_SellBuy_Price"), editSellPrice): Verifed actule & expected data

2021-03-17 18:06:32 - [MESSAGE][INFO] - Get actule text

2021-03-17 18:06:32 - [MESSAGE][PASSED] - Verifed actule & expected data

2021-03-17 18:06:32 - [TEST_STEP][PASSED] - Start listener action : sampleAfterTestCase: null

2021-03-17 18:06:32 - [TEST_STEP][PASSED] - println(testCaseContext.getTestCaseId()): null

2021-03-17 18:06:32 - [TEST_STEP][PASSED] - println(testCaseContext.getTestCaseStatus()): null

2021-03-17 18:06:34 - [TEST_STEP][PASSED] - Video: Video recording for test case 'Test Cases/Sanity_Test/TC_010_Verify that user can edit sell property details' .

2021-03-17 18:06:34 - [MESSAGE][INFO] - Video recording for test case 'Test Cases/Sanity_Test/TC_010_Verify that user can edit sell property details' .
[[ATTACHMENT|C:\Users\Dell\Desktop\WeComplete\Reports\20210317_180152\Sanity Test\20210317_180152/videos\test_10.avi]]]]></system-out>
         <system-err><![CDATA[]]></system-err>
      </testcase>
      <testcase name="Test Cases/Sanity_Test/TC_011_Verify that user can edit Buy property details" time="16.804" classname="Test Cases/Sanity_Test/TC_011_Verify that user can edit Buy property details" status="PASSED">
         <system-out><![CDATA[2021-03-17 18:06:34 - [TEST_CASE][PASSED] - Test Cases/Sanity_Test/TC_011_Verify that user can edit Buy property details: Test Cases/Sanity_Test/TC_011_Verify that user can edit Buy property details

2021-03-17 18:06:34 - [TEST_STEP][PASSED] - Start listener action : sampleBeforeTestCase: null

2021-03-17 18:06:34 - [TEST_STEP][PASSED] - println(testCaseContext.getTestCaseId()): null

2021-03-17 18:06:34 - [TEST_STEP][PASSED] - println(testCaseContext.getTestCaseVariables()): null

2021-03-17 18:06:34 - [TEST_STEP][PASSED] - com.wecomplete.keywords.TestBase.clickUsingJS(findTestObject("Object Repository/Quote/PriceCompare_Page/Property_Section/toggle_Buy"), shortTime): Element has been clicked

2021-03-17 18:06:35 - [MESSAGE][INFO] - Clicking element

2021-03-17 18:06:35 - [MESSAGE][PASSED] - Element has been clicked

2021-03-17 18:06:35 - [TEST_STEP][PASSED] - com.wecomplete.keywords.TestBase.clickUsingJS(findTestObject("Quote/PriceCompare_Page/Property_Section/btn_Edit the info"), shortTime): Element has been clicked

2021-03-17 18:06:36 - [MESSAGE][INFO] - Clicking element

2021-03-17 18:06:36 - [MESSAGE][PASSED] - Element has been clicked

2021-03-17 18:06:36 - [TEST_STEP][PASSED] - if (com.wecomplete.keywords.TestBase.isElementPresent(findTestObject("Object Repository/Quote/PriceCompare_Page/Property_Section/header_Sell and Buy pop up"), shortTime) == true): null

2021-03-17 18:06:37 - [MESSAGE][PASSED] - Element has been present

2021-03-17 18:06:37 - [TEST_STEP][PASSED] - com.wecomplete.keywords.TestBase.isElementPresent(findTestObject("Object Repository/Quote/PriceCompare_Page/Property_Section/header_ Buying Property Details"), shortTime): Element has been present

2021-03-17 18:06:37 - [MESSAGE][PASSED] - Element has been present

2021-03-17 18:06:37 - [TEST_STEP][PASSED] - com.wecomplete.keywords.TestBase.sendkeyElement(findTestObject("Object Repository/Quote/Selling_Property_Details_Page/input_Price_Of_Property"), editBuyPrice): Sendkey value has been send

2021-03-17 18:06:41 - [MESSAGE][PASSED] - Element has been cleared

2021-03-17 18:06:45 - [MESSAGE][PASSED] - Sendkey value has been send

2021-03-17 18:06:45 - [TEST_STEP][PASSED] - com.wecomplete.keywords.TestBase.clickUsingJS(findTestObject("Object Repository/Quote/PriceCompare_Page/Property_Section/btn_Update Quote"), shortTime): Element has been clicked

2021-03-17 18:06:45 - [MESSAGE][INFO] - Clicking element

2021-03-17 18:06:45 - [MESSAGE][PASSED] - Element has been clicked

2021-03-17 18:06:45 - [TEST_STEP][PASSED] - com.wecomplete.keywords.TestBase.clickUsingJS(findTestObject("Object Repository/Quote/PriceCompare_Page/Property_Section/toggle_Buy"), shortTime): Element has been clicked

2021-03-17 18:06:47 - [MESSAGE][INFO] - Clicking element

2021-03-17 18:06:47 - [MESSAGE][PASSED] - Element has been clicked

2021-03-17 18:06:47 - [TEST_STEP][PASSED] - com.wecomplete.keywords.TestBase.getText(findTestObject("Object Repository/Quote/PriceCompare_Page/Property_Section/get_SellBuy_Price"), editBuyPrice): Verifed actule & expected data

2021-03-17 18:06:49 - [MESSAGE][INFO] - Get actule text

2021-03-17 18:06:49 - [MESSAGE][PASSED] - Verifed actule & expected data

2021-03-17 18:06:49 - [TEST_STEP][PASSED] - Start listener action : sampleAfterTestCase: null

2021-03-17 18:06:49 - [TEST_STEP][PASSED] - println(testCaseContext.getTestCaseId()): null

2021-03-17 18:06:49 - [TEST_STEP][PASSED] - println(testCaseContext.getTestCaseStatus()): null

2021-03-17 18:06:51 - [TEST_STEP][PASSED] - Video: Video recording for test case 'Test Cases/Sanity_Test/TC_011_Verify that user can edit Buy property details' .

2021-03-17 18:06:51 - [MESSAGE][INFO] - Video recording for test case 'Test Cases/Sanity_Test/TC_011_Verify that user can edit Buy property details' .
[[ATTACHMENT|C:\Users\Dell\Desktop\WeComplete\Reports\20210317_180152\Sanity Test\20210317_180152/videos\test_11.avi]]]]></system-out>
         <system-err><![CDATA[]]></system-err>
      </testcase>
      <testcase name="Test Cases/Sanity_Test/TC_012_Verify that user can view Sell Fee structure" time="11.629" classname="Test Cases/Sanity_Test/TC_012_Verify that user can view Sell Fee structure" status="PASSED">
         <system-out><![CDATA[2021-03-17 18:06:51 - [TEST_CASE][PASSED] - Test Cases/Sanity_Test/TC_012_Verify that user can view Sell Fee structure: Test Cases/Sanity_Test/TC_012_Verify that user can view Sell Fee structure

2021-03-17 18:06:51 - [TEST_STEP][PASSED] - Start listener action : sampleBeforeTestCase: null

2021-03-17 18:06:51 - [TEST_STEP][PASSED] - println(testCaseContext.getTestCaseId()): null

2021-03-17 18:06:51 - [TEST_STEP][PASSED] - println(testCaseContext.getTestCaseVariables()): null

2021-03-17 18:06:51 - [TEST_STEP][PASSED] - if (com.wecomplete.keywords.TestBase.isElementPresent(findTestObject("Object Repository/Quote/PriceCompare_Page/text_Total Fees"), shortTime) == true): null

2021-03-17 18:06:52 - [MESSAGE][PASSED] - Element has been present

2021-03-17 18:06:52 - [TEST_STEP][PASSED] - com.wecomplete.keywords.TestBase.clickUsingJS(findTestObject("Object Repository/Quote/PriceCompare_Page/View_Details"), shortTime): Element has been clicked

2021-03-17 18:06:52 - [MESSAGE][INFO] - Clicking element

2021-03-17 18:06:52 - [MESSAGE][PASSED] - Element has been clicked

2021-03-17 18:06:52 - [TEST_STEP][PASSED] - com.wecomplete.keywords.TestBase.isElementPresent(findTestObject("Object Repository/Quote/PriceCompare_Page/Sell_Buy_Fees_On_Table"), shortTime): Element has been present

2021-03-17 18:06:53 - [MESSAGE][PASSED] - Element has been present

2021-03-17 18:06:53 - [TEST_STEP][PASSED] - com.wecomplete.keywords.TestBase.clickUsingJS(findTestObject("Quote/PriceCompare_Page/Fees_Table/Buy_Fee_toggle_on_Table"), shortTime): Element has been clicked

2021-03-17 18:06:54 - [MESSAGE][INFO] - Clicking element

2021-03-17 18:06:54 - [MESSAGE][PASSED] - Element has been clicked

2021-03-17 18:06:54 - [TEST_STEP][PASSED] - com.wecomplete.keywords.TestBase.isElementPresent(findTestObject("Object Repository/Quote/PriceCompare_Page/Sell_Buy_Fees_On_Table"), shortTime): Element has been present

2021-03-17 18:06:55 - [MESSAGE][PASSED] - Element has been present

2021-03-17 18:06:55 - [TEST_STEP][PASSED] - com.wecomplete.keywords.TestBase.clickUsingJS(findTestObject("Quote/PriceCompare_Page/Fees_Table/Sell_Fee_toggle_on_Table"), shortTime): Element has been clicked

2021-03-17 18:06:55 - [MESSAGE][INFO] - Clicking element

2021-03-17 18:06:55 - [MESSAGE][PASSED] - Element has been clicked

2021-03-17 18:06:55 - [TEST_STEP][PASSED] - com.wecomplete.keywords.TestBase.getText(findTestObject("Quote/PriceCompare_Page/Fees_Table/Column_Professional Fees"), professionalFees): Verifed actule & expected data

2021-03-17 18:06:56 - [MESSAGE][INFO] - Get actule text

2021-03-17 18:06:56 - [MESSAGE][PASSED] - Verifed actule & expected data

2021-03-17 18:06:56 - [TEST_STEP][PASSED] - com.wecomplete.keywords.TestBase.getText(findTestObject("Quote/PriceCompare_Page/Fees_Table/column_NET"), net): Verifed actule & expected data

2021-03-17 18:06:57 - [MESSAGE][INFO] - Get actule text

2021-03-17 18:06:57 - [MESSAGE][PASSED] - Verifed actule & expected data

2021-03-17 18:06:57 - [TEST_STEP][PASSED] - com.wecomplete.keywords.TestBase.getText(findTestObject("Quote/PriceCompare_Page/Fees_Table/column_VAT"), vat): Verifed actule & expected data

2021-03-17 18:06:58 - [MESSAGE][INFO] - Get actule text

2021-03-17 18:06:58 - [MESSAGE][PASSED] - Verifed actule & expected data

2021-03-17 18:06:58 - [TEST_STEP][PASSED] - com.wecomplete.keywords.TestBase.getText(findTestObject("Quote/PriceCompare_Page/Fees_Table/column_GROSS"), gross): Verifed actule & expected data

2021-03-17 18:06:58 - [MESSAGE][INFO] - Get actule text

2021-03-17 18:06:58 - [MESSAGE][PASSED] - Verifed actule & expected data

2021-03-17 18:06:58 - [TEST_STEP][PASSED] - com.wecomplete.keywords.TestBase.getText(findTestObject("Quote/PriceCompare_Page/Fees_Table/column_Third Party Disbursements"), thirdPartyDisbursements): Verifed actule & expected data

2021-03-17 18:06:59 - [MESSAGE][INFO] - Get actule text

2021-03-17 18:06:59 - [MESSAGE][PASSED] - Verifed actule & expected data

2021-03-17 18:06:59 - [TEST_STEP][PASSED] - com.wecomplete.keywords.TestBase.getText(findTestObject("Quote/PriceCompare_Page/Fees_Table/column_Selling Total"), sellingTotal): Verifed actule & expected data

2021-03-17 18:07:00 - [MESSAGE][INFO] - Get actule text

2021-03-17 18:07:00 - [MESSAGE][PASSED] - Verifed actule & expected data

2021-03-17 18:07:00 - [TEST_STEP][PASSED] - com.wecomplete.keywords.TestBase.getText(findTestObject("Quote/PriceCompare_Page/Fees_Table/column_Selling Buying Total"), sellbuyTotal): Verifed actule & expected data

2021-03-17 18:07:01 - [MESSAGE][INFO] - Get actule text

2021-03-17 18:07:01 - [MESSAGE][PASSED] - Verifed actule & expected data

2021-03-17 18:07:01 - [TEST_STEP][PASSED] - Start listener action : sampleAfterTestCase: null

2021-03-17 18:07:01 - [TEST_STEP][PASSED] - println(testCaseContext.getTestCaseId()): null

2021-03-17 18:07:01 - [TEST_STEP][PASSED] - println(testCaseContext.getTestCaseStatus()): null

2021-03-17 18:07:03 - [TEST_STEP][PASSED] - Video: Video recording for test case 'Test Cases/Sanity_Test/TC_012_Verify that user can view Sell Fee structure' .

2021-03-17 18:07:03 - [MESSAGE][INFO] - Video recording for test case 'Test Cases/Sanity_Test/TC_012_Verify that user can view Sell Fee structure' .
[[ATTACHMENT|C:\Users\Dell\Desktop\WeComplete\Reports\20210317_180152\Sanity Test\20210317_180152/videos\test_12.avi]]]]></system-out>
         <system-err><![CDATA[]]></system-err>
      </testcase>
      <testcase name="Test Cases/Sanity_Test/TC_013_Verify that user can view BuyFee structure" time="8.373" classname="Test Cases/Sanity_Test/TC_013_Verify that user can view BuyFee structure" status="PASSED">
         <system-out><![CDATA[2021-03-17 18:07:03 - [TEST_CASE][PASSED] - Test Cases/Sanity_Test/TC_013_Verify that user can view BuyFee structure: Test Cases/Sanity_Test/TC_013_Verify that user can view BuyFee structure

2021-03-17 18:07:03 - [TEST_STEP][PASSED] - Start listener action : sampleBeforeTestCase: null

2021-03-17 18:07:03 - [TEST_STEP][PASSED] - println(testCaseContext.getTestCaseId()): null

2021-03-17 18:07:03 - [TEST_STEP][PASSED] - println(testCaseContext.getTestCaseVariables()): null

2021-03-17 18:07:03 - [TEST_STEP][PASSED] - com.wecomplete.keywords.TestBase.clickUsingJS(findTestObject("Quote/PriceCompare_Page/Fees_Table/Buy_Fee_toggle_on_Table"), shortTime): Element has been clicked

2021-03-17 18:07:03 - [MESSAGE][INFO] - Clicking element

2021-03-17 18:07:03 - [MESSAGE][PASSED] - Element has been clicked

2021-03-17 18:07:03 - [TEST_STEP][PASSED] - com.wecomplete.keywords.TestBase.isElementPresent(findTestObject("Object Repository/Quote/PriceCompare_Page/Sell_Buy_Fees_On_Table"), shortTime): Element has been present

2021-03-17 18:07:04 - [MESSAGE][PASSED] - Element has been present

2021-03-17 18:07:04 - [TEST_STEP][PASSED] - com.wecomplete.keywords.TestBase.getText(findTestObject("Quote/PriceCompare_Page/Fees_Table/Column_Professional Fees"), professionalFees): Verifed actule & expected data

2021-03-17 18:07:05 - [MESSAGE][INFO] - Get actule text

2021-03-17 18:07:05 - [MESSAGE][PASSED] - Verifed actule & expected data

2021-03-17 18:07:05 - [TEST_STEP][PASSED] - com.wecomplete.keywords.TestBase.getText(findTestObject("Quote/PriceCompare_Page/Fees_Table/column_NET"), net): Verifed actule & expected data

2021-03-17 18:07:06 - [MESSAGE][INFO] - Get actule text

2021-03-17 18:07:06 - [MESSAGE][PASSED] - Verifed actule & expected data

2021-03-17 18:07:06 - [TEST_STEP][PASSED] - com.wecomplete.keywords.TestBase.getText(findTestObject("Quote/PriceCompare_Page/Fees_Table/column_VAT"), vat): Verifed actule & expected data

2021-03-17 18:07:06 - [MESSAGE][INFO] - Get actule text

2021-03-17 18:07:06 - [MESSAGE][PASSED] - Verifed actule & expected data

2021-03-17 18:07:06 - [TEST_STEP][PASSED] - com.wecomplete.keywords.TestBase.getText(findTestObject("Quote/PriceCompare_Page/Fees_Table/column_GROSS"), gross): Verifed actule & expected data

2021-03-17 18:07:07 - [MESSAGE][INFO] - Get actule text

2021-03-17 18:07:07 - [MESSAGE][PASSED] - Verifed actule & expected data

2021-03-17 18:07:07 - [TEST_STEP][PASSED] - com.wecomplete.keywords.TestBase.getText(findTestObject("Quote/PriceCompare_Page/Fees_Table/column_Third Party Disbursements"), thirdPartyDisbursements): Verifed actule & expected data

2021-03-17 18:07:08 - [MESSAGE][INFO] - Get actule text

2021-03-17 18:07:08 - [MESSAGE][PASSED] - Verifed actule & expected data

2021-03-17 18:07:08 - [TEST_STEP][PASSED] - com.wecomplete.keywords.TestBase.getText(findTestObject("Quote/PriceCompare_Page/Fees_Table/column_Stamp duty"), stampDuty): Verifed actule & expected data

2021-03-17 18:07:09 - [MESSAGE][INFO] - Get actule text

2021-03-17 18:07:09 - [MESSAGE][PASSED] - Verifed actule & expected data

2021-03-17 18:07:09 - [TEST_STEP][PASSED] - com.wecomplete.keywords.TestBase.clickUsingJS(findTestObject("Quote/PriceCompare_Page/Fees_Table/btn_Close Icon"), shortTime): Element has been clicked

2021-03-17 18:07:09 - [MESSAGE][INFO] - Clicking element

2021-03-17 18:07:09 - [MESSAGE][PASSED] - Element has been clicked

2021-03-17 18:07:09 - [TEST_STEP][PASSED] - Start listener action : sampleAfterTestCase: null

2021-03-17 18:07:09 - [TEST_STEP][PASSED] - println(testCaseContext.getTestCaseId()): null

2021-03-17 18:07:09 - [TEST_STEP][PASSED] - println(testCaseContext.getTestCaseStatus()): null

2021-03-17 18:07:11 - [TEST_STEP][PASSED] - Video: Video recording for test case 'Test Cases/Sanity_Test/TC_013_Verify that user can view BuyFee structure' .

2021-03-17 18:07:11 - [MESSAGE][INFO] - Video recording for test case 'Test Cases/Sanity_Test/TC_013_Verify that user can view BuyFee structure' .
[[ATTACHMENT|C:\Users\Dell\Desktop\WeComplete\Reports\20210317_180152\Sanity Test\20210317_180152/videos\test_13.avi]]]]></system-out>
         <system-err><![CDATA[]]></system-err>
      </testcase>
      <testcase name="Test Cases/Sanity_Test/TC_014_Verify that email quote functionality" time="28.016" classname="Test Cases/Sanity_Test/TC_014_Verify that email quote functionality" status="PASSED">
         <system-out><![CDATA[2021-03-17 18:07:11 - [TEST_CASE][PASSED] - Test Cases/Sanity_Test/TC_014_Verify that email quote functionality: Test Cases/Sanity_Test/TC_014_Verify that email quote functionality

2021-03-17 18:07:11 - [TEST_STEP][PASSED] - Start listener action : sampleBeforeTestCase: null

2021-03-17 18:07:11 - [TEST_STEP][PASSED] - println(testCaseContext.getTestCaseId()): null

2021-03-17 18:07:11 - [TEST_STEP][PASSED] - println(testCaseContext.getTestCaseVariables()): null

2021-03-17 18:07:11 - [TEST_STEP][PASSED] - if (com.wecomplete.keywords.TestBase.isElementPresent(findTestObject("Object Repository/Quote/PriceCompare_Page/btn_Email Quote"), shortTime) == true): null

2021-03-17 18:07:12 - [MESSAGE][PASSED] - Element has been present

2021-03-17 18:07:12 - [TEST_STEP][PASSED] - com.wecomplete.keywords.TestBase.clickUsingJS(findTestObject("Quote/PriceCompare_Page/btn_Email Quote"), shortTime): Element has been clicked

2021-03-17 18:07:13 - [MESSAGE][INFO] - Clicking element

2021-03-17 18:07:13 - [MESSAGE][PASSED] - Element has been clicked

2021-03-17 18:07:13 - [TEST_STEP][PASSED] - com.wecomplete.keywords.TestBase.isElementPresent(findTestObject("Quote/Email_Quote_Page/Header_Email_Quote"), shortTime): Element has been present

2021-03-17 18:07:26 - [MESSAGE][PASSED] - Element has been present

2021-03-17 18:07:26 - [TEST_STEP][PASSED] - com.wecomplete.keywords.TestBase.getText(findTestObject("Quote/Email_Quote_Page/get_Email_sent_successfully"), emailsentMSG): Verifed actule & expected data

2021-03-17 18:07:27 - [MESSAGE][INFO] - Get actule text

2021-03-17 18:07:27 - [MESSAGE][PASSED] - Verifed actule & expected data

2021-03-17 18:07:27 - [TEST_STEP][PASSED] - com.wecomplete.keywords.TestBase.getText(findTestObject("Quote/Email_Quote_Page/get_Email_Quote_details"), emailQuoteDetails): Verifed actule & expected data

2021-03-17 18:07:28 - [MESSAGE][INFO] - Get actule text

2021-03-17 18:07:28 - [MESSAGE][PASSED] - Verifed actule & expected data

2021-03-17 18:07:28 - [TEST_STEP][PASSED] - com.wecomplete.keywords.TestBase.clickUsingJS(findTestObject("Quote/Email_Quote_Page/btn_Return to your quotes"), shortTime): Element has been clicked

2021-03-17 18:07:28 - [MESSAGE][INFO] - Clicking element

2021-03-17 18:07:28 - [MESSAGE][PASSED] - Element has been clicked

2021-03-17 18:07:28 - [TEST_STEP][PASSED] - refresh(): Refresh successfully

2021-03-17 18:07:35 - [MESSAGE][PASSED] - Refresh successfully

2021-03-17 18:07:35 - [TEST_STEP][PASSED] - com.wecomplete.keywords.TestBase.isElementPresent(findTestObject("Object Repository/Quote/PriceCompare_Page/header_Pricecompare_Page"), shortTime): Element has been present

2021-03-17 18:07:37 - [MESSAGE][PASSED] - Element has been present

2021-03-17 18:07:37 - [TEST_STEP][PASSED] - Start listener action : sampleAfterTestCase: null

2021-03-17 18:07:37 - [TEST_STEP][PASSED] - println(testCaseContext.getTestCaseId()): null

2021-03-17 18:07:37 - [TEST_STEP][PASSED] - println(testCaseContext.getTestCaseStatus()): null

2021-03-17 18:07:39 - [TEST_STEP][PASSED] - Video: Video recording for test case 'Test Cases/Sanity_Test/TC_014_Verify that email quote functionality' .

2021-03-17 18:07:39 - [MESSAGE][INFO] - Video recording for test case 'Test Cases/Sanity_Test/TC_014_Verify that email quote functionality' .
[[ATTACHMENT|C:\Users\Dell\Desktop\WeComplete\Reports\20210317_180152\Sanity Test\20210317_180152/videos\test_14.avi]]]]></system-out>
         <system-err><![CDATA[]]></system-err>
      </testcase>
      <testcase name="Test Cases/Sanity_Test/TC_015_Verify that user can instruct the created quote" time="41.368" classname="Test Cases/Sanity_Test/TC_015_Verify that user can instruct the created quote" status="PASSED">
         <system-out><![CDATA[2021-03-17 18:07:39 - [TEST_CASE][PASSED] - Test Cases/Sanity_Test/TC_015_Verify that user can instruct the created quote: Test Cases/Sanity_Test/TC_015_Verify that user can instruct the created quote

2021-03-17 18:07:39 - [TEST_STEP][PASSED] - Start listener action : sampleBeforeTestCase: null

2021-03-17 18:07:39 - [TEST_STEP][PASSED] - println(testCaseContext.getTestCaseId()): null

2021-03-17 18:07:39 - [TEST_STEP][PASSED] - println(testCaseContext.getTestCaseVariables()): null

2021-03-17 18:07:39 - [TEST_STEP][PASSED] - com.wecomplete.keywords.TestBase.isElementPresent(findTestObject("Object Repository/Quote/PriceCompare_Page/header_Pricecompare_Page"), shortTime): Element has been present

2021-03-17 18:07:40 - [MESSAGE][PASSED] - Element has been present

2021-03-17 18:07:40 - [TEST_STEP][PASSED] - if (com.wecomplete.keywords.TestBase.isElementPresent(findTestObject("Object Repository/Quote/PriceCompare_Page/btn_Instruct Us"), shortTime) == true): null

2021-03-17 18:07:41 - [MESSAGE][PASSED] - Element has been present

2021-03-17 18:07:41 - [TEST_STEP][PASSED] - com.wecomplete.keywords.TestBase.clickUsingJS(findTestObject("Quote/PriceCompare_Page/btn_Instruct Us"), shortTime): Element has been clicked

2021-03-17 18:07:41 - [MESSAGE][INFO] - Clicking element

2021-03-17 18:07:41 - [MESSAGE][PASSED] - Element has been clicked

2021-03-17 18:07:41 - [TEST_STEP][PASSED] - delay(30): Delayed 30 second(s)

2021-03-17 18:08:11 - [MESSAGE][PASSED] - Delayed 30 second(s)

2021-03-17 18:08:11 - [TEST_STEP][PASSED] - com.wecomplete.keywords.TestBase.isElementPresent(findTestObject("Object Repository/Quote/Instruct_Us_Page/header_Instructed Page"), shortTime): Element has been present

2021-03-17 18:08:18 - [MESSAGE][PASSED] - Element has been present

2021-03-17 18:08:18 - [TEST_STEP][PASSED] - Start listener action : sampleAfterTestCase: null

2021-03-17 18:08:18 - [TEST_STEP][PASSED] - println(testCaseContext.getTestCaseId()): null

2021-03-17 18:08:18 - [TEST_STEP][PASSED] - println(testCaseContext.getTestCaseStatus()): null

2021-03-17 18:08:20 - [TEST_STEP][PASSED] - Video: Video recording for test case 'Test Cases/Sanity_Test/TC_015_Verify that user can instruct the created quote' .

2021-03-17 18:08:20 - [MESSAGE][INFO] - Video recording for test case 'Test Cases/Sanity_Test/TC_015_Verify that user can instruct the created quote' .
[[ATTACHMENT|C:\Users\Dell\Desktop\WeComplete\Reports\20210317_180152\Sanity Test\20210317_180152/videos\test_15.avi]]]]></system-out>
         <system-err><![CDATA[]]></system-err>
      </testcase>
      <testcase name="Test Cases/Sanity_Test/TC_016_Verify that User can view created quote on dashboard" time="54.743" classname="Test Cases/Sanity_Test/TC_016_Verify that User can view created quote on dashboard" status="PASSED">
         <system-out><![CDATA[2021-03-17 18:08:20 - [TEST_CASE][PASSED] - Test Cases/Sanity_Test/TC_016_Verify that User can view created quote on dashboard: Test Cases/Sanity_Test/TC_016_Verify that User can view created quote on dashboard

2021-03-17 18:08:21 - [TEST_STEP][PASSED] - Start listener action : sampleBeforeTestCase: null

2021-03-17 18:08:21 - [TEST_STEP][PASSED] - println(testCaseContext.getTestCaseId()): null

2021-03-17 18:08:21 - [TEST_STEP][PASSED] - println(testCaseContext.getTestCaseVariables()): null

2021-03-17 18:08:21 - [TEST_STEP][PASSED] - callTestCase(findTestCase("common_test _cases/login_Page"), ["headerDashboard":headerDashboard, "loginId":User1, "Password":Password], STOP_ON_FAILURE): Call Test Case 'Test Cases/common_test _cases/login_Page' successfully

2021-03-17 18:08:21 - [TEST_CASE][PASSED] - Test Cases/common_test _cases/login_Page: Test Cases/common_test _cases/login_Page

2021-03-17 18:08:21 - [TEST_STEP][PASSED] - navigateToUrl(baseurl + "/ph", STOP_ON_FAILURE): Navigate to 'https://imovehome.icompleteonline.co.uk/ph' successfully

2021-03-17 18:08:29 - [MESSAGE][PASSED] - Navigate to 'https://imovehome.icompleteonline.co.uk/ph' successfully

2021-03-17 18:08:29 - [TEST_STEP][PASSED] - com.wecomplete.keywords.TestBase.isElementPresent(findTestObject("Object Repository/login_Page/tab_login"), shortTime): Element has been present

2021-03-17 18:08:30 - [MESSAGE][PASSED] - Element has been present

2021-03-17 18:08:30 - [TEST_STEP][PASSED] - com.wecomplete.keywords.TestBase.isElementPresent(findTestObject("Object Repository/login_Page/header_login"), shortTime): Element has been present

2021-03-17 18:08:31 - [MESSAGE][PASSED] - Element has been present

2021-03-17 18:08:31 - [TEST_STEP][PASSED] - com.wecomplete.keywords.TestBase.sendkeyElement(findTestObject("Object Repository/login_Page/input_login_id"), loginId): Sendkey value has been send

2021-03-17 18:08:34 - [MESSAGE][PASSED] - Element has been cleared

2021-03-17 18:08:38 - [MESSAGE][PASSED] - Sendkey value has been send

2021-03-17 18:08:38 - [TEST_STEP][PASSED] - com.wecomplete.keywords.TestBase.sendkeyElement(findTestObject("Object Repository/login_Page/input_Password"), Password): Sendkey value has been send

2021-03-17 18:08:41 - [MESSAGE][PASSED] - Element has been cleared

2021-03-17 18:08:44 - [MESSAGE][PASSED] - Sendkey value has been send

2021-03-17 18:08:44 - [TEST_STEP][PASSED] - click(findTestObject("login_Page/btn_login")): Object: 'Object Repository/login_Page/btn_login' is clicked on

2021-03-17 18:08:48 - [MESSAGE][PASSED] - Object: 'Object Repository/login_Page/btn_login' is clicked on

2021-03-17 18:08:48 - [TEST_STEP][PASSED] - delay(7): Delayed 7 second(s)

2021-03-17 18:08:55 - [MESSAGE][PASSED] - Delayed 7 second(s)

2021-03-17 18:08:55 - [TEST_STEP][PASSED] - com.wecomplete.keywords.TestBase.getText(findTestObject("Dashborad/header_Dashboard"), headerDashboard): Verifed actule & expected data

2021-03-17 18:09:00 - [MESSAGE][INFO] - Get actule text

2021-03-17 18:09:00 - [MESSAGE][PASSED] - Verifed actule & expected data

2021-03-17 18:09:00 - [MESSAGE][PASSED] - Call Test Case 'Test Cases/common_test _cases/login_Page' successfully

2021-03-17 18:09:00 - [TEST_STEP][PASSED] - waitForPageLoad(longTime): Wait for page load successfully

2021-03-17 18:09:01 - [MESSAGE][PASSED] - Wait for page load successfully

2021-03-17 18:09:01 - [TEST_STEP][PASSED] - if (verifyElementPresent(findTestObject("Object Repository/Dashborad/hedaer_Your Recent Propertie"), shortTime) == true): null

2021-03-17 18:09:01 - [MESSAGE][PASSED] - Object 'Object Repository/Dashborad/hedaer_Your Recent Propertie' is present

2021-03-17 18:09:01 - [TEST_STEP][PASSED] - com.wecomplete.keywords.TestBase.isElementPresent(findTestObject("Object Repository/Dashborad/hedaer_Your Recent Propertie"), shortTime): Element has been present

2021-03-17 18:09:02 - [MESSAGE][PASSED] - Element has been present

2021-03-17 18:09:02 - [TEST_STEP][PASSED] - com.wecomplete.keywords.TestBase.getText(findTestObject("Dashborad/get_created_First_Property_Details"), firstPropertyDetails): Verifed actule & expected data

2021-03-17 18:09:03 - [MESSAGE][INFO] - Get actule text

2021-03-17 18:09:03 - [MESSAGE][PASSED] - Verifed actule & expected data

2021-03-17 18:09:03 - [TEST_STEP][PASSED] - com.wecomplete.keywords.TestBase.getText(findTestObject("Object Repository/Dashborad/get_created_Second_Property_Details"), secondPropertyDetails): Verifed actule & expected data

2021-03-17 18:09:03 - [MESSAGE][INFO] - Get actule text

2021-03-17 18:09:03 - [MESSAGE][PASSED] - Verifed actule & expected data

2021-03-17 18:09:03 - [TEST_STEP][PASSED] - if (verifyElementPresent(findTestObject("Object Repository/Dashborad/tab_Quotes Accepted"), shortTime) == true): null

2021-03-17 18:09:04 - [MESSAGE][PASSED] - Object 'Object Repository/Dashborad/tab_Quotes Accepted' is present

2021-03-17 18:09:04 - [TEST_STEP][PASSED] - delay(5): Delayed 5 second(s)

2021-03-17 18:09:09 - [MESSAGE][PASSED] - Delayed 5 second(s)

2021-03-17 18:09:09 - [TEST_STEP][PASSED] - com.wecomplete.keywords.TestBase.clickUsingJS(findTestObject("Object Repository/Dashborad/tab_Quotes Accepted"), shortTime): Element has been clicked

2021-03-17 18:09:10 - [MESSAGE][INFO] - Clicking element

2021-03-17 18:09:10 - [MESSAGE][PASSED] - Element has been clicked

2021-03-17 18:09:10 - [TEST_STEP][PASSED] - com.wecomplete.keywords.TestBase.getText(findTestObject("Object Repository/Dashborad/get_first_Quote_on_tab"), firstPropertyDetails): Verifed actule & expected data

2021-03-17 18:09:12 - [MESSAGE][INFO] - Get actule text

2021-03-17 18:09:12 - [MESSAGE][PASSED] - Verifed actule & expected data

2021-03-17 18:09:12 - [TEST_STEP][PASSED] - com.wecomplete.keywords.TestBase.getText(findTestObject("Object Repository/Dashborad/get_second_Quote_on_tab"), secondPropertyDetails): Verifed actule & expected data

2021-03-17 18:09:13 - [MESSAGE][INFO] - Get actule text

2021-03-17 18:09:13 - [MESSAGE][PASSED] - Verifed actule & expected data

2021-03-17 18:09:13 - [TEST_STEP][PASSED] - Start listener action : sampleAfterTestCase: null

2021-03-17 18:09:13 - [TEST_STEP][PASSED] - println(testCaseContext.getTestCaseId()): null

2021-03-17 18:09:13 - [TEST_STEP][PASSED] - println(testCaseContext.getTestCaseStatus()): null

2021-03-17 18:09:15 - [TEST_STEP][PASSED] - Video: Video recording for test case 'Test Cases/Sanity_Test/TC_016_Verify that User can view created quote on dashboard' .

2021-03-17 18:09:15 - [MESSAGE][INFO] - Video recording for test case 'Test Cases/Sanity_Test/TC_016_Verify that User can view created quote on dashboard' .
[[ATTACHMENT|C:\Users\Dell\Desktop\WeComplete\Reports\20210317_180152\Sanity Test\20210317_180152/videos\test_16.avi]]]]></system-out>
         <system-err><![CDATA[]]></system-err>
      </testcase>
      <testcase name="Test Cases/Sanity_Test/TC_017_Verify that user can update Property details" time="72.781" classname="Test Cases/Sanity_Test/TC_017_Verify that user can update Property details" status="PASSED">
         <system-out><![CDATA[2021-03-17 18:09:15 - [TEST_CASE][PASSED] - Test Cases/Sanity_Test/TC_017_Verify that user can update Property details: Test Cases/Sanity_Test/TC_017_Verify that user can update Property details

2021-03-17 18:09:15 - [TEST_STEP][PASSED] - Start listener action : sampleBeforeTestCase: null

2021-03-17 18:09:15 - [TEST_STEP][PASSED] - println(testCaseContext.getTestCaseId()): null

2021-03-17 18:09:15 - [TEST_STEP][PASSED] - println(testCaseContext.getTestCaseVariables()): null

2021-03-17 18:09:16 - [TEST_STEP][PASSED] - if (verifyElementPresent(findTestObject("Dashborad/get_first_Quote_on_tab"), shortTime) == true): null

2021-03-17 18:09:16 - [MESSAGE][PASSED] - Object 'Object Repository/Dashborad/get_first_Quote_on_tab' is present

2021-03-17 18:09:16 - [TEST_STEP][PASSED] - com.wecomplete.keywords.TestBase.clickUsingJS(findTestObject("Dashborad/get_first_Quote_on_tab"), shortTime): Element has been clicked

2021-03-17 18:09:17 - [MESSAGE][INFO] - Clicking element

2021-03-17 18:09:17 - [MESSAGE][PASSED] - Element has been clicked

2021-03-17 18:09:17 - [TEST_STEP][PASSED] - if (verifyElementPresent(findTestObject("Object Repository/Deal Status/Deal Status_Page"), shortTime) == true): null

2021-03-17 18:09:29 - [MESSAGE][PASSED] - Object 'Object Repository/Deal Status/Deal Status_Page' is present

2021-03-17 18:09:29 - [TEST_STEP][PASSED] - com.wecomplete.keywords.TestBase.getText(findTestObject("Object Repository/Deal Status/get_PropertyName"), firstPropertyDetails): Verifed actule & expected data

2021-03-17 18:09:30 - [MESSAGE][INFO] - Get actule text

2021-03-17 18:09:30 - [MESSAGE][PASSED] - Verifed actule & expected data

2021-03-17 18:09:30 - [TEST_STEP][PASSED] - com.wecomplete.keywords.TestBase.clickUsingJS(findTestObject("Object Repository/Deal Status/Property Details Section/btn_edit"), shortTime): Element has been clicked

2021-03-17 18:09:30 - [MESSAGE][INFO] - Clicking element

2021-03-17 18:09:30 - [MESSAGE][PASSED] - Element has been clicked

2021-03-17 18:09:30 - [TEST_STEP][PASSED] - com.wecomplete.keywords.TestBase.isElementPresent(findTestObject("Object Repository/Deal Status/Property Details Section/header_Propert Details"), shortTime): Element has been present

2021-03-17 18:09:31 - [MESSAGE][PASSED] - Element has been present

2021-03-17 18:09:31 - [TEST_STEP][PASSED] - com.wecomplete.keywords.TestBase.sendkeyElement(findTestObject("Object Repository/Deal Status/Property Details Section/input_Price"), buyPrice): Sendkey value has been send

2021-03-17 18:09:35 - [MESSAGE][PASSED] - Element has been cleared

2021-03-17 18:09:39 - [MESSAGE][PASSED] - Sendkey value has been send

2021-03-17 18:09:39 - [TEST_STEP][PASSED] - com.wecomplete.keywords.TestBase.sendkeyElement(findTestObject("Object Repository/Deal Status/Property Details Section/input_UPRN"), uprn): Sendkey value has been send

2021-03-17 18:09:42 - [MESSAGE][PASSED] - Element has been cleared

2021-03-17 18:09:45 - [MESSAGE][PASSED] - Sendkey value has been send

2021-03-17 18:09:45 - [TEST_STEP][PASSED] - com.wecomplete.keywords.TestBase.sendkeyElement(findTestObject("Object Repository/Deal Status/Property Details Section/input_title number"), titleNumber): Sendkey value has been send

2021-03-17 18:09:49 - [MESSAGE][PASSED] - Element has been cleared

2021-03-17 18:09:52 - [MESSAGE][PASSED] - Sendkey value has been send

2021-03-17 18:09:52 - [TEST_STEP][PASSED] - com.wecomplete.keywords.TestBase.sendkeyElement(findTestObject("Object Repository/Deal Status/Property Details Section/input_Local Authority"), localAuthority): Sendkey value has been send

2021-03-17 18:09:56 - [MESSAGE][PASSED] - Element has been cleared

2021-03-17 18:09:59 - [MESSAGE][PASSED] - Sendkey value has been send

2021-03-17 18:09:59 - [TEST_STEP][PASSED] - com.wecomplete.keywords.TestBase.sendkeyElement(findTestObject("Object Repository/Deal Status/Property Details Section/input_Flood Risk"), floodRisk): Sendkey value has been send

2021-03-17 18:10:03 - [MESSAGE][PASSED] - Element has been cleared

2021-03-17 18:10:06 - [MESSAGE][PASSED] - Sendkey value has been send

2021-03-17 18:10:06 - [TEST_STEP][PASSED] - com.wecomplete.keywords.TestBase.sendkeyElement(findTestObject("Object Repository/Deal Status/Property Details Section/input_Plot Size"), plotSize): Sendkey value has been send

2021-03-17 18:10:10 - [MESSAGE][PASSED] - Element has been cleared

2021-03-17 18:10:13 - [MESSAGE][PASSED] - Sendkey value has been send

2021-03-17 18:10:13 - [TEST_STEP][PASSED] - com.wecomplete.keywords.TestBase.sendkeyElement(findTestObject("Object Repository/Deal Status/Property Details Section/input_Summary"), summary): Sendkey value has been send

2021-03-17 18:10:17 - [MESSAGE][PASSED] - Element has been cleared

2021-03-17 18:10:20 - [MESSAGE][PASSED] - Sendkey value has been send

2021-03-17 18:10:20 - [TEST_STEP][PASSED] - com.wecomplete.keywords.TestBase.clickUsingJS(findTestObject("Object Repository/Deal Status/Property Details Section/btn_Update"), shortTime): Element has been clicked

2021-03-17 18:10:20 - [MESSAGE][INFO] - Clicking element

2021-03-17 18:10:20 - [MESSAGE][PASSED] - Element has been clicked

2021-03-17 18:10:20 - [TEST_STEP][PASSED] - com.wecomplete.keywords.TestBase.isElementPresent(findTestObject("Object Repository/Deal Status/Property Details Section/alert_message"), shortTime): Element has been present

2021-03-17 18:10:25 - [MESSAGE][PASSED] - Element has been present

2021-03-17 18:10:25 - [TEST_STEP][PASSED] - com.wecomplete.keywords.TestBase.clickUsingJS(findTestObject("Deal Status/Property Details Section/btn_Ok"), shortTime): Element has been clicked

2021-03-17 18:10:25 - [MESSAGE][INFO] - Clicking element

2021-03-17 18:10:25 - [MESSAGE][PASSED] - Element has been clicked

2021-03-17 18:10:25 - [TEST_STEP][PASSED] - com.wecomplete.keywords.TestBase.isElementPresent(findTestObject("Object Repository/Deal Status/Deal Status_Page"), shortTime): Element has been present

2021-03-17 18:10:26 - [MESSAGE][PASSED] - Element has been present

2021-03-17 18:10:26 - [TEST_STEP][PASSED] - Start listener action : sampleAfterTestCase: null

2021-03-17 18:10:26 - [TEST_STEP][PASSED] - println(testCaseContext.getTestCaseId()): null

2021-03-17 18:10:26 - [TEST_STEP][PASSED] - println(testCaseContext.getTestCaseStatus()): null

2021-03-17 18:10:28 - [TEST_STEP][PASSED] - Video: Video recording for test case 'Test Cases/Sanity_Test/TC_017_Verify that user can update Property details' .

2021-03-17 18:10:28 - [MESSAGE][INFO] - Video recording for test case 'Test Cases/Sanity_Test/TC_017_Verify that user can update Property details' .
[[ATTACHMENT|C:\Users\Dell\Desktop\WeComplete\Reports\20210317_180152\Sanity Test\20210317_180152/videos\test_17.avi]]]]></system-out>
         <system-err><![CDATA[]]></system-err>
      </testcase>
      <testcase name="Test Cases/Sanity_Test/TC_018_To check updated property details" time="7.798" classname="Test Cases/Sanity_Test/TC_018_To check updated property details" status="PASSED">
         <system-out><![CDATA[2021-03-17 18:10:28 - [TEST_CASE][PASSED] - Test Cases/Sanity_Test/TC_018_To check updated property details: Test Cases/Sanity_Test/TC_018_To check updated property details

2021-03-17 18:10:28 - [TEST_STEP][PASSED] - Start listener action : sampleBeforeTestCase: null

2021-03-17 18:10:28 - [TEST_STEP][PASSED] - println(testCaseContext.getTestCaseId()): null

2021-03-17 18:10:28 - [TEST_STEP][PASSED] - println(testCaseContext.getTestCaseVariables()): null

2021-03-17 18:10:29 - [TEST_STEP][PASSED] - com.wecomplete.keywords.TestBase.getText(findTestObject("Object Repository/Deal Status/Property Details Section/get_Agreed_Price"), buyPrice): Verifed actule & expected data

2021-03-17 18:10:29 - [MESSAGE][INFO] - Get actule text

2021-03-17 18:10:29 - [MESSAGE][PASSED] - Verifed actule & expected data

2021-03-17 18:10:29 - [TEST_STEP][PASSED] - com.wecomplete.keywords.TestBase.getText(findTestObject("Object Repository/Deal Status/Property Details Section/get_Title Number"), titleNumber): Verifed actule & expected data

2021-03-17 18:10:30 - [MESSAGE][INFO] - Get actule text

2021-03-17 18:10:30 - [MESSAGE][PASSED] - Verifed actule & expected data

2021-03-17 18:10:30 - [TEST_STEP][PASSED] - com.wecomplete.keywords.TestBase.getText(findTestObject("Object Repository/Deal Status/Property Details Section/get_UPRN"), uprn): Verifed actule & expected data

2021-03-17 18:10:31 - [MESSAGE][INFO] - Get actule text

2021-03-17 18:10:31 - [MESSAGE][PASSED] - Verifed actule & expected data

2021-03-17 18:10:31 - [TEST_STEP][PASSED] - com.wecomplete.keywords.TestBase.getText(findTestObject("Object Repository/Deal Status/Property Details Section/get_Local Authority"), localAuthority): Verifed actule & expected data

2021-03-17 18:10:32 - [MESSAGE][INFO] - Get actule text

2021-03-17 18:10:32 - [MESSAGE][PASSED] - Verifed actule & expected data

2021-03-17 18:10:32 - [TEST_STEP][PASSED] - com.wecomplete.keywords.TestBase.getText(findTestObject("Object Repository/Deal Status/Property Details Section/get_Flood Risk"), floodRisk): Verifed actule & expected data

2021-03-17 18:10:32 - [MESSAGE][INFO] - Get actule text

2021-03-17 18:10:32 - [MESSAGE][PASSED] - Verifed actule & expected data

2021-03-17 18:10:32 - [TEST_STEP][PASSED] - com.wecomplete.keywords.TestBase.getText(findTestObject("Object Repository/Deal Status/Property Details Section/get_Plot Size"), plotSize): Verifed actule & expected data

2021-03-17 18:10:33 - [MESSAGE][INFO] - Get actule text

2021-03-17 18:10:33 - [MESSAGE][PASSED] - Verifed actule & expected data

2021-03-17 18:10:33 - [TEST_STEP][PASSED] - com.wecomplete.keywords.TestBase.getText(findTestObject("Object Repository/Deal Status/Property Details Section/get_Summary"), summary): Verifed actule & expected data

2021-03-17 18:10:34 - [MESSAGE][INFO] - Get actule text

2021-03-17 18:10:34 - [MESSAGE][PASSED] - Verifed actule & expected data

2021-03-17 18:10:34 - [TEST_STEP][PASSED] - Start listener action : sampleAfterTestCase: null

2021-03-17 18:10:34 - [TEST_STEP][PASSED] - println(testCaseContext.getTestCaseId()): null

2021-03-17 18:10:34 - [TEST_STEP][PASSED] - println(testCaseContext.getTestCaseStatus()): null

2021-03-17 18:10:36 - [TEST_STEP][PASSED] - Video: Video recording for test case 'Test Cases/Sanity_Test/TC_018_To check updated property details' .

2021-03-17 18:10:36 - [MESSAGE][INFO] - Video recording for test case 'Test Cases/Sanity_Test/TC_018_To check updated property details' .
[[ATTACHMENT|C:\Users\Dell\Desktop\WeComplete\Reports\20210317_180152\Sanity Test\20210317_180152/videos\test_18.avi]]]]></system-out>
         <system-err><![CDATA[]]></system-err>
      </testcase>
      <testcase name="Test Cases/Sanity_Test/TC_019_Verify that user can view Section" time="7.591" classname="Test Cases/Sanity_Test/TC_019_Verify that user can view Section" status="PASSED">
         <system-out><![CDATA[2021-03-17 18:10:36 - [TEST_CASE][PASSED] - Test Cases/Sanity_Test/TC_019_Verify that user can view Section: Test Cases/Sanity_Test/TC_019_Verify that user can view Section

2021-03-17 18:10:36 - [TEST_STEP][PASSED] - Start listener action : sampleBeforeTestCase: null

2021-03-17 18:10:36 - [TEST_STEP][PASSED] - println(testCaseContext.getTestCaseId()): null

2021-03-17 18:10:36 - [TEST_STEP][PASSED] - println(testCaseContext.getTestCaseVariables()): null

2021-03-17 18:10:37 - [TEST_STEP][PASSED] - if (verifyElementPresent(findTestObject("Deal Status/Message_Section/tab_Messages"), shortTime) == true): null

2021-03-17 18:10:37 - [MESSAGE][PASSED] - Object 'Object Repository/Deal Status/Message_Section/tab_Messages' is present

2021-03-17 18:10:37 - [TEST_STEP][PASSED] - com.wecomplete.keywords.TestBase.isElementPresent(findTestObject("Object Repository/Deal Status/Message_Section/tab_Channels"), shortTime): Element has been present

2021-03-17 18:10:38 - [MESSAGE][PASSED] - Element has been present

2021-03-17 18:10:38 - [TEST_STEP][PASSED] - com.wecomplete.keywords.TestBase.isElementPresent(findTestObject("Deal Status/Message_Section/Direct Messages section/tab_Direct Messages"), shortTime): Element has been present

2021-03-17 18:10:39 - [MESSAGE][PASSED] - Element has been present

2021-03-17 18:10:39 - [TEST_STEP][PASSED] - com.wecomplete.keywords.TestBase.isElementPresent(findTestObject("Deal Status/Message_Section/External_Contact _Section/tab_External Contacts"), shortTime): Element has been present

2021-03-17 18:10:39 - [MESSAGE][PASSED] - Element has been present

2021-03-17 18:10:39 - [TEST_STEP][PASSED] - com.wecomplete.keywords.TestBase.isElementPresent(findTestObject("Object Repository/Deal Status/Message_Section/tab_Pending Invitations"), shortTime): Element has been present

2021-03-17 18:10:40 - [MESSAGE][PASSED] - Element has been present

2021-03-17 18:10:40 - [TEST_STEP][PASSED] - com.wecomplete.keywords.TestBase.isElementPresent(findTestObject("Object Repository/Deal Status/Message_Section/tab_Archives"), shortTime): Element has been present

2021-03-17 18:10:41 - [MESSAGE][PASSED] - Element has been present

2021-03-17 18:10:41 - [TEST_STEP][PASSED] - com.wecomplete.keywords.TestBase.isElementPresent(findTestObject("Deal Status/Message_Section/Invite_Section/tab_Invite People"), shortTime): Element has been present

2021-03-17 18:10:42 - [MESSAGE][PASSED] - Element has been present

2021-03-17 18:10:42 - [TEST_STEP][PASSED] - Start listener action : sampleAfterTestCase: null

2021-03-17 18:10:42 - [TEST_STEP][PASSED] - println(testCaseContext.getTestCaseId()): null

2021-03-17 18:10:42 - [TEST_STEP][PASSED] - println(testCaseContext.getTestCaseStatus()): null

2021-03-17 18:10:44 - [TEST_STEP][PASSED] - Video: Video recording for test case 'Test Cases/Sanity_Test/TC_019_Verify that user can view Section' .

2021-03-17 18:10:44 - [MESSAGE][INFO] - Video recording for test case 'Test Cases/Sanity_Test/TC_019_Verify that user can view Section' .
[[ATTACHMENT|C:\Users\Dell\Desktop\WeComplete\Reports\20210317_180152\Sanity Test\20210317_180152/videos\test_19.avi]]]]></system-out>
         <system-err><![CDATA[]]></system-err>
      </testcase>
      <testcase name="Test Cases/Sanity_Test/TC_020_Verify that create Channels functionality" time="17.06" classname="Test Cases/Sanity_Test/TC_020_Verify that create Channels functionality" status="PASSED">
         <system-out><![CDATA[2021-03-17 18:10:44 - [TEST_CASE][PASSED] - Test Cases/Sanity_Test/TC_020_Verify that create Channels functionality: Test Cases/Sanity_Test/TC_020_Verify that create Channels functionality

2021-03-17 18:10:44 - [TEST_STEP][PASSED] - Start listener action : sampleBeforeTestCase: null

2021-03-17 18:10:44 - [TEST_STEP][PASSED] - println(testCaseContext.getTestCaseId()): null

2021-03-17 18:10:44 - [TEST_STEP][PASSED] - println(testCaseContext.getTestCaseVariables()): null

2021-03-17 18:10:44 - [TEST_STEP][PASSED] - com.wecomplete.keywords.TestBase.clickUsingJS(findTestObject("Deal Status/Message_Section/Channels/btn_Create_channel"), shortTime): Element has been clicked

2021-03-17 18:10:44 - [MESSAGE][INFO] - Clicking element

2021-03-17 18:10:44 - [MESSAGE][PASSED] - Element has been clicked

2021-03-17 18:10:44 - [TEST_STEP][PASSED] - if (com.wecomplete.keywords.TestBase.isElementPresent(findTestObject("Object Repository/Deal Status/Message_Section/Channels/title_Create_channel"), shortTime) == true): null

2021-03-17 18:10:45 - [MESSAGE][PASSED] - Element has been present

2021-03-17 18:10:45 - [TEST_STEP][PASSED] - com.wecomplete.keywords.TestBase.sendkeyElement(findTestObject("Object Repository/Deal Status/Message_Section/Channels/input_channelName"), channelName): Sendkey value has been send

2021-03-17 18:10:49 - [MESSAGE][PASSED] - Element has been cleared

2021-03-17 18:10:52 - [MESSAGE][PASSED] - Sendkey value has been send

2021-03-17 18:10:52 - [TEST_STEP][PASSED] - com.wecomplete.keywords.TestBase.clickUsingJS(findTestObject("Object Repository/Deal Status/Message_Section/Channels/select_member"), shortTime): Element has been clicked

2021-03-17 18:10:53 - [MESSAGE][INFO] - Clicking element

2021-03-17 18:10:53 - [MESSAGE][PASSED] - Element has been clicked

2021-03-17 18:10:53 - [TEST_STEP][PASSED] - com.wecomplete.keywords.TestBase.clickUsingJS(findTestObject("Object Repository/Deal Status/Message_Section/Channels/btn_Create"), shortTime): Element has been clicked

2021-03-17 18:10:53 - [MESSAGE][INFO] - Clicking element

2021-03-17 18:10:53 - [MESSAGE][PASSED] - Element has been clicked

2021-03-17 18:10:53 - [TEST_STEP][PASSED] - com.wecomplete.keywords.TestBase.isElementPresent(findTestObject("Object Repository/Deal Status/Message_Section/Channels/alert_created channel"), shortTime): Element has been present

2021-03-17 18:10:58 - [MESSAGE][PASSED] - Element has been present

2021-03-17 18:10:58 - [TEST_STEP][PASSED] - com.wecomplete.keywords.TestBase.clickUsingJS(findTestObject("Deal Status/Property Details Section/btn_Ok"), shortTime): Element has been clicked

2021-03-17 18:10:59 - [MESSAGE][INFO] - Clicking element

2021-03-17 18:10:59 - [MESSAGE][PASSED] - Element has been clicked

2021-03-17 18:10:59 - [TEST_STEP][PASSED] - Start listener action : sampleAfterTestCase: null

2021-03-17 18:10:59 - [TEST_STEP][PASSED] - println(testCaseContext.getTestCaseId()): null

2021-03-17 18:10:59 - [TEST_STEP][PASSED] - println(testCaseContext.getTestCaseStatus()): null

2021-03-17 18:11:01 - [TEST_STEP][PASSED] - Video: Video recording for test case 'Test Cases/Sanity_Test/TC_020_Verify that create Channels functionality' .

2021-03-17 18:11:01 - [MESSAGE][INFO] - Video recording for test case 'Test Cases/Sanity_Test/TC_020_Verify that create Channels functionality' .
[[ATTACHMENT|C:\Users\Dell\Desktop\WeComplete\Reports\20210317_180152\Sanity Test\20210317_180152/videos\test_20.avi]]]]></system-out>
         <system-err><![CDATA[]]></system-err>
      </testcase>
      <testcase name="Test Cases/Sanity_Test/TC_021_Message send functionlity on channel" time="34.985" classname="Test Cases/Sanity_Test/TC_021_Message send functionlity on channel" status="ERROR">
         <error type="ERROR" message="Test Cases/Sanity_Test/TC_021_Message send functionlity on channel FAILED.
Reason:
org.codehaus.groovy.runtime.InvokerInvocationException: java.lang.AssertionError: Web element with id: 'Object Repository/Deal Status/Message_Section/Channels/input_Compose' located by '//div[starts-with(@data-placeholder,'Message to')]' not found
	at com.wecomplete.keywords.TestBase.invokeMethod(TestBase.groovy)
	at com.kms.katalon.core.main.CustomKeywordDelegatingMetaClass.invokeStaticMethod(CustomKeywordDelegatingMetaClass.java:50)
	at TC_021_Message send functionlity on channel.run(TC_021_Message send functionlity on channel:26)
	at com.kms.katalon.core.main.ScriptEngine.run(ScriptEngine.java:194)
	at com.kms.katalon.core.main.ScriptEngine.runScriptAsRawText(ScriptEngine.java:119)
	at com.kms.katalon.core.main.TestCaseExecutor.runScript(TestCaseExecutor.java:339)
	at com.kms.katalon.core.main.TestCaseExecutor.doExecute(TestCaseExecutor.java:330)
	at com.kms.katalon.core.main.TestCaseExecutor.processExecutionPhase(TestCaseExecutor.java:309)
	at com.kms.katalon.core.main.TestCaseExecutor.accessMainPhase(TestCaseExecutor.java:301)
	at com.kms.katalon.core.main.TestCaseExecutor.execute(TestCaseExecutor.java:235)
	at com.kms.katalon.core.main.TestSuiteExecutor.accessTestCaseMainPhase(TestSuiteExecutor.java:191)
	at com.kms.katalon.core.main.TestSuiteExecutor.accessTestSuiteMainPhase(TestSuiteExecutor.java:141)
	at com.kms.katalon.core.main.TestSuiteExecutor.execute(TestSuiteExecutor.java:90)
	at com.kms.katalon.core.main.TestCaseMain.startTestSuite(TestCaseMain.java:157)
	at com.kms.katalon.core.main.TestCaseMain$startTestSuite$0.call(Unknown Source)
	at TempTestSuite1615984312997.run(TempTestSuite1615984312997.groovy:39)
Caused by: java.lang.AssertionError: Web element with id: 'Object Repository/Deal Status/Message_Section/Channels/input_Compose' located by '//div[starts-with(@data-placeholder,'Message to')]' not found
	at org.testng.Assert.fail(Assert.java:93)
	at org.testng.Assert$fail$0.call(Unknown Source)
	at com.wecomplete.keywords.TestBase.sendkeyElement(TestBase.groovy:129)
	... 16 more
"/>
         <system-out><![CDATA[2021-03-17 18:11:01 - [TEST_CASE][ERROR] - Test Cases/Sanity_Test/TC_021_Message send functionlity on channel: Test Cases/Sanity_Test/TC_021_Message send functionlity on channel FAILED.
Reason:
org.codehaus.groovy.runtime.InvokerInvocationException: java.lang.AssertionError: Web element with id: 'Object Repository/Deal Status/Message_Section/Channels/input_Compose' located by '//div[starts-with(@data-placeholder,'Message to')]' not found
	at com.wecomplete.keywords.TestBase.invokeMethod(TestBase.groovy)
	at com.kms.katalon.core.main.CustomKeywordDelegatingMetaClass.invokeStaticMethod(CustomKeywordDelegatingMetaClass.java:50)
	at TC_021_Message send functionlity on channel.run(TC_021_Message send functionlity on channel:26)
	at com.kms.katalon.core.main.ScriptEngine.run(ScriptEngine.java:194)
	at com.kms.katalon.core.main.ScriptEngine.runScriptAsRawText(ScriptEngine.java:119)
	at com.kms.katalon.core.main.TestCaseExecutor.runScript(TestCaseExecutor.java:339)
	at com.kms.katalon.core.main.TestCaseExecutor.doExecute(TestCaseExecutor.java:330)
	at com.kms.katalon.core.main.TestCaseExecutor.processExecutionPhase(TestCaseExecutor.java:309)
	at com.kms.katalon.core.main.TestCaseExecutor.accessMainPhase(TestCaseExecutor.java:301)
	at com.kms.katalon.core.main.TestCaseExecutor.execute(TestCaseExecutor.java:235)
	at com.kms.katalon.core.main.TestSuiteExecutor.accessTestCaseMainPhase(TestSuiteExecutor.java:191)
	at com.kms.katalon.core.main.TestSuiteExecutor.accessTestSuiteMainPhase(TestSuiteExecutor.java:141)
	at com.kms.katalon.core.main.TestSuiteExecutor.execute(TestSuiteExecutor.java:90)
	at com.kms.katalon.core.main.TestCaseMain.startTestSuite(TestCaseMain.java:157)
	at com.kms.katalon.core.main.TestCaseMain$startTestSuite$0.call(Unknown Source)
	at TempTestSuite1615984312997.run(TempTestSuite1615984312997.groovy:39)
Caused by: java.lang.AssertionError: Web element with id: 'Object Repository/Deal Status/Message_Section/Channels/input_Compose' located by '//div[starts-with(@data-placeholder,'Message to')]' not found
	at org.testng.Assert.fail(Assert.java:93)
	at org.testng.Assert$fail$0.call(Unknown Source)
	at com.wecomplete.keywords.TestBase.sendkeyElement(TestBase.groovy:129)
	... 16 more


2021-03-17 18:11:01 - [TEST_STEP][PASSED] - Start listener action : sampleBeforeTestCase: null

2021-03-17 18:11:01 - [TEST_STEP][PASSED] - println(testCaseContext.getTestCaseId()): null

2021-03-17 18:11:01 - [TEST_STEP][PASSED] - println(testCaseContext.getTestCaseVariables()): null

2021-03-17 18:11:01 - [TEST_STEP][PASSED] - if (com.wecomplete.keywords.TestBase.isElementPresent(findTestObject("Deal Status/Message_Section/Channels/get_Channel"), shortTime) == true): null

2021-03-17 18:11:02 - [MESSAGE][PASSED] - Element has been present

2021-03-17 18:11:02 - [TEST_STEP][PASSED] - com.wecomplete.keywords.TestBase.clickUsingJS(findTestObject("Deal Status/Message_Section/Channels/get_Channel"), shortTime): Element has been clicked

2021-03-17 18:11:02 - [MESSAGE][INFO] - Clicking element

2021-03-17 18:11:02 - [MESSAGE][PASSED] - Element has been clicked

2021-03-17 18:11:02 - [TEST_STEP][FAILED] - com.wecomplete.keywords.TestBase.sendkeyElement(findTestObject("Object Repository/Deal Status/Message_Section/Channels/input_Compose"), message): java.lang.AssertionError: Web element with id: 'Object Repository/Deal Status/Message_Section/Channels/input_Compose' located by '//div[starts-with(@data-placeholder,'Message to')]' not found

2021-03-17 18:11:34 - [MESSAGE][INFO] - Unable to find the element located by 'By.xpath: //div[starts-with(@data-placeholder,'Message to')]'. Please recheck the objects properties to make sure the desired element is located. 

2021-03-17 18:11:34 - [MESSAGE][FAILED] - java.lang.AssertionError: Web element with id: 'Object Repository/Deal Status/Message_Section/Channels/input_Compose' located by '//div[starts-with(@data-placeholder,'Message to')]' not found

2021-03-17 18:11:34 - [TEST_STEP][PASSED] - Start listener action : sampleAfterTestCase: null

2021-03-17 18:11:34 - [TEST_STEP][PASSED] - println(testCaseContext.getTestCaseId()): null

2021-03-17 18:11:34 - [TEST_STEP][PASSED] - println(testCaseContext.getTestCaseStatus()): null

2021-03-17 18:11:36 - [TEST_STEP][PASSED] - Video: Video recording for test case 'Test Cases/Sanity_Test/TC_021_Message send functionlity on channel' .

2021-03-17 18:11:36 - [MESSAGE][INFO] - Video recording for test case 'Test Cases/Sanity_Test/TC_021_Message send functionlity on channel' .
[[ATTACHMENT|C:\Users\Dell\Desktop\WeComplete\Reports\20210317_180152\Sanity Test\20210317_180152/videos\test_21.avi]]]]></system-out>
         <system-err><![CDATA[2021-03-17 18:11:01 - [TEST_CASE][ERROR] - Test Cases/Sanity_Test/TC_021_Message send functionlity on channel: Test Cases/Sanity_Test/TC_021_Message send functionlity on channel FAILED.
Reason:
org.codehaus.groovy.runtime.InvokerInvocationException: java.lang.AssertionError: Web element with id: 'Object Repository/Deal Status/Message_Section/Channels/input_Compose' located by '//div[starts-with(@data-placeholder,'Message to')]' not found
	at com.wecomplete.keywords.TestBase.invokeMethod(TestBase.groovy)
	at com.kms.katalon.core.main.CustomKeywordDelegatingMetaClass.invokeStaticMethod(CustomKeywordDelegatingMetaClass.java:50)
	at TC_021_Message send functionlity on channel.run(TC_021_Message send functionlity on channel:26)
	at com.kms.katalon.core.main.ScriptEngine.run(ScriptEngine.java:194)
	at com.kms.katalon.core.main.ScriptEngine.runScriptAsRawText(ScriptEngine.java:119)
	at com.kms.katalon.core.main.TestCaseExecutor.runScript(TestCaseExecutor.java:339)
	at com.kms.katalon.core.main.TestCaseExecutor.doExecute(TestCaseExecutor.java:330)
	at com.kms.katalon.core.main.TestCaseExecutor.processExecutionPhase(TestCaseExecutor.java:309)
	at com.kms.katalon.core.main.TestCaseExecutor.accessMainPhase(TestCaseExecutor.java:301)
	at com.kms.katalon.core.main.TestCaseExecutor.execute(TestCaseExecutor.java:235)
	at com.kms.katalon.core.main.TestSuiteExecutor.accessTestCaseMainPhase(TestSuiteExecutor.java:191)
	at com.kms.katalon.core.main.TestSuiteExecutor.accessTestSuiteMainPhase(TestSuiteExecutor.java:141)
	at com.kms.katalon.core.main.TestSuiteExecutor.execute(TestSuiteExecutor.java:90)
	at com.kms.katalon.core.main.TestCaseMain.startTestSuite(TestCaseMain.java:157)
	at com.kms.katalon.core.main.TestCaseMain$startTestSuite$0.call(Unknown Source)
	at TempTestSuite1615984312997.run(TempTestSuite1615984312997.groovy:39)
Caused by: java.lang.AssertionError: Web element with id: 'Object Repository/Deal Status/Message_Section/Channels/input_Compose' located by '//div[starts-with(@data-placeholder,'Message to')]' not found
	at org.testng.Assert.fail(Assert.java:93)
	at org.testng.Assert$fail$0.call(Unknown Source)
	at com.wecomplete.keywords.TestBase.sendkeyElement(TestBase.groovy:129)
	... 16 more]]></system-err>
      </testcase>
      <testcase name="Test Cases/Sanity_Test/TC_022_Message send functionlity on direct message member" time="35.611" classname="Test Cases/Sanity_Test/TC_022_Message send functionlity on direct message member" status="ERROR">
         <error type="ERROR" message="Test Cases/Sanity_Test/TC_022_Message send functionlity on direct message member FAILED.
Reason:
org.codehaus.groovy.runtime.InvokerInvocationException: java.lang.AssertionError: Web element with id: 'Object Repository/Deal Status/Message_Section/Channels/input_Compose' located by '//div[starts-with(@data-placeholder,'Message to')]' not found
	at com.wecomplete.keywords.TestBase.invokeMethod(TestBase.groovy)
	at com.kms.katalon.core.main.CustomKeywordDelegatingMetaClass.invokeStaticMethod(CustomKeywordDelegatingMetaClass.java:50)
	at TC_022_Message send functionlity on direct message member.run(TC_022_Message send functionlity on direct message member:35)
	at com.kms.katalon.core.main.ScriptEngine.run(ScriptEngine.java:194)
	at com.kms.katalon.core.main.ScriptEngine.runScriptAsRawText(ScriptEngine.java:119)
	at com.kms.katalon.core.main.TestCaseExecutor.runScript(TestCaseExecutor.java:339)
	at com.kms.katalon.core.main.TestCaseExecutor.doExecute(TestCaseExecutor.java:330)
	at com.kms.katalon.core.main.TestCaseExecutor.processExecutionPhase(TestCaseExecutor.java:309)
	at com.kms.katalon.core.main.TestCaseExecutor.accessMainPhase(TestCaseExecutor.java:301)
	at com.kms.katalon.core.main.TestCaseExecutor.execute(TestCaseExecutor.java:235)
	at com.kms.katalon.core.main.TestSuiteExecutor.accessTestCaseMainPhase(TestSuiteExecutor.java:191)
	at com.kms.katalon.core.main.TestSuiteExecutor.accessTestSuiteMainPhase(TestSuiteExecutor.java:141)
	at com.kms.katalon.core.main.TestSuiteExecutor.execute(TestSuiteExecutor.java:90)
	at com.kms.katalon.core.main.TestCaseMain.startTestSuite(TestCaseMain.java:157)
	at com.kms.katalon.core.main.TestCaseMain$startTestSuite$0.call(Unknown Source)
	at TempTestSuite1615984312997.run(TempTestSuite1615984312997.groovy:39)
Caused by: java.lang.AssertionError: Web element with id: 'Object Repository/Deal Status/Message_Section/Channels/input_Compose' located by '//div[starts-with(@data-placeholder,'Message to')]' not found
	at org.testng.Assert.fail(Assert.java:93)
	at org.testng.Assert$fail$0.call(Unknown Source)
	at com.wecomplete.keywords.TestBase.sendkeyElement(TestBase.groovy:129)
	... 16 more
"/>
         <system-out><![CDATA[2021-03-17 18:11:36 - [TEST_CASE][ERROR] - Test Cases/Sanity_Test/TC_022_Message send functionlity on direct message member: Test Cases/Sanity_Test/TC_022_Message send functionlity on direct message member FAILED.
Reason:
org.codehaus.groovy.runtime.InvokerInvocationException: java.lang.AssertionError: Web element with id: 'Object Repository/Deal Status/Message_Section/Channels/input_Compose' located by '//div[starts-with(@data-placeholder,'Message to')]' not found
	at com.wecomplete.keywords.TestBase.invokeMethod(TestBase.groovy)
	at com.kms.katalon.core.main.CustomKeywordDelegatingMetaClass.invokeStaticMethod(CustomKeywordDelegatingMetaClass.java:50)
	at TC_022_Message send functionlity on direct message member.run(TC_022_Message send functionlity on direct message member:35)
	at com.kms.katalon.core.main.ScriptEngine.run(ScriptEngine.java:194)
	at com.kms.katalon.core.main.ScriptEngine.runScriptAsRawText(ScriptEngine.java:119)
	at com.kms.katalon.core.main.TestCaseExecutor.runScript(TestCaseExecutor.java:339)
	at com.kms.katalon.core.main.TestCaseExecutor.doExecute(TestCaseExecutor.java:330)
	at com.kms.katalon.core.main.TestCaseExecutor.processExecutionPhase(TestCaseExecutor.java:309)
	at com.kms.katalon.core.main.TestCaseExecutor.accessMainPhase(TestCaseExecutor.java:301)
	at com.kms.katalon.core.main.TestCaseExecutor.execute(TestCaseExecutor.java:235)
	at com.kms.katalon.core.main.TestSuiteExecutor.accessTestCaseMainPhase(TestSuiteExecutor.java:191)
	at com.kms.katalon.core.main.TestSuiteExecutor.accessTestSuiteMainPhase(TestSuiteExecutor.java:141)
	at com.kms.katalon.core.main.TestSuiteExecutor.execute(TestSuiteExecutor.java:90)
	at com.kms.katalon.core.main.TestCaseMain.startTestSuite(TestCaseMain.java:157)
	at com.kms.katalon.core.main.TestCaseMain$startTestSuite$0.call(Unknown Source)
	at TempTestSuite1615984312997.run(TempTestSuite1615984312997.groovy:39)
Caused by: java.lang.AssertionError: Web element with id: 'Object Repository/Deal Status/Message_Section/Channels/input_Compose' located by '//div[starts-with(@data-placeholder,'Message to')]' not found
	at org.testng.Assert.fail(Assert.java:93)
	at org.testng.Assert$fail$0.call(Unknown Source)
	at com.wecomplete.keywords.TestBase.sendkeyElement(TestBase.groovy:129)
	... 16 more


2021-03-17 18:11:36 - [TEST_STEP][PASSED] - Start listener action : sampleBeforeTestCase: null

2021-03-17 18:11:36 - [TEST_STEP][PASSED] - println(testCaseContext.getTestCaseId()): null

2021-03-17 18:11:36 - [TEST_STEP][PASSED] - println(testCaseContext.getTestCaseVariables()): null

2021-03-17 18:11:36 - [TEST_STEP][PASSED] - if (verifyElementPresent(findTestObject("Deal Status/Message_Section/Direct Messages section/tab_Direct Messages"), shortTime) == true): null

2021-03-17 18:11:37 - [MESSAGE][PASSED] - Object 'Object Repository/Deal Status/Message_Section/Direct Messages section/tab_Direct Messages' is present

2021-03-17 18:11:37 - [TEST_STEP][PASSED] - com.wecomplete.keywords.TestBase.clickUsingJS(findTestObject("Deal Status/Message_Section/Direct Messages section/tab_Direct Messages"), shortTime): Element has been clicked

2021-03-17 18:11:37 - [MESSAGE][INFO] - Clicking element

2021-03-17 18:11:37 - [MESSAGE][PASSED] - Element has been clicked

2021-03-17 18:11:37 - [TEST_STEP][PASSED] - if (verifyElementPresent(findTestObject("Object Repository/Deal Status/Message_Section/Direct Messages section/dircte_message_member_1"), shortTime) == true): null

2021-03-17 18:11:38 - [MESSAGE][PASSED] - Object 'Object Repository/Deal Status/Message_Section/Direct Messages section/dircte_message_member_1' is present

2021-03-17 18:11:38 - [TEST_STEP][PASSED] - com.wecomplete.keywords.TestBase.clickUsingJS(findTestObject("Object Repository/Deal Status/Message_Section/Direct Messages section/dircte_message_member_1"), shortTime): Element has been clicked

2021-03-17 18:11:38 - [MESSAGE][INFO] - Clicking element

2021-03-17 18:11:38 - [MESSAGE][PASSED] - Element has been clicked

2021-03-17 18:11:38 - [TEST_STEP][FAILED] - com.wecomplete.keywords.TestBase.sendkeyElement(findTestObject("Object Repository/Deal Status/Message_Section/Channels/input_Compose"), message): java.lang.AssertionError: Web element with id: 'Object Repository/Deal Status/Message_Section/Channels/input_Compose' located by '//div[starts-with(@data-placeholder,'Message to')]' not found

2021-03-17 18:12:09 - [MESSAGE][INFO] - Unable to find the element located by 'By.xpath: //div[starts-with(@data-placeholder,'Message to')]'. Please recheck the objects properties to make sure the desired element is located. 

2021-03-17 18:12:09 - [MESSAGE][FAILED] - java.lang.AssertionError: Web element with id: 'Object Repository/Deal Status/Message_Section/Channels/input_Compose' located by '//div[starts-with(@data-placeholder,'Message to')]' not found

2021-03-17 18:12:09 - [TEST_STEP][PASSED] - Start listener action : sampleAfterTestCase: null

2021-03-17 18:12:09 - [TEST_STEP][PASSED] - println(testCaseContext.getTestCaseId()): null

2021-03-17 18:12:09 - [TEST_STEP][PASSED] - println(testCaseContext.getTestCaseStatus()): null

2021-03-17 18:12:11 - [TEST_STEP][PASSED] - Video: Video recording for test case 'Test Cases/Sanity_Test/TC_022_Message send functionlity on direct message member' .

2021-03-17 18:12:11 - [MESSAGE][INFO] - Video recording for test case 'Test Cases/Sanity_Test/TC_022_Message send functionlity on direct message member' .
[[ATTACHMENT|C:\Users\Dell\Desktop\WeComplete\Reports\20210317_180152\Sanity Test\20210317_180152/videos\test_22.avi]]]]></system-out>
         <system-err><![CDATA[2021-03-17 18:11:36 - [TEST_CASE][ERROR] - Test Cases/Sanity_Test/TC_022_Message send functionlity on direct message member: Test Cases/Sanity_Test/TC_022_Message send functionlity on direct message member FAILED.
Reason:
org.codehaus.groovy.runtime.InvokerInvocationException: java.lang.AssertionError: Web element with id: 'Object Repository/Deal Status/Message_Section/Channels/input_Compose' located by '//div[starts-with(@data-placeholder,'Message to')]' not found
	at com.wecomplete.keywords.TestBase.invokeMethod(TestBase.groovy)
	at com.kms.katalon.core.main.CustomKeywordDelegatingMetaClass.invokeStaticMethod(CustomKeywordDelegatingMetaClass.java:50)
	at TC_022_Message send functionlity on direct message member.run(TC_022_Message send functionlity on direct message member:35)
	at com.kms.katalon.core.main.ScriptEngine.run(ScriptEngine.java:194)
	at com.kms.katalon.core.main.ScriptEngine.runScriptAsRawText(ScriptEngine.java:119)
	at com.kms.katalon.core.main.TestCaseExecutor.runScript(TestCaseExecutor.java:339)
	at com.kms.katalon.core.main.TestCaseExecutor.doExecute(TestCaseExecutor.java:330)
	at com.kms.katalon.core.main.TestCaseExecutor.processExecutionPhase(TestCaseExecutor.java:309)
	at com.kms.katalon.core.main.TestCaseExecutor.accessMainPhase(TestCaseExecutor.java:301)
	at com.kms.katalon.core.main.TestCaseExecutor.execute(TestCaseExecutor.java:235)
	at com.kms.katalon.core.main.TestSuiteExecutor.accessTestCaseMainPhase(TestSuiteExecutor.java:191)
	at com.kms.katalon.core.main.TestSuiteExecutor.accessTestSuiteMainPhase(TestSuiteExecutor.java:141)
	at com.kms.katalon.core.main.TestSuiteExecutor.execute(TestSuiteExecutor.java:90)
	at com.kms.katalon.core.main.TestCaseMain.startTestSuite(TestCaseMain.java:157)
	at com.kms.katalon.core.main.TestCaseMain$startTestSuite$0.call(Unknown Source)
	at TempTestSuite1615984312997.run(TempTestSuite1615984312997.groovy:39)
Caused by: java.lang.AssertionError: Web element with id: 'Object Repository/Deal Status/Message_Section/Channels/input_Compose' located by '//div[starts-with(@data-placeholder,'Message to')]' not found
	at org.testng.Assert.fail(Assert.java:93)
	at org.testng.Assert$fail$0.call(Unknown Source)
	at com.wecomplete.keywords.TestBase.sendkeyElement(TestBase.groovy:129)
	... 16 more]]></system-err>
      </testcase>
      <testcase name="Test Cases/Sanity_Test/TC_023_Verify that the user can add external contact" time="19.25" classname="Test Cases/Sanity_Test/TC_023_Verify that the user can add external contact" status="PASSED">
         <system-out><![CDATA[2021-03-17 18:12:12 - [TEST_CASE][PASSED] - Test Cases/Sanity_Test/TC_023_Verify that the user can add external contact: Test Cases/Sanity_Test/TC_023_Verify that the user can add external contact

2021-03-17 18:12:12 - [TEST_STEP][PASSED] - Start listener action : sampleBeforeTestCase: null

2021-03-17 18:12:12 - [TEST_STEP][PASSED] - println(testCaseContext.getTestCaseId()): null

2021-03-17 18:12:12 - [TEST_STEP][PASSED] - println(testCaseContext.getTestCaseVariables()): null

2021-03-17 18:12:12 - [TEST_STEP][PASSED] - if (verifyElementPresent(findTestObject("Deal Status/Message_Section/External_Contact _Section/tab_External Contacts"), shortTime) == true): null

2021-03-17 18:12:12 - [MESSAGE][PASSED] - Object 'Object Repository/Deal Status/Message_Section/External_Contact _Section/tab_External Contacts' is present

2021-03-17 18:12:12 - [TEST_STEP][PASSED] - com.wecomplete.keywords.TestBase.clickUsingJS(findTestObject("Object Repository/Deal Status/Message_Section/External_Contact _Section/add_External"), shortTime): Element has been clicked

2021-03-17 18:12:13 - [MESSAGE][INFO] - Clicking element

2021-03-17 18:12:13 - [MESSAGE][PASSED] - Element has been clicked

2021-03-17 18:12:13 - [TEST_STEP][PASSED] - if (verifyElementPresent(findTestObject("Object Repository/Deal Status/Message_Section/External_Contact _Section/header_External Contacts"), shortTime) == true): null

2021-03-17 18:12:14 - [MESSAGE][PASSED] - Object 'Object Repository/Deal Status/Message_Section/External_Contact _Section/header_External Contacts' is present

2021-03-17 18:12:14 - [TEST_STEP][PASSED] - com.wecomplete.keywords.TestBase.getText(findTestObject("Object Repository/Deal Status/Message_Section/External_Contact _Section/header_External Contacts"), titleExternal): Verifed actule & expected data

2021-03-17 18:12:14 - [MESSAGE][INFO] - Get actule text

2021-03-17 18:12:14 - [MESSAGE][PASSED] - Verifed actule & expected data

2021-03-17 18:12:14 - [TEST_STEP][PASSED] - com.wecomplete.keywords.TestBase.sendkeyElement(findTestObject("Object Repository/Deal Status/Message_Section/External_Contact _Section/input_Email"), externalMember): Sendkey value has been send

2021-03-17 18:12:18 - [MESSAGE][PASSED] - Element has been cleared

2021-03-17 18:12:21 - [MESSAGE][PASSED] - Sendkey value has been send

2021-03-17 18:12:21 - [TEST_STEP][PASSED] - com.wecomplete.keywords.TestBase.sendkeyElement(findTestObject("Object Repository/Deal Status/Message_Section/External_Contact _Section/input_Name"), externalName): Sendkey value has been send

2021-03-17 18:12:25 - [MESSAGE][PASSED] - Element has been cleared

2021-03-17 18:12:28 - [MESSAGE][PASSED] - Sendkey value has been send

2021-03-17 18:12:28 - [TEST_STEP][PASSED] - com.wecomplete.keywords.TestBase.clickUsingJS(findTestObject("Object Repository/Deal Status/Message_Section/External_Contact _Section/button_Add"), shortTime): Element has been clicked

2021-03-17 18:12:29 - [MESSAGE][INFO] - Clicking element

2021-03-17 18:12:29 - [MESSAGE][PASSED] - Element has been clicked

2021-03-17 18:12:29 - [TEST_STEP][PASSED] - Start listener action : sampleAfterTestCase: null

2021-03-17 18:12:29 - [TEST_STEP][PASSED] - println(testCaseContext.getTestCaseId()): null

2021-03-17 18:12:29 - [TEST_STEP][PASSED] - println(testCaseContext.getTestCaseStatus()): null

2021-03-17 18:12:31 - [TEST_STEP][PASSED] - Video: Video recording for test case 'Test Cases/Sanity_Test/TC_023_Verify that the user can add external contact' .

2021-03-17 18:12:31 - [MESSAGE][INFO] - Video recording for test case 'Test Cases/Sanity_Test/TC_023_Verify that the user can add external contact' .
[[ATTACHMENT|C:\Users\Dell\Desktop\WeComplete\Reports\20210317_180152\Sanity Test\20210317_180152/videos\test_23.avi]]]]></system-out>
         <system-err><![CDATA[]]></system-err>
      </testcase>
      <testcase name="Test Cases/Sanity_Test/TC_024_Message send functionlity on External Contact member" time="32.372" classname="Test Cases/Sanity_Test/TC_024_Message send functionlity on External Contact member" status="PASSED">
         <system-out><![CDATA[2021-03-17 18:12:31 - [TEST_CASE][PASSED] - Test Cases/Sanity_Test/TC_024_Message send functionlity on External Contact member: Test Cases/Sanity_Test/TC_024_Message send functionlity on External Contact member

2021-03-17 18:12:31 - [TEST_STEP][PASSED] - Start listener action : sampleBeforeTestCase: null

2021-03-17 18:12:31 - [TEST_STEP][PASSED] - println(testCaseContext.getTestCaseId()): null

2021-03-17 18:12:31 - [TEST_STEP][PASSED] - println(testCaseContext.getTestCaseVariables()): null

2021-03-17 18:12:31 - [TEST_STEP][PASSED] - if (verifyElementVisible(findTestObject("Object Repository/Deal Status/Message_Section/Channels/input_Compose")) == true): null

2021-03-17 18:12:38 - [MESSAGE][PASSED] - Object 'Object Repository/Deal Status/Message_Section/Channels/input_Compose' is visible

2021-03-17 18:12:38 - [TEST_STEP][PASSED] - com.wecomplete.keywords.TestBase.sendkeyElement(findTestObject("Object Repository/Deal Status/Message_Section/Channels/input_Compose"), message): Sendkey value has been send

2021-03-17 18:12:42 - [MESSAGE][PASSED] - Element has been cleared

2021-03-17 18:12:45 - [MESSAGE][PASSED] - Sendkey value has been send

2021-03-17 18:12:45 - [TEST_STEP][PASSED] - com.wecomplete.keywords.TestBase.clickUsingJS(findTestObject("Object Repository/Deal Status/Message_Section/Channels/btn_Send"), shortTime): Element has been clicked

2021-03-17 18:12:46 - [MESSAGE][INFO] - Clicking element

2021-03-17 18:12:46 - [MESSAGE][PASSED] - Element has been clicked

2021-03-17 18:12:46 - [TEST_STEP][PASSED] - com.wecomplete.keywords.TestBase.clickUsingJS(findTestObject("Object Repository/Deal Status/Message_Section/Channels/tab_Document Request"), shortTime): Element has been clicked

2021-03-17 18:12:49 - [MESSAGE][INFO] - Clicking element

2021-03-17 18:12:49 - [MESSAGE][PASSED] - Element has been clicked

2021-03-17 18:12:49 - [TEST_STEP][PASSED] - com.wecomplete.keywords.TestBase.sendkeyElement(findTestObject("Object Repository/Deal Status/Message_Section/Channels/input_Docuemnt_Request"), documentRequest): Sendkey value has been send

2021-03-17 18:12:53 - [MESSAGE][PASSED] - Element has been cleared

2021-03-17 18:12:56 - [MESSAGE][PASSED] - Sendkey value has been send

2021-03-17 18:12:56 - [TEST_STEP][PASSED] - com.wecomplete.keywords.TestBase.clickUsingJS(findTestObject("Object Repository/Deal Status/Message_Section/Channels/btn_Document_request_Send"), shortTime): Element has been clicked

2021-03-17 18:12:57 - [MESSAGE][INFO] - Clicking element

2021-03-17 18:12:57 - [MESSAGE][PASSED] - Element has been clicked

2021-03-17 18:12:57 - [TEST_STEP][PASSED] - com.wecomplete.keywords.TestBase.getText(findTestObject("Deal Status/Message_Section/get _Request_Successfully_MSG"), docRequestMSG): Verifed actule & expected data

2021-03-17 18:13:00 - [MESSAGE][INFO] - Get actule text

2021-03-17 18:13:00 - [MESSAGE][PASSED] - Verifed actule & expected data

2021-03-17 18:13:00 - [TEST_STEP][PASSED] - com.wecomplete.keywords.TestBase.clickUsingJS(findTestObject("Object Repository/Deal Status/Property Details Section/btn_Ok"), shortTime): Element has been clicked

2021-03-17 18:13:00 - [MESSAGE][INFO] - Clicking element

2021-03-17 18:13:00 - [MESSAGE][PASSED] - Element has been clicked

2021-03-17 18:13:00 - [TEST_STEP][PASSED] - com.wecomplete.keywords.TestBase.clickUsingJS(findTestObject("Object Repository/Deal Status/Message_Section/btn_ Back to calendar"), shortTime): Element has been clicked

2021-03-17 18:13:01 - [MESSAGE][INFO] - Clicking element

2021-03-17 18:13:01 - [MESSAGE][PASSED] - Element has been clicked

2021-03-17 18:13:01 - [TEST_STEP][PASSED] - Start listener action : sampleAfterTestCase: null

2021-03-17 18:13:01 - [TEST_STEP][PASSED] - println(testCaseContext.getTestCaseId()): null

2021-03-17 18:13:01 - [TEST_STEP][PASSED] - println(testCaseContext.getTestCaseStatus()): null

2021-03-17 18:13:03 - [TEST_STEP][PASSED] - Video: Video recording for test case 'Test Cases/Sanity_Test/TC_024_Message send functionlity on External Contact member' .

2021-03-17 18:13:03 - [MESSAGE][INFO] - Video recording for test case 'Test Cases/Sanity_Test/TC_024_Message send functionlity on External Contact member' .
[[ATTACHMENT|C:\Users\Dell\Desktop\WeComplete\Reports\20210317_180152\Sanity Test\20210317_180152/videos\test_24.avi]]]]></system-out>
         <system-err><![CDATA[]]></system-err>
      </testcase>
      <testcase name="Test Cases/Sanity_Test/TC_025_Verify that New Business role user can assigned case to the Estate agent" time="52.188" classname="Test Cases/Sanity_Test/TC_025_Verify that New Business role user can assigned case to the Estate agent" status="FAILED">
         <failure type="FAILED" message="Test Cases/Sanity_Test/TC_025_Verify that New Business role user can assigned case to the Estate agent FAILED.
Reason:
com.kms.katalon.core.exception.StepFailedException: Call Test Case 'Test Cases/common_test _cases/login_Page' failed
	at com.kms.katalon.core.keyword.builtin.CallTestCaseKeyword$_callTestCase_closure1.doCall(CallTestCaseKeyword.groovy:63)
	at com.kms.katalon.core.keyword.builtin.CallTestCaseKeyword$_callTestCase_closure1.call(CallTestCaseKeyword.groovy)
	at com.kms.katalon.core.keyword.internal.KeywordMain.runKeyword(KeywordMain.groovy:68)
	at com.kms.katalon.core.keyword.builtin.CallTestCaseKeyword.callTestCase(CallTestCaseKeyword.groovy:81)
	at com.kms.katalon.core.keyword.builtin.CallTestCaseKeyword.execute(CallTestCaseKeyword.groovy:44)
	at com.kms.katalon.core.keyword.internal.KeywordExecutor.executeKeywordForPlatform(KeywordExecutor.groovy:73)
	at com.kms.katalon.core.keyword.BuiltinKeywords.callTestCase(BuiltinKeywords.groovy:334)
	at TC_025_Verify that New Business role user can assigned case to the Estate agent.run(TC_025_Verify that New Business role user can assigned case to the Estate agent:18)
	at com.kms.katalon.core.main.ScriptEngine.run(ScriptEngine.java:194)
	at com.kms.katalon.core.main.ScriptEngine.runScriptAsRawText(ScriptEngine.java:119)
	at com.kms.katalon.core.main.TestCaseExecutor.runScript(TestCaseExecutor.java:339)
	at com.kms.katalon.core.main.TestCaseExecutor.doExecute(TestCaseExecutor.java:330)
	at com.kms.katalon.core.main.TestCaseExecutor.processExecutionPhase(TestCaseExecutor.java:309)
	at com.kms.katalon.core.main.TestCaseExecutor.accessMainPhase(TestCaseExecutor.java:301)
	at com.kms.katalon.core.main.TestCaseExecutor.execute(TestCaseExecutor.java:235)
	at com.kms.katalon.core.main.TestSuiteExecutor.accessTestCaseMainPhase(TestSuiteExecutor.java:191)
	at com.kms.katalon.core.main.TestSuiteExecutor.accessTestSuiteMainPhase(TestSuiteExecutor.java:141)
	at com.kms.katalon.core.main.TestSuiteExecutor.execute(TestSuiteExecutor.java:90)
	at com.kms.katalon.core.main.TestCaseMain.startTestSuite(TestCaseMain.java:157)
	at com.kms.katalon.core.main.TestCaseMain$startTestSuite$0.call(Unknown Source)
	at TempTestSuite1615984312997.run(TempTestSuite1615984312997.groovy:39)
Caused by: com.kms.katalon.core.exception.StepFailedException: Element is not present
	at com.kms.katalon.core.util.KeywordUtil.markFailed(KeywordUtil.java:19)
	at com.kms.katalon.core.util.KeywordUtil$markFailed$1.call(Unknown Source)
	at com.wecomplete.keywords.TestBase.isElementPresent(TestBase.groovy:95)
	at com.wecomplete.keywords.TestBase.invokeMethod(TestBase.groovy)
	at com.kms.katalon.core.main.CustomKeywordDelegatingMetaClass.invokeStaticMethod(CustomKeywordDelegatingMetaClass.java:50)
	at login_Page.run(login_Page:22)
	at com.kms.katalon.core.main.ScriptEngine.run(ScriptEngine.java:194)
	at com.kms.katalon.core.main.ScriptEngine.runScriptAsRawText(ScriptEngine.java:119)
	at com.kms.katalon.core.main.TestCaseExecutor.runScript(TestCaseExecutor.java:339)
	at com.kms.katalon.core.main.TestCaseExecutor.doExecute(TestCaseExecutor.java:330)
	at com.kms.katalon.core.main.TestCaseExecutor.processExecutionPhase(TestCaseExecutor.java:309)
	at com.kms.katalon.core.main.TestCaseExecutor.accessMainPhase(TestCaseExecutor.java:301)
	at com.kms.katalon.core.main.TestCaseExecutor.execute(TestCaseExecutor.java:235)
	at com.kms.katalon.core.main.TestCaseMain.runTestCase(TestCaseMain.java:114)
	at com.kms.katalon.core.keyword.builtin.CallTestCaseKeyword$_callTestCase_closure1.doCall(CallTestCaseKeyword.groovy:59)
	... 20 more
"/>
         <system-out><![CDATA[2021-03-17 18:13:03 - [TEST_CASE][FAILED] - Test Cases/Sanity_Test/TC_025_Verify that New Business role user can assigned case to the Estate agent: Test Cases/Sanity_Test/TC_025_Verify that New Business role user can assigned case to the Estate agent FAILED.
Reason:
com.kms.katalon.core.exception.StepFailedException: Call Test Case 'Test Cases/common_test _cases/login_Page' failed
	at com.kms.katalon.core.keyword.builtin.CallTestCaseKeyword$_callTestCase_closure1.doCall(CallTestCaseKeyword.groovy:63)
	at com.kms.katalon.core.keyword.builtin.CallTestCaseKeyword$_callTestCase_closure1.call(CallTestCaseKeyword.groovy)
	at com.kms.katalon.core.keyword.internal.KeywordMain.runKeyword(KeywordMain.groovy:68)
	at com.kms.katalon.core.keyword.builtin.CallTestCaseKeyword.callTestCase(CallTestCaseKeyword.groovy:81)
	at com.kms.katalon.core.keyword.builtin.CallTestCaseKeyword.execute(CallTestCaseKeyword.groovy:44)
	at com.kms.katalon.core.keyword.internal.KeywordExecutor.executeKeywordForPlatform(KeywordExecutor.groovy:73)
	at com.kms.katalon.core.keyword.BuiltinKeywords.callTestCase(BuiltinKeywords.groovy:334)
	at TC_025_Verify that New Business role user can assigned case to the Estate agent.run(TC_025_Verify that New Business role user can assigned case to the Estate agent:18)
	at com.kms.katalon.core.main.ScriptEngine.run(ScriptEngine.java:194)
	at com.kms.katalon.core.main.ScriptEngine.runScriptAsRawText(ScriptEngine.java:119)
	at com.kms.katalon.core.main.TestCaseExecutor.runScript(TestCaseExecutor.java:339)
	at com.kms.katalon.core.main.TestCaseExecutor.doExecute(TestCaseExecutor.java:330)
	at com.kms.katalon.core.main.TestCaseExecutor.processExecutionPhase(TestCaseExecutor.java:309)
	at com.kms.katalon.core.main.TestCaseExecutor.accessMainPhase(TestCaseExecutor.java:301)
	at com.kms.katalon.core.main.TestCaseExecutor.execute(TestCaseExecutor.java:235)
	at com.kms.katalon.core.main.TestSuiteExecutor.accessTestCaseMainPhase(TestSuiteExecutor.java:191)
	at com.kms.katalon.core.main.TestSuiteExecutor.accessTestSuiteMainPhase(TestSuiteExecutor.java:141)
	at com.kms.katalon.core.main.TestSuiteExecutor.execute(TestSuiteExecutor.java:90)
	at com.kms.katalon.core.main.TestCaseMain.startTestSuite(TestCaseMain.java:157)
	at com.kms.katalon.core.main.TestCaseMain$startTestSuite$0.call(Unknown Source)
	at TempTestSuite1615984312997.run(TempTestSuite1615984312997.groovy:39)
Caused by: com.kms.katalon.core.exception.StepFailedException: Element is not present
	at com.kms.katalon.core.util.KeywordUtil.markFailed(KeywordUtil.java:19)
	at com.kms.katalon.core.util.KeywordUtil$markFailed$1.call(Unknown Source)
	at com.wecomplete.keywords.TestBase.isElementPresent(TestBase.groovy:95)
	at com.wecomplete.keywords.TestBase.invokeMethod(TestBase.groovy)
	at com.kms.katalon.core.main.CustomKeywordDelegatingMetaClass.invokeStaticMethod(CustomKeywordDelegatingMetaClass.java:50)
	at login_Page.run(login_Page:22)
	at com.kms.katalon.core.main.ScriptEngine.run(ScriptEngine.java:194)
	at com.kms.katalon.core.main.ScriptEngine.runScriptAsRawText(ScriptEngine.java:119)
	at com.kms.katalon.core.main.TestCaseExecutor.runScript(TestCaseExecutor.java:339)
	at com.kms.katalon.core.main.TestCaseExecutor.doExecute(TestCaseExecutor.java:330)
	at com.kms.katalon.core.main.TestCaseExecutor.processExecutionPhase(TestCaseExecutor.java:309)
	at com.kms.katalon.core.main.TestCaseExecutor.accessMainPhase(TestCaseExecutor.java:301)
	at com.kms.katalon.core.main.TestCaseExecutor.execute(TestCaseExecutor.java:235)
	at com.kms.katalon.core.main.TestCaseMain.runTestCase(TestCaseMain.java:114)
	at com.kms.katalon.core.keyword.builtin.CallTestCaseKeyword$_callTestCase_closure1.doCall(CallTestCaseKeyword.groovy:59)
	... 20 more


2021-03-17 18:13:03 - [TEST_STEP][PASSED] - Start listener action : sampleBeforeTestCase: null

2021-03-17 18:13:03 - [TEST_STEP][PASSED] - println(testCaseContext.getTestCaseId()): null

2021-03-17 18:13:03 - [TEST_STEP][PASSED] - println(testCaseContext.getTestCaseVariables()): null

2021-03-17 18:13:04 - [TEST_STEP][FAILED] - callTestCase(findTestCase("common_test _cases/login_Page"), ["headerDashboard":headerDashboard, "loginId":EA1, "Password":Password], STOP_ON_FAILURE): Unable to call Test Case 'Test Cases/common_test _cases/login_Page' (Root cause: com.kms.katalon.core.exception.StepFailedException: Call Test Case 'Test Cases/common_test _cases/login_Page' failed
	at com.kms.katalon.core.keyword.builtin.CallTestCaseKeyword$_callTestCase_closure1.doCall(CallTestCaseKeyword.groovy:63)
	at com.kms.katalon.core.keyword.builtin.CallTestCaseKeyword$_callTestCase_closure1.call(CallTestCaseKeyword.groovy)
	at com.kms.katalon.core.keyword.internal.KeywordMain.runKeyword(KeywordMain.groovy:68)
	at com.kms.katalon.core.keyword.builtin.CallTestCaseKeyword.callTestCase(CallTestCaseKeyword.groovy:81)
	at com.kms.katalon.core.keyword.builtin.CallTestCaseKeyword.execute(CallTestCaseKeyword.groovy:44)
	at com.kms.katalon.core.keyword.internal.KeywordExecutor.executeKeywordForPlatform(KeywordExecutor.groovy:73)
	at com.kms.katalon.core.keyword.BuiltinKeywords.callTestCase(BuiltinKeywords.groovy:334)
	at TC_025_Verify that New Business role user can assigned case to the Estate agent.run(TC_025_Verify that New Business role user can assigned case to the Estate agent:18)
	at com.kms.katalon.core.main.ScriptEngine.run(ScriptEngine.java:194)
	at com.kms.katalon.core.main.ScriptEngine.runScriptAsRawText(ScriptEngine.java:119)
	at com.kms.katalon.core.main.TestCaseExecutor.runScript(TestCaseExecutor.java:339)
	at com.kms.katalon.core.main.TestCaseExecutor.doExecute(TestCaseExecutor.java:330)
	at com.kms.katalon.core.main.TestCaseExecutor.processExecutionPhase(TestCaseExecutor.java:309)
	at com.kms.katalon.core.main.TestCaseExecutor.accessMainPhase(TestCaseExecutor.java:301)
	at com.kms.katalon.core.main.TestCaseExecutor.execute(TestCaseExecutor.java:235)
	at com.kms.katalon.core.main.TestSuiteExecutor.accessTestCaseMainPhase(TestSuiteExecutor.java:191)
	at com.kms.katalon.core.main.TestSuiteExecutor.accessTestSuiteMainPhase(TestSuiteExecutor.java:141)
	at com.kms.katalon.core.main.TestSuiteExecutor.execute(TestSuiteExecutor.java:90)
	at com.kms.katalon.core.main.TestCaseMain.startTestSuite(TestCaseMain.java:157)
	at com.kms.katalon.core.main.TestCaseMain$startTestSuite$0.call(Unknown Source)
	at TempTestSuite1615984312997.run(TempTestSuite1615984312997.groovy:39)
Caused by: com.kms.katalon.core.exception.StepFailedException: Element is not present
	at com.kms.katalon.core.util.KeywordUtil.markFailed(KeywordUtil.java:19)
	at com.kms.katalon.core.util.KeywordUtil$markFailed$1.call(Unknown Source)
	at com.wecomplete.keywords.TestBase.isElementPresent(TestBase.groovy:95)
	at com.wecomplete.keywords.TestBase.invokeMethod(TestBase.groovy)
	at com.kms.katalon.core.main.CustomKeywordDelegatingMetaClass.invokeStaticMethod(CustomKeywordDelegatingMetaClass.java:50)
	at login_Page.run(login_Page:22)
	at com.kms.katalon.core.main.ScriptEngine.run(ScriptEngine.java:194)
	at com.kms.katalon.core.main.ScriptEngine.runScriptAsRawText(ScriptEngine.java:119)
	at com.kms.katalon.core.main.TestCaseExecutor.runScript(TestCaseExecutor.java:339)
	at com.kms.katalon.core.main.TestCaseExecutor.doExecute(TestCaseExecutor.java:330)
	at com.kms.katalon.core.main.TestCaseExecutor.processExecutionPhase(TestCaseExecutor.java:309)
	at com.kms.katalon.core.main.TestCaseExecutor.accessMainPhase(TestCaseExecutor.java:301)
	at com.kms.katalon.core.main.TestCaseExecutor.execute(TestCaseExecutor.java:235)
	at com.kms.katalon.core.main.TestCaseMain.runTestCase(TestCaseMain.java:114)
	at com.kms.katalon.core.keyword.builtin.CallTestCaseKeyword$_callTestCase_closure1.doCall(CallTestCaseKeyword.groovy:59)
	... 20 more
)

2021-03-17 18:13:04 - [TEST_CASE][FAILED] - Test Cases/common_test _cases/login_Page: Test Cases/common_test _cases/login_Page FAILED.
Reason:
com.kms.katalon.core.exception.StepFailedException: Element is not present
	at com.kms.katalon.core.util.KeywordUtil.markFailed(KeywordUtil.java:19)
	at com.kms.katalon.core.util.KeywordUtil$markFailed$1.call(Unknown Source)
	at com.wecomplete.keywords.TestBase.isElementPresent(TestBase.groovy:95)
	at com.wecomplete.keywords.TestBase.invokeMethod(TestBase.groovy)
	at com.kms.katalon.core.main.CustomKeywordDelegatingMetaClass.invokeStaticMethod(CustomKeywordDelegatingMetaClass.java:50)
	at login_Page.run(login_Page:22)
	at com.kms.katalon.core.main.ScriptEngine.run(ScriptEngine.java:194)
	at com.kms.katalon.core.main.ScriptEngine.runScriptAsRawText(ScriptEngine.java:119)
	at com.kms.katalon.core.main.TestCaseExecutor.runScript(TestCaseExecutor.java:339)
	at com.kms.katalon.core.main.TestCaseExecutor.doExecute(TestCaseExecutor.java:330)
	at com.kms.katalon.core.main.TestCaseExecutor.processExecutionPhase(TestCaseExecutor.java:309)
	at com.kms.katalon.core.main.TestCaseExecutor.accessMainPhase(TestCaseExecutor.java:301)
	at com.kms.katalon.core.main.TestCaseExecutor.execute(TestCaseExecutor.java:235)
	at com.kms.katalon.core.main.TestCaseMain.runTestCase(TestCaseMain.java:114)
	at com.kms.katalon.core.keyword.builtin.CallTestCaseKeyword$_callTestCase_closure1.doCall(CallTestCaseKeyword.groovy:59)
	at com.kms.katalon.core.keyword.builtin.CallTestCaseKeyword$_callTestCase_closure1.call(CallTestCaseKeyword.groovy)
	at com.kms.katalon.core.keyword.internal.KeywordMain.runKeyword(KeywordMain.groovy:68)
	at com.kms.katalon.core.keyword.builtin.CallTestCaseKeyword.callTestCase(CallTestCaseKeyword.groovy:81)
	at com.kms.katalon.core.keyword.builtin.CallTestCaseKeyword.execute(CallTestCaseKeyword.groovy:44)
	at com.kms.katalon.core.keyword.internal.KeywordExecutor.executeKeywordForPlatform(KeywordExecutor.groovy:73)
	at com.kms.katalon.core.keyword.BuiltinKeywords.callTestCase(BuiltinKeywords.groovy:334)
	at TC_025_Verify that New Business role user can assigned case to the Estate agent.run(TC_025_Verify that New Business role user can assigned case to the Estate agent:18)
	at com.kms.katalon.core.main.ScriptEngine.run(ScriptEngine.java:194)
	at com.kms.katalon.core.main.ScriptEngine.runScriptAsRawText(ScriptEngine.java:119)
	at com.kms.katalon.core.main.TestCaseExecutor.runScript(TestCaseExecutor.java:339)
	at com.kms.katalon.core.main.TestCaseExecutor.doExecute(TestCaseExecutor.java:330)
	at com.kms.katalon.core.main.TestCaseExecutor.processExecutionPhase(TestCaseExecutor.java:309)
	at com.kms.katalon.core.main.TestCaseExecutor.accessMainPhase(TestCaseExecutor.java:301)
	at com.kms.katalon.core.main.TestCaseExecutor.execute(TestCaseExecutor.java:235)
	at com.kms.katalon.core.main.TestSuiteExecutor.accessTestCaseMainPhase(TestSuiteExecutor.java:191)
	at com.kms.katalon.core.main.TestSuiteExecutor.accessTestSuiteMainPhase(TestSuiteExecutor.java:141)
	at com.kms.katalon.core.main.TestSuiteExecutor.execute(TestSuiteExecutor.java:90)
	at com.kms.katalon.core.main.TestCaseMain.startTestSuite(TestCaseMain.java:157)
	at com.kms.katalon.core.main.TestCaseMain$startTestSuite$0.call(Unknown Source)
	at TempTestSuite1615984312997.run(TempTestSuite1615984312997.groovy:39)


2021-03-17 18:13:04 - [TEST_STEP][PASSED] - navigateToUrl(baseurl + "/ph", STOP_ON_FAILURE): Navigate to 'https://imovehome.icompleteonline.co.uk/ph' successfully

2021-03-17 18:13:07 - [MESSAGE][PASSED] - Navigate to 'https://imovehome.icompleteonline.co.uk/ph' successfully

2021-03-17 18:13:07 - [TEST_STEP][FAILED] - com.wecomplete.keywords.TestBase.isElementPresent(findTestObject("Object Repository/login_Page/tab_login"), shortTime): com.kms.katalon.core.exception.StepFailedException: Element is not present

2021-03-17 18:13:16 - [MESSAGE][INFO] - Unable to find the element located by 'By.xpath: //*[@class='col-xs-6 col-sm-6 col-md-6 col-lg-6 col-6 nav-hover ng-star-inserted']//p[contains(text(),'Login')]'. Please recheck the objects properties to make sure the desired element is located. 

2021-03-17 18:13:16 - [MESSAGE][WARNING] - [SELF-HEALING] Failed to find element with id 'Object Repository/login_Page/tab_login'. Try using Self-healing.

2021-03-17 18:13:16 - [MESSAGE][WARNING] - [SELF-HEALING] Cannot find elements when the XPath is null.

2021-03-17 18:13:16 - [MESSAGE][WARNING] - [SELF-HEALING] Cannot find elements when the selector is null

2021-03-17 18:13:16 - [MESSAGE][FAILED] - Element is not present

2021-03-17 18:13:16 - [MESSAGE][FAILED] - com.kms.katalon.core.exception.StepFailedException: Element is not present

2021-03-17 18:13:16 - [TEST_STEP][FAILED] - com.wecomplete.keywords.TestBase.isElementPresent(findTestObject("Object Repository/login_Page/header_login"), shortTime): com.kms.katalon.core.exception.StepFailedException: Element is not present

2021-03-17 18:13:22 - [MESSAGE][INFO] - Unable to find the element located by 'By.xpath: //*[@class='col-xs-12 col-sm-12 col-md-12 col-lg-12 fields-padding']//p[contains(text(),'Login')]'. Please recheck the objects properties to make sure the desired element is located. 

2021-03-17 18:13:22 - [MESSAGE][WARNING] - [SELF-HEALING] Failed to find element with id 'Object Repository/login_Page/header_login'. Try using Self-healing.

2021-03-17 18:13:22 - [MESSAGE][WARNING] - [SELF-HEALING] Cannot find elements when the XPath is null.

2021-03-17 18:13:22 - [MESSAGE][WARNING] - [SELF-HEALING] Cannot find elements when the selector is null

2021-03-17 18:13:22 - [MESSAGE][FAILED] - Element is not present

2021-03-17 18:13:22 - [MESSAGE][FAILED] - com.kms.katalon.core.exception.StepFailedException: Element is not present

2021-03-17 18:13:22 - [TEST_STEP][FAILED] - com.wecomplete.keywords.TestBase.sendkeyElement(findTestObject("Object Repository/login_Page/input_login_id"), loginId): java.lang.AssertionError: Web element with id: 'Object Repository/login_Page/input_login_id' located by '//input[@placeholder='Enter login id']' not found

2021-03-17 18:13:53 - [MESSAGE][INFO] - Unable to find the element located by 'By.xpath: //input[@placeholder='Enter login id']'. Please recheck the objects properties to make sure the desired element is located. 

2021-03-17 18:13:53 - [MESSAGE][WARNING] - [SELF-HEALING] Failed to find element with id 'Object Repository/login_Page/input_login_id'. Try using Self-healing.

2021-03-17 18:13:53 - [MESSAGE][WARNING] - [SELF-HEALING] Cannot find elements when the XPath is null.

2021-03-17 18:13:53 - [MESSAGE][WARNING] - [SELF-HEALING] Cannot find elements when the selector is null

2021-03-17 18:13:53 - [MESSAGE][FAILED] - java.lang.AssertionError: Web element with id: 'Object Repository/login_Page/input_login_id' located by '//input[@placeholder='Enter login id']' not found

2021-03-17 18:13:53 - [MESSAGE][FAILED] - Unable to call Test Case 'Test Cases/common_test _cases/login_Page' (Root cause: com.kms.katalon.core.exception.StepFailedException: Call Test Case 'Test Cases/common_test _cases/login_Page' failed
	at com.kms.katalon.core.keyword.builtin.CallTestCaseKeyword$_callTestCase_closure1.doCall(CallTestCaseKeyword.groovy:63)
	at com.kms.katalon.core.keyword.builtin.CallTestCaseKeyword$_callTestCase_closure1.call(CallTestCaseKeyword.groovy)
	at com.kms.katalon.core.keyword.internal.KeywordMain.runKeyword(KeywordMain.groovy:68)
	at com.kms.katalon.core.keyword.builtin.CallTestCaseKeyword.callTestCase(CallTestCaseKeyword.groovy:81)
	at com.kms.katalon.core.keyword.builtin.CallTestCaseKeyword.execute(CallTestCaseKeyword.groovy:44)
	at com.kms.katalon.core.keyword.internal.KeywordExecutor.executeKeywordForPlatform(KeywordExecutor.groovy:73)
	at com.kms.katalon.core.keyword.BuiltinKeywords.callTestCase(BuiltinKeywords.groovy:334)
	at TC_025_Verify that New Business role user can assigned case to the Estate agent.run(TC_025_Verify that New Business role user can assigned case to the Estate agent:18)
	at com.kms.katalon.core.main.ScriptEngine.run(ScriptEngine.java:194)
	at com.kms.katalon.core.main.ScriptEngine.runScriptAsRawText(ScriptEngine.java:119)
	at com.kms.katalon.core.main.TestCaseExecutor.runScript(TestCaseExecutor.java:339)
	at com.kms.katalon.core.main.TestCaseExecutor.doExecute(TestCaseExecutor.java:330)
	at com.kms.katalon.core.main.TestCaseExecutor.processExecutionPhase(TestCaseExecutor.java:309)
	at com.kms.katalon.core.main.TestCaseExecutor.accessMainPhase(TestCaseExecutor.java:301)
	at com.kms.katalon.core.main.TestCaseExecutor.execute(TestCaseExecutor.java:235)
	at com.kms.katalon.core.main.TestSuiteExecutor.accessTestCaseMainPhase(TestSuiteExecutor.java:191)
	at com.kms.katalon.core.main.TestSuiteExecutor.accessTestSuiteMainPhase(TestSuiteExecutor.java:141)
	at com.kms.katalon.core.main.TestSuiteExecutor.execute(TestSuiteExecutor.java:90)
	at com.kms.katalon.core.main.TestCaseMain.startTestSuite(TestCaseMain.java:157)
	at com.kms.katalon.core.main.TestCaseMain$startTestSuite$0.call(Unknown Source)
	at TempTestSuite1615984312997.run(TempTestSuite1615984312997.groovy:39)
Caused by: com.kms.katalon.core.exception.StepFailedException: Element is not present
	at com.kms.katalon.core.util.KeywordUtil.markFailed(KeywordUtil.java:19)
	at com.kms.katalon.core.util.KeywordUtil$markFailed$1.call(Unknown Source)
	at com.wecomplete.keywords.TestBase.isElementPresent(TestBase.groovy:95)
	at com.wecomplete.keywords.TestBase.invokeMethod(TestBase.groovy)
	at com.kms.katalon.core.main.CustomKeywordDelegatingMetaClass.invokeStaticMethod(CustomKeywordDelegatingMetaClass.java:50)
	at login_Page.run(login_Page:22)
	at com.kms.katalon.core.main.ScriptEngine.run(ScriptEngine.java:194)
	at com.kms.katalon.core.main.ScriptEngine.runScriptAsRawText(ScriptEngine.java:119)
	at com.kms.katalon.core.main.TestCaseExecutor.runScript(TestCaseExecutor.java:339)
	at com.kms.katalon.core.main.TestCaseExecutor.doExecute(TestCaseExecutor.java:330)
	at com.kms.katalon.core.main.TestCaseExecutor.processExecutionPhase(TestCaseExecutor.java:309)
	at com.kms.katalon.core.main.TestCaseExecutor.accessMainPhase(TestCaseExecutor.java:301)
	at com.kms.katalon.core.main.TestCaseExecutor.execute(TestCaseExecutor.java:235)
	at com.kms.katalon.core.main.TestCaseMain.runTestCase(TestCaseMain.java:114)
	at com.kms.katalon.core.keyword.builtin.CallTestCaseKeyword$_callTestCase_closure1.doCall(CallTestCaseKeyword.groovy:59)
	... 20 more
)

2021-03-17 18:13:53 - [TEST_STEP][PASSED] - Start listener action : sampleAfterTestCase: null

2021-03-17 18:13:53 - [TEST_STEP][PASSED] - println(testCaseContext.getTestCaseId()): null

2021-03-17 18:13:53 - [TEST_STEP][PASSED] - println(testCaseContext.getTestCaseStatus()): null

2021-03-17 18:13:55 - [TEST_STEP][PASSED] - Video: Video recording for test case 'Test Cases/Sanity_Test/TC_025_Verify that New Business role user can assigned case to the Estate agent' .

2021-03-17 18:13:55 - [MESSAGE][INFO] - Video recording for test case 'Test Cases/Sanity_Test/TC_025_Verify that New Business role user can assigned case to the Estate agent' .
[[ATTACHMENT|C:\Users\Dell\Desktop\WeComplete\Reports\20210317_180152\Sanity Test\20210317_180152/videos\test_25.avi]]]]></system-out>
         <system-err><![CDATA[2021-03-17 18:13:03 - [TEST_CASE][FAILED] - Test Cases/Sanity_Test/TC_025_Verify that New Business role user can assigned case to the Estate agent: Test Cases/Sanity_Test/TC_025_Verify that New Business role user can assigned case to the Estate agent FAILED.
Reason:
com.kms.katalon.core.exception.StepFailedException: Call Test Case 'Test Cases/common_test _cases/login_Page' failed
	at com.kms.katalon.core.keyword.builtin.CallTestCaseKeyword$_callTestCase_closure1.doCall(CallTestCaseKeyword.groovy:63)
	at com.kms.katalon.core.keyword.builtin.CallTestCaseKeyword$_callTestCase_closure1.call(CallTestCaseKeyword.groovy)
	at com.kms.katalon.core.keyword.internal.KeywordMain.runKeyword(KeywordMain.groovy:68)
	at com.kms.katalon.core.keyword.builtin.CallTestCaseKeyword.callTestCase(CallTestCaseKeyword.groovy:81)
	at com.kms.katalon.core.keyword.builtin.CallTestCaseKeyword.execute(CallTestCaseKeyword.groovy:44)
	at com.kms.katalon.core.keyword.internal.KeywordExecutor.executeKeywordForPlatform(KeywordExecutor.groovy:73)
	at com.kms.katalon.core.keyword.BuiltinKeywords.callTestCase(BuiltinKeywords.groovy:334)
	at TC_025_Verify that New Business role user can assigned case to the Estate agent.run(TC_025_Verify that New Business role user can assigned case to the Estate agent:18)
	at com.kms.katalon.core.main.ScriptEngine.run(ScriptEngine.java:194)
	at com.kms.katalon.core.main.ScriptEngine.runScriptAsRawText(ScriptEngine.java:119)
	at com.kms.katalon.core.main.TestCaseExecutor.runScript(TestCaseExecutor.java:339)
	at com.kms.katalon.core.main.TestCaseExecutor.doExecute(TestCaseExecutor.java:330)
	at com.kms.katalon.core.main.TestCaseExecutor.processExecutionPhase(TestCaseExecutor.java:309)
	at com.kms.katalon.core.main.TestCaseExecutor.accessMainPhase(TestCaseExecutor.java:301)
	at com.kms.katalon.core.main.TestCaseExecutor.execute(TestCaseExecutor.java:235)
	at com.kms.katalon.core.main.TestSuiteExecutor.accessTestCaseMainPhase(TestSuiteExecutor.java:191)
	at com.kms.katalon.core.main.TestSuiteExecutor.accessTestSuiteMainPhase(TestSuiteExecutor.java:141)
	at com.kms.katalon.core.main.TestSuiteExecutor.execute(TestSuiteExecutor.java:90)
	at com.kms.katalon.core.main.TestCaseMain.startTestSuite(TestCaseMain.java:157)
	at com.kms.katalon.core.main.TestCaseMain$startTestSuite$0.call(Unknown Source)
	at TempTestSuite1615984312997.run(TempTestSuite1615984312997.groovy:39)
Caused by: com.kms.katalon.core.exception.StepFailedException: Element is not present
	at com.kms.katalon.core.util.KeywordUtil.markFailed(KeywordUtil.java:19)
	at com.kms.katalon.core.util.KeywordUtil$markFailed$1.call(Unknown Source)
	at com.wecomplete.keywords.TestBase.isElementPresent(TestBase.groovy:95)
	at com.wecomplete.keywords.TestBase.invokeMethod(TestBase.groovy)
	at com.kms.katalon.core.main.CustomKeywordDelegatingMetaClass.invokeStaticMethod(CustomKeywordDelegatingMetaClass.java:50)
	at login_Page.run(login_Page:22)
	at com.kms.katalon.core.main.ScriptEngine.run(ScriptEngine.java:194)
	at com.kms.katalon.core.main.ScriptEngine.runScriptAsRawText(ScriptEngine.java:119)
	at com.kms.katalon.core.main.TestCaseExecutor.runScript(TestCaseExecutor.java:339)
	at com.kms.katalon.core.main.TestCaseExecutor.doExecute(TestCaseExecutor.java:330)
	at com.kms.katalon.core.main.TestCaseExecutor.processExecutionPhase(TestCaseExecutor.java:309)
	at com.kms.katalon.core.main.TestCaseExecutor.accessMainPhase(TestCaseExecutor.java:301)
	at com.kms.katalon.core.main.TestCaseExecutor.execute(TestCaseExecutor.java:235)
	at com.kms.katalon.core.main.TestCaseMain.runTestCase(TestCaseMain.java:114)
	at com.kms.katalon.core.keyword.builtin.CallTestCaseKeyword$_callTestCase_closure1.doCall(CallTestCaseKeyword.groovy:59)
	... 20 more]]></system-err>
      </testcase>
      <testcase name="Test Cases/Sanity_Test/TC_026_Verify that user can Invite People" time="9.626" classname="Test Cases/Sanity_Test/TC_026_Verify that user can Invite People" status="FAILED">
         <failure type="FAILED" message="Test Cases/Sanity_Test/TC_026_Verify that user can Invite People FAILED.
Reason:
com.kms.katalon.core.exception.StepFailedException: com.kms.katalon.core.webui.exception.WebElementNotFoundException: Web element with id: 'Object Repository/Deal Status/Message_Section/Invite_Section/tab_Invite People' located by '//div[@id='accordion111']//*[contains(text(),'Invite People ')]' not found (Root cause: com.kms.katalon.core.exception.StepFailedException: com.kms.katalon.core.webui.exception.WebElementNotFoundException: Web element with id: 'Object Repository/Deal Status/Message_Section/Invite_Section/tab_Invite People' located by '//div[@id='accordion111']//*[contains(text(),'Invite People ')]' not found
	at com.kms.katalon.core.webui.keyword.internal.WebUIKeywordMain.stepFailed(WebUIKeywordMain.groovy:64)
	at com.kms.katalon.core.webui.keyword.builtin.VerifyElementPresentKeyword$_verifyElementPresent_closure1.doCall(VerifyElementPresentKeyword.groovy:85)
	at com.kms.katalon.core.webui.keyword.builtin.VerifyElementPresentKeyword$_verifyElementPresent_closure1.call(VerifyElementPresentKeyword.groovy)
	at com.kms.katalon.core.webui.keyword.internal.WebUIKeywordMain.runKeyword(WebUIKeywordMain.groovy:20)
	at com.kms.katalon.core.webui.keyword.builtin.VerifyElementPresentKeyword.verifyElementPresent(VerifyElementPresentKeyword.groovy:92)
	at com.kms.katalon.core.webui.keyword.builtin.VerifyElementPresentKeyword.execute(VerifyElementPresentKeyword.groovy:68)
	at com.kms.katalon.core.keyword.internal.KeywordExecutor.executeKeywordForPlatform(KeywordExecutor.groovy:73)
	at com.kms.katalon.core.webui.keyword.WebUiBuiltInKeywords.verifyElementPresent(WebUiBuiltInKeywords.groovy:1461)
	at com.kms.katalon.core.webui.keyword.WebUiBuiltInKeywords$verifyElementPresent$7.call(Unknown Source)
	at TC_026_Verify that user can Invite People.run(TC_026_Verify that user can Invite People:19)
	at com.kms.katalon.core.main.ScriptEngine.run(ScriptEngine.java:194)
	at com.kms.katalon.core.main.ScriptEngine.runScriptAsRawText(ScriptEngine.java:119)
	at com.kms.katalon.core.main.TestCaseExecutor.runScript(TestCaseExecutor.java:339)
	at com.kms.katalon.core.main.TestCaseExecutor.doExecute(TestCaseExecutor.java:330)
	at com.kms.katalon.core.main.TestCaseExecutor.processExecutionPhase(TestCaseExecutor.java:309)
	at com.kms.katalon.core.main.TestCaseExecutor.accessMainPhase(TestCaseExecutor.java:301)
	at com.kms.katalon.core.main.TestCaseExecutor.execute(TestCaseExecutor.java:235)
	at com.kms.katalon.core.main.TestSuiteExecutor.accessTestCaseMainPhase(TestSuiteExecutor.java:191)
	at com.kms.katalon.core.main.TestSuiteExecutor.accessTestSuiteMainPhase(TestSuiteExecutor.java:141)
	at com.kms.katalon.core.main.TestSuiteExecutor.execute(TestSuiteExecutor.java:90)
	at com.kms.katalon.core.main.TestCaseMain.startTestSuite(TestCaseMain.java:157)
	at com.kms.katalon.core.main.TestCaseMain$startTestSuite$0.call(Unknown Source)
	at TempTestSuite1615984312997.run(TempTestSuite1615984312997.groovy:39)
)
	at com.kms.katalon.core.keyword.internal.KeywordMain.stepFailed(KeywordMain.groovy:39)
	at com.kms.katalon.core.webui.keyword.internal.WebUIKeywordMain.stepFailed(WebUIKeywordMain.groovy:64)
	at com.kms.katalon.core.webui.keyword.builtin.VerifyElementPresentKeyword$_verifyElementPresent_closure1.doCall(VerifyElementPresentKeyword.groovy:85)
	at com.kms.katalon.core.webui.keyword.builtin.VerifyElementPresentKeyword$_verifyElementPresent_closure1.call(VerifyElementPresentKeyword.groovy)
	at com.kms.katalon.core.webui.keyword.internal.WebUIKeywordMain.runKeyword(WebUIKeywordMain.groovy:20)
	at com.kms.katalon.core.webui.keyword.builtin.VerifyElementPresentKeyword.verifyElementPresent(VerifyElementPresentKeyword.groovy:92)
	at com.kms.katalon.core.webui.keyword.builtin.VerifyElementPresentKeyword.execute(VerifyElementPresentKeyword.groovy:68)
	at com.kms.katalon.core.keyword.internal.KeywordExecutor.executeKeywordForPlatform(KeywordExecutor.groovy:73)
	at com.kms.katalon.core.webui.keyword.WebUiBuiltInKeywords.verifyElementPresent(WebUiBuiltInKeywords.groovy:1461)
	at com.kms.katalon.core.webui.keyword.WebUiBuiltInKeywords$verifyElementPresent$7.call(Unknown Source)
	at TC_026_Verify that user can Invite People.run(TC_026_Verify that user can Invite People:19)
	at com.kms.katalon.core.main.ScriptEngine.run(ScriptEngine.java:194)
	at com.kms.katalon.core.main.ScriptEngine.runScriptAsRawText(ScriptEngine.java:119)
	at com.kms.katalon.core.main.TestCaseExecutor.runScript(TestCaseExecutor.java:339)
	at com.kms.katalon.core.main.TestCaseExecutor.doExecute(TestCaseExecutor.java:330)
	at com.kms.katalon.core.main.TestCaseExecutor.processExecutionPhase(TestCaseExecutor.java:309)
	at com.kms.katalon.core.main.TestCaseExecutor.accessMainPhase(TestCaseExecutor.java:301)
	at com.kms.katalon.core.main.TestCaseExecutor.execute(TestCaseExecutor.java:235)
	at com.kms.katalon.core.main.TestSuiteExecutor.accessTestCaseMainPhase(TestSuiteExecutor.java:191)
	at com.kms.katalon.core.main.TestSuiteExecutor.accessTestSuiteMainPhase(TestSuiteExecutor.java:141)
	at com.kms.katalon.core.main.TestSuiteExecutor.execute(TestSuiteExecutor.java:90)
	at com.kms.katalon.core.main.TestCaseMain.startTestSuite(TestCaseMain.java:157)
	at com.kms.katalon.core.main.TestCaseMain$startTestSuite$0.call(Unknown Source)
	at TempTestSuite1615984312997.run(TempTestSuite1615984312997.groovy:39)
Caused by: com.kms.katalon.core.exception.StepFailedException: com.kms.katalon.core.webui.exception.WebElementNotFoundException: Web element with id: 'Object Repository/Deal Status/Message_Section/Invite_Section/tab_Invite People' located by '//div[@id='accordion111']//*[contains(text(),'Invite People ')]' not found
	... 23 more
"/>
         <system-out><![CDATA[2021-03-17 18:13:56 - [TEST_CASE][FAILED] - Test Cases/Sanity_Test/TC_026_Verify that user can Invite People: Test Cases/Sanity_Test/TC_026_Verify that user can Invite People FAILED.
Reason:
com.kms.katalon.core.exception.StepFailedException: com.kms.katalon.core.webui.exception.WebElementNotFoundException: Web element with id: 'Object Repository/Deal Status/Message_Section/Invite_Section/tab_Invite People' located by '//div[@id='accordion111']//*[contains(text(),'Invite People ')]' not found (Root cause: com.kms.katalon.core.exception.StepFailedException: com.kms.katalon.core.webui.exception.WebElementNotFoundException: Web element with id: 'Object Repository/Deal Status/Message_Section/Invite_Section/tab_Invite People' located by '//div[@id='accordion111']//*[contains(text(),'Invite People ')]' not found
	at com.kms.katalon.core.webui.keyword.internal.WebUIKeywordMain.stepFailed(WebUIKeywordMain.groovy:64)
	at com.kms.katalon.core.webui.keyword.builtin.VerifyElementPresentKeyword$_verifyElementPresent_closure1.doCall(VerifyElementPresentKeyword.groovy:85)
	at com.kms.katalon.core.webui.keyword.builtin.VerifyElementPresentKeyword$_verifyElementPresent_closure1.call(VerifyElementPresentKeyword.groovy)
	at com.kms.katalon.core.webui.keyword.internal.WebUIKeywordMain.runKeyword(WebUIKeywordMain.groovy:20)
	at com.kms.katalon.core.webui.keyword.builtin.VerifyElementPresentKeyword.verifyElementPresent(VerifyElementPresentKeyword.groovy:92)
	at com.kms.katalon.core.webui.keyword.builtin.VerifyElementPresentKeyword.execute(VerifyElementPresentKeyword.groovy:68)
	at com.kms.katalon.core.keyword.internal.KeywordExecutor.executeKeywordForPlatform(KeywordExecutor.groovy:73)
	at com.kms.katalon.core.webui.keyword.WebUiBuiltInKeywords.verifyElementPresent(WebUiBuiltInKeywords.groovy:1461)
	at com.kms.katalon.core.webui.keyword.WebUiBuiltInKeywords$verifyElementPresent$7.call(Unknown Source)
	at TC_026_Verify that user can Invite People.run(TC_026_Verify that user can Invite People:19)
	at com.kms.katalon.core.main.ScriptEngine.run(ScriptEngine.java:194)
	at com.kms.katalon.core.main.ScriptEngine.runScriptAsRawText(ScriptEngine.java:119)
	at com.kms.katalon.core.main.TestCaseExecutor.runScript(TestCaseExecutor.java:339)
	at com.kms.katalon.core.main.TestCaseExecutor.doExecute(TestCaseExecutor.java:330)
	at com.kms.katalon.core.main.TestCaseExecutor.processExecutionPhase(TestCaseExecutor.java:309)
	at com.kms.katalon.core.main.TestCaseExecutor.accessMainPhase(TestCaseExecutor.java:301)
	at com.kms.katalon.core.main.TestCaseExecutor.execute(TestCaseExecutor.java:235)
	at com.kms.katalon.core.main.TestSuiteExecutor.accessTestCaseMainPhase(TestSuiteExecutor.java:191)
	at com.kms.katalon.core.main.TestSuiteExecutor.accessTestSuiteMainPhase(TestSuiteExecutor.java:141)
	at com.kms.katalon.core.main.TestSuiteExecutor.execute(TestSuiteExecutor.java:90)
	at com.kms.katalon.core.main.TestCaseMain.startTestSuite(TestCaseMain.java:157)
	at com.kms.katalon.core.main.TestCaseMain$startTestSuite$0.call(Unknown Source)
	at TempTestSuite1615984312997.run(TempTestSuite1615984312997.groovy:39)
)
	at com.kms.katalon.core.keyword.internal.KeywordMain.stepFailed(KeywordMain.groovy:39)
	at com.kms.katalon.core.webui.keyword.internal.WebUIKeywordMain.stepFailed(WebUIKeywordMain.groovy:64)
	at com.kms.katalon.core.webui.keyword.builtin.VerifyElementPresentKeyword$_verifyElementPresent_closure1.doCall(VerifyElementPresentKeyword.groovy:85)
	at com.kms.katalon.core.webui.keyword.builtin.VerifyElementPresentKeyword$_verifyElementPresent_closure1.call(VerifyElementPresentKeyword.groovy)
	at com.kms.katalon.core.webui.keyword.internal.WebUIKeywordMain.runKeyword(WebUIKeywordMain.groovy:20)
	at com.kms.katalon.core.webui.keyword.builtin.VerifyElementPresentKeyword.verifyElementPresent(VerifyElementPresentKeyword.groovy:92)
	at com.kms.katalon.core.webui.keyword.builtin.VerifyElementPresentKeyword.execute(VerifyElementPresentKeyword.groovy:68)
	at com.kms.katalon.core.keyword.internal.KeywordExecutor.executeKeywordForPlatform(KeywordExecutor.groovy:73)
	at com.kms.katalon.core.webui.keyword.WebUiBuiltInKeywords.verifyElementPresent(WebUiBuiltInKeywords.groovy:1461)
	at com.kms.katalon.core.webui.keyword.WebUiBuiltInKeywords$verifyElementPresent$7.call(Unknown Source)
	at TC_026_Verify that user can Invite People.run(TC_026_Verify that user can Invite People:19)
	at com.kms.katalon.core.main.ScriptEngine.run(ScriptEngine.java:194)
	at com.kms.katalon.core.main.ScriptEngine.runScriptAsRawText(ScriptEngine.java:119)
	at com.kms.katalon.core.main.TestCaseExecutor.runScript(TestCaseExecutor.java:339)
	at com.kms.katalon.core.main.TestCaseExecutor.doExecute(TestCaseExecutor.java:330)
	at com.kms.katalon.core.main.TestCaseExecutor.processExecutionPhase(TestCaseExecutor.java:309)
	at com.kms.katalon.core.main.TestCaseExecutor.accessMainPhase(TestCaseExecutor.java:301)
	at com.kms.katalon.core.main.TestCaseExecutor.execute(TestCaseExecutor.java:235)
	at com.kms.katalon.core.main.TestSuiteExecutor.accessTestCaseMainPhase(TestSuiteExecutor.java:191)
	at com.kms.katalon.core.main.TestSuiteExecutor.accessTestSuiteMainPhase(TestSuiteExecutor.java:141)
	at com.kms.katalon.core.main.TestSuiteExecutor.execute(TestSuiteExecutor.java:90)
	at com.kms.katalon.core.main.TestCaseMain.startTestSuite(TestCaseMain.java:157)
	at com.kms.katalon.core.main.TestCaseMain$startTestSuite$0.call(Unknown Source)
	at TempTestSuite1615984312997.run(TempTestSuite1615984312997.groovy:39)
Caused by: com.kms.katalon.core.exception.StepFailedException: com.kms.katalon.core.webui.exception.WebElementNotFoundException: Web element with id: 'Object Repository/Deal Status/Message_Section/Invite_Section/tab_Invite People' located by '//div[@id='accordion111']//*[contains(text(),'Invite People ')]' not found
	... 23 more


2021-03-17 18:13:56 - [TEST_STEP][PASSED] - Start listener action : sampleBeforeTestCase: null

2021-03-17 18:13:56 - [TEST_STEP][PASSED] - println(testCaseContext.getTestCaseId()): null

2021-03-17 18:13:56 - [TEST_STEP][PASSED] - println(testCaseContext.getTestCaseVariables()): null

2021-03-17 18:13:56 - [TEST_STEP][FAILED] - if (verifyElementPresent(findTestObject("Object Repository/Deal Status/Message_Section/Invite_Section/tab_Invite People"), shortTime) == true): com.kms.katalon.core.webui.exception.WebElementNotFoundException: Web element with id: 'Object Repository/Deal Status/Message_Section/Invite_Section/tab_Invite People' located by '//div[@id='accordion111']//*[contains(text(),'Invite People ')]' not found (Root cause: com.kms.katalon.core.exception.StepFailedException: com.kms.katalon.core.webui.exception.WebElementNotFoundException: Web element with id: 'Object Repository/Deal Status/Message_Section/Invite_Section/tab_Invite People' located by '//div[@id='accordion111']//*[contains(text(),'Invite People ')]' not found
	at com.kms.katalon.core.webui.keyword.internal.WebUIKeywordMain.stepFailed(WebUIKeywordMain.groovy:64)
	at com.kms.katalon.core.webui.keyword.builtin.VerifyElementPresentKeyword$_verifyElementPresent_closure1.doCall(VerifyElementPresentKeyword.groovy:85)
	at com.kms.katalon.core.webui.keyword.builtin.VerifyElementPresentKeyword$_verifyElementPresent_closure1.call(VerifyElementPresentKeyword.groovy)
	at com.kms.katalon.core.webui.keyword.internal.WebUIKeywordMain.runKeyword(WebUIKeywordMain.groovy:20)
	at com.kms.katalon.core.webui.keyword.builtin.VerifyElementPresentKeyword.verifyElementPresent(VerifyElementPresentKeyword.groovy:92)
	at com.kms.katalon.core.webui.keyword.builtin.VerifyElementPresentKeyword.execute(VerifyElementPresentKeyword.groovy:68)
	at com.kms.katalon.core.keyword.internal.KeywordExecutor.executeKeywordForPlatform(KeywordExecutor.groovy:73)
	at com.kms.katalon.core.webui.keyword.WebUiBuiltInKeywords.verifyElementPresent(WebUiBuiltInKeywords.groovy:1461)
	at com.kms.katalon.core.webui.keyword.WebUiBuiltInKeywords$verifyElementPresent$7.call(Unknown Source)
	at TC_026_Verify that user can Invite People.run(TC_026_Verify that user can Invite People:19)
	at com.kms.katalon.core.main.ScriptEngine.run(ScriptEngine.java:194)
	at com.kms.katalon.core.main.ScriptEngine.runScriptAsRawText(ScriptEngine.java:119)
	at com.kms.katalon.core.main.TestCaseExecutor.runScript(TestCaseExecutor.java:339)
	at com.kms.katalon.core.main.TestCaseExecutor.doExecute(TestCaseExecutor.java:330)
	at com.kms.katalon.core.main.TestCaseExecutor.processExecutionPhase(TestCaseExecutor.java:309)
	at com.kms.katalon.core.main.TestCaseExecutor.accessMainPhase(TestCaseExecutor.java:301)
	at com.kms.katalon.core.main.TestCaseExecutor.execute(TestCaseExecutor.java:235)
	at com.kms.katalon.core.main.TestSuiteExecutor.accessTestCaseMainPhase(TestSuiteExecutor.java:191)
	at com.kms.katalon.core.main.TestSuiteExecutor.accessTestSuiteMainPhase(TestSuiteExecutor.java:141)
	at com.kms.katalon.core.main.TestSuiteExecutor.execute(TestSuiteExecutor.java:90)
	at com.kms.katalon.core.main.TestCaseMain.startTestSuite(TestCaseMain.java:157)
	at com.kms.katalon.core.main.TestCaseMain$startTestSuite$0.call(Unknown Source)
	at TempTestSuite1615984312997.run(TempTestSuite1615984312997.groovy:39)
)

2021-03-17 18:14:02 - [MESSAGE][INFO] - Unable to find the element located by 'By.xpath: //div[@id='accordion111']//*[contains(text(),'Invite People ')]'. Please recheck the objects properties to make sure the desired element is located. 

2021-03-17 18:14:03 - [MESSAGE][FAILED] - com.kms.katalon.core.webui.exception.WebElementNotFoundException: Web element with id: 'Object Repository/Deal Status/Message_Section/Invite_Section/tab_Invite People' located by '//div[@id='accordion111']//*[contains(text(),'Invite People ')]' not found (Root cause: com.kms.katalon.core.exception.StepFailedException: com.kms.katalon.core.webui.exception.WebElementNotFoundException: Web element with id: 'Object Repository/Deal Status/Message_Section/Invite_Section/tab_Invite People' located by '//div[@id='accordion111']//*[contains(text(),'Invite People ')]' not found
	at com.kms.katalon.core.webui.keyword.internal.WebUIKeywordMain.stepFailed(WebUIKeywordMain.groovy:64)
	at com.kms.katalon.core.webui.keyword.builtin.VerifyElementPresentKeyword$_verifyElementPresent_closure1.doCall(VerifyElementPresentKeyword.groovy:85)
	at com.kms.katalon.core.webui.keyword.builtin.VerifyElementPresentKeyword$_verifyElementPresent_closure1.call(VerifyElementPresentKeyword.groovy)
	at com.kms.katalon.core.webui.keyword.internal.WebUIKeywordMain.runKeyword(WebUIKeywordMain.groovy:20)
	at com.kms.katalon.core.webui.keyword.builtin.VerifyElementPresentKeyword.verifyElementPresent(VerifyElementPresentKeyword.groovy:92)
	at com.kms.katalon.core.webui.keyword.builtin.VerifyElementPresentKeyword.execute(VerifyElementPresentKeyword.groovy:68)
	at com.kms.katalon.core.keyword.internal.KeywordExecutor.executeKeywordForPlatform(KeywordExecutor.groovy:73)
	at com.kms.katalon.core.webui.keyword.WebUiBuiltInKeywords.verifyElementPresent(WebUiBuiltInKeywords.groovy:1461)
	at com.kms.katalon.core.webui.keyword.WebUiBuiltInKeywords$verifyElementPresent$7.call(Unknown Source)
	at TC_026_Verify that user can Invite People.run(TC_026_Verify that user can Invite People:19)
	at com.kms.katalon.core.main.ScriptEngine.run(ScriptEngine.java:194)
	at com.kms.katalon.core.main.ScriptEngine.runScriptAsRawText(ScriptEngine.java:119)
	at com.kms.katalon.core.main.TestCaseExecutor.runScript(TestCaseExecutor.java:339)
	at com.kms.katalon.core.main.TestCaseExecutor.doExecute(TestCaseExecutor.java:330)
	at com.kms.katalon.core.main.TestCaseExecutor.processExecutionPhase(TestCaseExecutor.java:309)
	at com.kms.katalon.core.main.TestCaseExecutor.accessMainPhase(TestCaseExecutor.java:301)
	at com.kms.katalon.core.main.TestCaseExecutor.execute(TestCaseExecutor.java:235)
	at com.kms.katalon.core.main.TestSuiteExecutor.accessTestCaseMainPhase(TestSuiteExecutor.java:191)
	at com.kms.katalon.core.main.TestSuiteExecutor.accessTestSuiteMainPhase(TestSuiteExecutor.java:141)
	at com.kms.katalon.core.main.TestSuiteExecutor.execute(TestSuiteExecutor.java:90)
	at com.kms.katalon.core.main.TestCaseMain.startTestSuite(TestCaseMain.java:157)
	at com.kms.katalon.core.main.TestCaseMain$startTestSuite$0.call(Unknown Source)
	at TempTestSuite1615984312997.run(TempTestSuite1615984312997.groovy:39)
)
[[ATTACHMENT|C:\\Users\\Dell\\Desktop\\WeComplete\\Reports\\20210317_180152\\Sanity Test\\20210317_180152\\1615985042806.png]]

2021-03-17 18:14:03 - [TEST_STEP][PASSED] - else: null

2021-03-17 18:14:03 - [TEST_STEP][PASSED] - out.print("Invite people tab is not present"): null

2021-03-17 18:14:03 - [TEST_STEP][PASSED] - Start listener action : sampleAfterTestCase: null

2021-03-17 18:14:03 - [TEST_STEP][PASSED] - println(testCaseContext.getTestCaseId()): null

2021-03-17 18:14:03 - [TEST_STEP][PASSED] - println(testCaseContext.getTestCaseStatus()): null

2021-03-17 18:14:05 - [TEST_STEP][PASSED] - Video: Video recording for test case 'Test Cases/Sanity_Test/TC_026_Verify that user can Invite People' .

2021-03-17 18:14:05 - [MESSAGE][INFO] - Video recording for test case 'Test Cases/Sanity_Test/TC_026_Verify that user can Invite People' .
[[ATTACHMENT|C:\Users\Dell\Desktop\WeComplete\Reports\20210317_180152\Sanity Test\20210317_180152/videos\test_26.avi]]]]></system-out>
         <system-err><![CDATA[2021-03-17 18:13:56 - [TEST_CASE][FAILED] - Test Cases/Sanity_Test/TC_026_Verify that user can Invite People: Test Cases/Sanity_Test/TC_026_Verify that user can Invite People FAILED.
Reason:
com.kms.katalon.core.exception.StepFailedException: com.kms.katalon.core.webui.exception.WebElementNotFoundException: Web element with id: 'Object Repository/Deal Status/Message_Section/Invite_Section/tab_Invite People' located by '//div[@id='accordion111']//*[contains(text(),'Invite People ')]' not found (Root cause: com.kms.katalon.core.exception.StepFailedException: com.kms.katalon.core.webui.exception.WebElementNotFoundException: Web element with id: 'Object Repository/Deal Status/Message_Section/Invite_Section/tab_Invite People' located by '//div[@id='accordion111']//*[contains(text(),'Invite People ')]' not found
	at com.kms.katalon.core.webui.keyword.internal.WebUIKeywordMain.stepFailed(WebUIKeywordMain.groovy:64)
	at com.kms.katalon.core.webui.keyword.builtin.VerifyElementPresentKeyword$_verifyElementPresent_closure1.doCall(VerifyElementPresentKeyword.groovy:85)
	at com.kms.katalon.core.webui.keyword.builtin.VerifyElementPresentKeyword$_verifyElementPresent_closure1.call(VerifyElementPresentKeyword.groovy)
	at com.kms.katalon.core.webui.keyword.internal.WebUIKeywordMain.runKeyword(WebUIKeywordMain.groovy:20)
	at com.kms.katalon.core.webui.keyword.builtin.VerifyElementPresentKeyword.verifyElementPresent(VerifyElementPresentKeyword.groovy:92)
	at com.kms.katalon.core.webui.keyword.builtin.VerifyElementPresentKeyword.execute(VerifyElementPresentKeyword.groovy:68)
	at com.kms.katalon.core.keyword.internal.KeywordExecutor.executeKeywordForPlatform(KeywordExecutor.groovy:73)
	at com.kms.katalon.core.webui.keyword.WebUiBuiltInKeywords.verifyElementPresent(WebUiBuiltInKeywords.groovy:1461)
	at com.kms.katalon.core.webui.keyword.WebUiBuiltInKeywords$verifyElementPresent$7.call(Unknown Source)
	at TC_026_Verify that user can Invite People.run(TC_026_Verify that user can Invite People:19)
	at com.kms.katalon.core.main.ScriptEngine.run(ScriptEngine.java:194)
	at com.kms.katalon.core.main.ScriptEngine.runScriptAsRawText(ScriptEngine.java:119)
	at com.kms.katalon.core.main.TestCaseExecutor.runScript(TestCaseExecutor.java:339)
	at com.kms.katalon.core.main.TestCaseExecutor.doExecute(TestCaseExecutor.java:330)
	at com.kms.katalon.core.main.TestCaseExecutor.processExecutionPhase(TestCaseExecutor.java:309)
	at com.kms.katalon.core.main.TestCaseExecutor.accessMainPhase(TestCaseExecutor.java:301)
	at com.kms.katalon.core.main.TestCaseExecutor.execute(TestCaseExecutor.java:235)
	at com.kms.katalon.core.main.TestSuiteExecutor.accessTestCaseMainPhase(TestSuiteExecutor.java:191)
	at com.kms.katalon.core.main.TestSuiteExecutor.accessTestSuiteMainPhase(TestSuiteExecutor.java:141)
	at com.kms.katalon.core.main.TestSuiteExecutor.execute(TestSuiteExecutor.java:90)
	at com.kms.katalon.core.main.TestCaseMain.startTestSuite(TestCaseMain.java:157)
	at com.kms.katalon.core.main.TestCaseMain$startTestSuite$0.call(Unknown Source)
	at TempTestSuite1615984312997.run(TempTestSuite1615984312997.groovy:39)
)
	at com.kms.katalon.core.keyword.internal.KeywordMain.stepFailed(KeywordMain.groovy:39)
	at com.kms.katalon.core.webui.keyword.internal.WebUIKeywordMain.stepFailed(WebUIKeywordMain.groovy:64)
	at com.kms.katalon.core.webui.keyword.builtin.VerifyElementPresentKeyword$_verifyElementPresent_closure1.doCall(VerifyElementPresentKeyword.groovy:85)
	at com.kms.katalon.core.webui.keyword.builtin.VerifyElementPresentKeyword$_verifyElementPresent_closure1.call(VerifyElementPresentKeyword.groovy)
	at com.kms.katalon.core.webui.keyword.internal.WebUIKeywordMain.runKeyword(WebUIKeywordMain.groovy:20)
	at com.kms.katalon.core.webui.keyword.builtin.VerifyElementPresentKeyword.verifyElementPresent(VerifyElementPresentKeyword.groovy:92)
	at com.kms.katalon.core.webui.keyword.builtin.VerifyElementPresentKeyword.execute(VerifyElementPresentKeyword.groovy:68)
	at com.kms.katalon.core.keyword.internal.KeywordExecutor.executeKeywordForPlatform(KeywordExecutor.groovy:73)
	at com.kms.katalon.core.webui.keyword.WebUiBuiltInKeywords.verifyElementPresent(WebUiBuiltInKeywords.groovy:1461)
	at com.kms.katalon.core.webui.keyword.WebUiBuiltInKeywords$verifyElementPresent$7.call(Unknown Source)
	at TC_026_Verify that user can Invite People.run(TC_026_Verify that user can Invite People:19)
	at com.kms.katalon.core.main.ScriptEngine.run(ScriptEngine.java:194)
	at com.kms.katalon.core.main.ScriptEngine.runScriptAsRawText(ScriptEngine.java:119)
	at com.kms.katalon.core.main.TestCaseExecutor.runScript(TestCaseExecutor.java:339)
	at com.kms.katalon.core.main.TestCaseExecutor.doExecute(TestCaseExecutor.java:330)
	at com.kms.katalon.core.main.TestCaseExecutor.processExecutionPhase(TestCaseExecutor.java:309)
	at com.kms.katalon.core.main.TestCaseExecutor.accessMainPhase(TestCaseExecutor.java:301)
	at com.kms.katalon.core.main.TestCaseExecutor.execute(TestCaseExecutor.java:235)
	at com.kms.katalon.core.main.TestSuiteExecutor.accessTestCaseMainPhase(TestSuiteExecutor.java:191)
	at com.kms.katalon.core.main.TestSuiteExecutor.accessTestSuiteMainPhase(TestSuiteExecutor.java:141)
	at com.kms.katalon.core.main.TestSuiteExecutor.execute(TestSuiteExecutor.java:90)
	at com.kms.katalon.core.main.TestCaseMain.startTestSuite(TestCaseMain.java:157)
	at com.kms.katalon.core.main.TestCaseMain$startTestSuite$0.call(Unknown Source)
	at TempTestSuite1615984312997.run(TempTestSuite1615984312997.groovy:39)
Caused by: com.kms.katalon.core.exception.StepFailedException: com.kms.katalon.core.webui.exception.WebElementNotFoundException: Web element with id: 'Object Repository/Deal Status/Message_Section/Invite_Section/tab_Invite People' located by '//div[@id='accordion111']//*[contains(text(),'Invite People ')]' not found
	... 23 more]]></system-err>
      </testcase>
      <testcase name="Test Cases/Sanity_Test/TC_027_Verify that invited member displayed on Pending invitations tab" time="9.52" classname="Test Cases/Sanity_Test/TC_027_Verify that invited member displayed on Pending invitations tab" status="FAILED">
         <failure type="FAILED" message="Test Cases/Sanity_Test/TC_027_Verify that invited member displayed on Pending invitations tab FAILED.
Reason:
com.kms.katalon.core.exception.StepFailedException: com.kms.katalon.core.webui.exception.WebElementNotFoundException: Web element with id: 'Object Repository/Deal Status/Message_Section/tab_Pending Invitations' located by '//div[@id='headingOne']//*[contains(text(),' Pending Invitations ')]' not found (Root cause: com.kms.katalon.core.exception.StepFailedException: com.kms.katalon.core.webui.exception.WebElementNotFoundException: Web element with id: 'Object Repository/Deal Status/Message_Section/tab_Pending Invitations' located by '//div[@id='headingOne']//*[contains(text(),' Pending Invitations ')]' not found
	at com.kms.katalon.core.webui.keyword.internal.WebUIKeywordMain.stepFailed(WebUIKeywordMain.groovy:64)
	at com.kms.katalon.core.webui.keyword.builtin.VerifyElementPresentKeyword$_verifyElementPresent_closure1.doCall(VerifyElementPresentKeyword.groovy:85)
	at com.kms.katalon.core.webui.keyword.builtin.VerifyElementPresentKeyword$_verifyElementPresent_closure1.call(VerifyElementPresentKeyword.groovy)
	at com.kms.katalon.core.webui.keyword.internal.WebUIKeywordMain.runKeyword(WebUIKeywordMain.groovy:20)
	at com.kms.katalon.core.webui.keyword.builtin.VerifyElementPresentKeyword.verifyElementPresent(VerifyElementPresentKeyword.groovy:92)
	at com.kms.katalon.core.webui.keyword.builtin.VerifyElementPresentKeyword.execute(VerifyElementPresentKeyword.groovy:68)
	at com.kms.katalon.core.keyword.internal.KeywordExecutor.executeKeywordForPlatform(KeywordExecutor.groovy:73)
	at com.kms.katalon.core.webui.keyword.WebUiBuiltInKeywords.verifyElementPresent(WebUiBuiltInKeywords.groovy:1461)
	at com.kms.katalon.core.webui.keyword.WebUiBuiltInKeywords$verifyElementPresent$7.call(Unknown Source)
	at TC_027_Verify that invited member displayed on Pending invitations tab.run(TC_027_Verify that invited member displayed on Pending invitations tab:19)
	at com.kms.katalon.core.main.ScriptEngine.run(ScriptEngine.java:194)
	at com.kms.katalon.core.main.ScriptEngine.runScriptAsRawText(ScriptEngine.java:119)
	at com.kms.katalon.core.main.TestCaseExecutor.runScript(TestCaseExecutor.java:339)
	at com.kms.katalon.core.main.TestCaseExecutor.doExecute(TestCaseExecutor.java:330)
	at com.kms.katalon.core.main.TestCaseExecutor.processExecutionPhase(TestCaseExecutor.java:309)
	at com.kms.katalon.core.main.TestCaseExecutor.accessMainPhase(TestCaseExecutor.java:301)
	at com.kms.katalon.core.main.TestCaseExecutor.execute(TestCaseExecutor.java:235)
	at com.kms.katalon.core.main.TestSuiteExecutor.accessTestCaseMainPhase(TestSuiteExecutor.java:191)
	at com.kms.katalon.core.main.TestSuiteExecutor.accessTestSuiteMainPhase(TestSuiteExecutor.java:141)
	at com.kms.katalon.core.main.TestSuiteExecutor.execute(TestSuiteExecutor.java:90)
	at com.kms.katalon.core.main.TestCaseMain.startTestSuite(TestCaseMain.java:157)
	at com.kms.katalon.core.main.TestCaseMain$startTestSuite$0.call(Unknown Source)
	at TempTestSuite1615984312997.run(TempTestSuite1615984312997.groovy:39)
)
	at com.kms.katalon.core.keyword.internal.KeywordMain.stepFailed(KeywordMain.groovy:39)
	at com.kms.katalon.core.webui.keyword.internal.WebUIKeywordMain.stepFailed(WebUIKeywordMain.groovy:64)
	at com.kms.katalon.core.webui.keyword.builtin.VerifyElementPresentKeyword$_verifyElementPresent_closure1.doCall(VerifyElementPresentKeyword.groovy:85)
	at com.kms.katalon.core.webui.keyword.builtin.VerifyElementPresentKeyword$_verifyElementPresent_closure1.call(VerifyElementPresentKeyword.groovy)
	at com.kms.katalon.core.webui.keyword.internal.WebUIKeywordMain.runKeyword(WebUIKeywordMain.groovy:20)
	at com.kms.katalon.core.webui.keyword.builtin.VerifyElementPresentKeyword.verifyElementPresent(VerifyElementPresentKeyword.groovy:92)
	at com.kms.katalon.core.webui.keyword.builtin.VerifyElementPresentKeyword.execute(VerifyElementPresentKeyword.groovy:68)
	at com.kms.katalon.core.keyword.internal.KeywordExecutor.executeKeywordForPlatform(KeywordExecutor.groovy:73)
	at com.kms.katalon.core.webui.keyword.WebUiBuiltInKeywords.verifyElementPresent(WebUiBuiltInKeywords.groovy:1461)
	at com.kms.katalon.core.webui.keyword.WebUiBuiltInKeywords$verifyElementPresent$7.call(Unknown Source)
	at TC_027_Verify that invited member displayed on Pending invitations tab.run(TC_027_Verify that invited member displayed on Pending invitations tab:19)
	at com.kms.katalon.core.main.ScriptEngine.run(ScriptEngine.java:194)
	at com.kms.katalon.core.main.ScriptEngine.runScriptAsRawText(ScriptEngine.java:119)
	at com.kms.katalon.core.main.TestCaseExecutor.runScript(TestCaseExecutor.java:339)
	at com.kms.katalon.core.main.TestCaseExecutor.doExecute(TestCaseExecutor.java:330)
	at com.kms.katalon.core.main.TestCaseExecutor.processExecutionPhase(TestCaseExecutor.java:309)
	at com.kms.katalon.core.main.TestCaseExecutor.accessMainPhase(TestCaseExecutor.java:301)
	at com.kms.katalon.core.main.TestCaseExecutor.execute(TestCaseExecutor.java:235)
	at com.kms.katalon.core.main.TestSuiteExecutor.accessTestCaseMainPhase(TestSuiteExecutor.java:191)
	at com.kms.katalon.core.main.TestSuiteExecutor.accessTestSuiteMainPhase(TestSuiteExecutor.java:141)
	at com.kms.katalon.core.main.TestSuiteExecutor.execute(TestSuiteExecutor.java:90)
	at com.kms.katalon.core.main.TestCaseMain.startTestSuite(TestCaseMain.java:157)
	at com.kms.katalon.core.main.TestCaseMain$startTestSuite$0.call(Unknown Source)
	at TempTestSuite1615984312997.run(TempTestSuite1615984312997.groovy:39)
Caused by: com.kms.katalon.core.exception.StepFailedException: com.kms.katalon.core.webui.exception.WebElementNotFoundException: Web element with id: 'Object Repository/Deal Status/Message_Section/tab_Pending Invitations' located by '//div[@id='headingOne']//*[contains(text(),' Pending Invitations ')]' not found
	... 23 more
"/>
         <system-out><![CDATA[2021-03-17 18:14:05 - [TEST_CASE][FAILED] - Test Cases/Sanity_Test/TC_027_Verify that invited member displayed on Pending invitations tab: Test Cases/Sanity_Test/TC_027_Verify that invited member displayed on Pending invitations tab FAILED.
Reason:
com.kms.katalon.core.exception.StepFailedException: com.kms.katalon.core.webui.exception.WebElementNotFoundException: Web element with id: 'Object Repository/Deal Status/Message_Section/tab_Pending Invitations' located by '//div[@id='headingOne']//*[contains(text(),' Pending Invitations ')]' not found (Root cause: com.kms.katalon.core.exception.StepFailedException: com.kms.katalon.core.webui.exception.WebElementNotFoundException: Web element with id: 'Object Repository/Deal Status/Message_Section/tab_Pending Invitations' located by '//div[@id='headingOne']//*[contains(text(),' Pending Invitations ')]' not found
	at com.kms.katalon.core.webui.keyword.internal.WebUIKeywordMain.stepFailed(WebUIKeywordMain.groovy:64)
	at com.kms.katalon.core.webui.keyword.builtin.VerifyElementPresentKeyword$_verifyElementPresent_closure1.doCall(VerifyElementPresentKeyword.groovy:85)
	at com.kms.katalon.core.webui.keyword.builtin.VerifyElementPresentKeyword$_verifyElementPresent_closure1.call(VerifyElementPresentKeyword.groovy)
	at com.kms.katalon.core.webui.keyword.internal.WebUIKeywordMain.runKeyword(WebUIKeywordMain.groovy:20)
	at com.kms.katalon.core.webui.keyword.builtin.VerifyElementPresentKeyword.verifyElementPresent(VerifyElementPresentKeyword.groovy:92)
	at com.kms.katalon.core.webui.keyword.builtin.VerifyElementPresentKeyword.execute(VerifyElementPresentKeyword.groovy:68)
	at com.kms.katalon.core.keyword.internal.KeywordExecutor.executeKeywordForPlatform(KeywordExecutor.groovy:73)
	at com.kms.katalon.core.webui.keyword.WebUiBuiltInKeywords.verifyElementPresent(WebUiBuiltInKeywords.groovy:1461)
	at com.kms.katalon.core.webui.keyword.WebUiBuiltInKeywords$verifyElementPresent$7.call(Unknown Source)
	at TC_027_Verify that invited member displayed on Pending invitations tab.run(TC_027_Verify that invited member displayed on Pending invitations tab:19)
	at com.kms.katalon.core.main.ScriptEngine.run(ScriptEngine.java:194)
	at com.kms.katalon.core.main.ScriptEngine.runScriptAsRawText(ScriptEngine.java:119)
	at com.kms.katalon.core.main.TestCaseExecutor.runScript(TestCaseExecutor.java:339)
	at com.kms.katalon.core.main.TestCaseExecutor.doExecute(TestCaseExecutor.java:330)
	at com.kms.katalon.core.main.TestCaseExecutor.processExecutionPhase(TestCaseExecutor.java:309)
	at com.kms.katalon.core.main.TestCaseExecutor.accessMainPhase(TestCaseExecutor.java:301)
	at com.kms.katalon.core.main.TestCaseExecutor.execute(TestCaseExecutor.java:235)
	at com.kms.katalon.core.main.TestSuiteExecutor.accessTestCaseMainPhase(TestSuiteExecutor.java:191)
	at com.kms.katalon.core.main.TestSuiteExecutor.accessTestSuiteMainPhase(TestSuiteExecutor.java:141)
	at com.kms.katalon.core.main.TestSuiteExecutor.execute(TestSuiteExecutor.java:90)
	at com.kms.katalon.core.main.TestCaseMain.startTestSuite(TestCaseMain.java:157)
	at com.kms.katalon.core.main.TestCaseMain$startTestSuite$0.call(Unknown Source)
	at TempTestSuite1615984312997.run(TempTestSuite1615984312997.groovy:39)
)
	at com.kms.katalon.core.keyword.internal.KeywordMain.stepFailed(KeywordMain.groovy:39)
	at com.kms.katalon.core.webui.keyword.internal.WebUIKeywordMain.stepFailed(WebUIKeywordMain.groovy:64)
	at com.kms.katalon.core.webui.keyword.builtin.VerifyElementPresentKeyword$_verifyElementPresent_closure1.doCall(VerifyElementPresentKeyword.groovy:85)
	at com.kms.katalon.core.webui.keyword.builtin.VerifyElementPresentKeyword$_verifyElementPresent_closure1.call(VerifyElementPresentKeyword.groovy)
	at com.kms.katalon.core.webui.keyword.internal.WebUIKeywordMain.runKeyword(WebUIKeywordMain.groovy:20)
	at com.kms.katalon.core.webui.keyword.builtin.VerifyElementPresentKeyword.verifyElementPresent(VerifyElementPresentKeyword.groovy:92)
	at com.kms.katalon.core.webui.keyword.builtin.VerifyElementPresentKeyword.execute(VerifyElementPresentKeyword.groovy:68)
	at com.kms.katalon.core.keyword.internal.KeywordExecutor.executeKeywordForPlatform(KeywordExecutor.groovy:73)
	at com.kms.katalon.core.webui.keyword.WebUiBuiltInKeywords.verifyElementPresent(WebUiBuiltInKeywords.groovy:1461)
	at com.kms.katalon.core.webui.keyword.WebUiBuiltInKeywords$verifyElementPresent$7.call(Unknown Source)
	at TC_027_Verify that invited member displayed on Pending invitations tab.run(TC_027_Verify that invited member displayed on Pending invitations tab:19)
	at com.kms.katalon.core.main.ScriptEngine.run(ScriptEngine.java:194)
	at com.kms.katalon.core.main.ScriptEngine.runScriptAsRawText(ScriptEngine.java:119)
	at com.kms.katalon.core.main.TestCaseExecutor.runScript(TestCaseExecutor.java:339)
	at com.kms.katalon.core.main.TestCaseExecutor.doExecute(TestCaseExecutor.java:330)
	at com.kms.katalon.core.main.TestCaseExecutor.processExecutionPhase(TestCaseExecutor.java:309)
	at com.kms.katalon.core.main.TestCaseExecutor.accessMainPhase(TestCaseExecutor.java:301)
	at com.kms.katalon.core.main.TestCaseExecutor.execute(TestCaseExecutor.java:235)
	at com.kms.katalon.core.main.TestSuiteExecutor.accessTestCaseMainPhase(TestSuiteExecutor.java:191)
	at com.kms.katalon.core.main.TestSuiteExecutor.accessTestSuiteMainPhase(TestSuiteExecutor.java:141)
	at com.kms.katalon.core.main.TestSuiteExecutor.execute(TestSuiteExecutor.java:90)
	at com.kms.katalon.core.main.TestCaseMain.startTestSuite(TestCaseMain.java:157)
	at com.kms.katalon.core.main.TestCaseMain$startTestSuite$0.call(Unknown Source)
	at TempTestSuite1615984312997.run(TempTestSuite1615984312997.groovy:39)
Caused by: com.kms.katalon.core.exception.StepFailedException: com.kms.katalon.core.webui.exception.WebElementNotFoundException: Web element with id: 'Object Repository/Deal Status/Message_Section/tab_Pending Invitations' located by '//div[@id='headingOne']//*[contains(text(),' Pending Invitations ')]' not found
	... 23 more


2021-03-17 18:14:05 - [TEST_STEP][PASSED] - Start listener action : sampleBeforeTestCase: null

2021-03-17 18:14:05 - [TEST_STEP][PASSED] - println(testCaseContext.getTestCaseId()): null

2021-03-17 18:14:05 - [TEST_STEP][PASSED] - println(testCaseContext.getTestCaseVariables()): null

2021-03-17 18:14:06 - [TEST_STEP][FAILED] - if (verifyElementPresent(findTestObject("Object Repository/Deal Status/Message_Section/tab_Pending Invitations"), shortTime) == true): com.kms.katalon.core.webui.exception.WebElementNotFoundException: Web element with id: 'Object Repository/Deal Status/Message_Section/tab_Pending Invitations' located by '//div[@id='headingOne']//*[contains(text(),' Pending Invitations ')]' not found (Root cause: com.kms.katalon.core.exception.StepFailedException: com.kms.katalon.core.webui.exception.WebElementNotFoundException: Web element with id: 'Object Repository/Deal Status/Message_Section/tab_Pending Invitations' located by '//div[@id='headingOne']//*[contains(text(),' Pending Invitations ')]' not found
	at com.kms.katalon.core.webui.keyword.internal.WebUIKeywordMain.stepFailed(WebUIKeywordMain.groovy:64)
	at com.kms.katalon.core.webui.keyword.builtin.VerifyElementPresentKeyword$_verifyElementPresent_closure1.doCall(VerifyElementPresentKeyword.groovy:85)
	at com.kms.katalon.core.webui.keyword.builtin.VerifyElementPresentKeyword$_verifyElementPresent_closure1.call(VerifyElementPresentKeyword.groovy)
	at com.kms.katalon.core.webui.keyword.internal.WebUIKeywordMain.runKeyword(WebUIKeywordMain.groovy:20)
	at com.kms.katalon.core.webui.keyword.builtin.VerifyElementPresentKeyword.verifyElementPresent(VerifyElementPresentKeyword.groovy:92)
	at com.kms.katalon.core.webui.keyword.builtin.VerifyElementPresentKeyword.execute(VerifyElementPresentKeyword.groovy:68)
	at com.kms.katalon.core.keyword.internal.KeywordExecutor.executeKeywordForPlatform(KeywordExecutor.groovy:73)
	at com.kms.katalon.core.webui.keyword.WebUiBuiltInKeywords.verifyElementPresent(WebUiBuiltInKeywords.groovy:1461)
	at com.kms.katalon.core.webui.keyword.WebUiBuiltInKeywords$verifyElementPresent$7.call(Unknown Source)
	at TC_027_Verify that invited member displayed on Pending invitations tab.run(TC_027_Verify that invited member displayed on Pending invitations tab:19)
	at com.kms.katalon.core.main.ScriptEngine.run(ScriptEngine.java:194)
	at com.kms.katalon.core.main.ScriptEngine.runScriptAsRawText(ScriptEngine.java:119)
	at com.kms.katalon.core.main.TestCaseExecutor.runScript(TestCaseExecutor.java:339)
	at com.kms.katalon.core.main.TestCaseExecutor.doExecute(TestCaseExecutor.java:330)
	at com.kms.katalon.core.main.TestCaseExecutor.processExecutionPhase(TestCaseExecutor.java:309)
	at com.kms.katalon.core.main.TestCaseExecutor.accessMainPhase(TestCaseExecutor.java:301)
	at com.kms.katalon.core.main.TestCaseExecutor.execute(TestCaseExecutor.java:235)
	at com.kms.katalon.core.main.TestSuiteExecutor.accessTestCaseMainPhase(TestSuiteExecutor.java:191)
	at com.kms.katalon.core.main.TestSuiteExecutor.accessTestSuiteMainPhase(TestSuiteExecutor.java:141)
	at com.kms.katalon.core.main.TestSuiteExecutor.execute(TestSuiteExecutor.java:90)
	at com.kms.katalon.core.main.TestCaseMain.startTestSuite(TestCaseMain.java:157)
	at com.kms.katalon.core.main.TestCaseMain$startTestSuite$0.call(Unknown Source)
	at TempTestSuite1615984312997.run(TempTestSuite1615984312997.groovy:39)
)

2021-03-17 18:14:12 - [MESSAGE][INFO] - Unable to find the element located by 'By.xpath: //div[@id='headingOne']//*[contains(text(),' Pending Invitations ')]'. Please recheck the objects properties to make sure the desired element is located. 

2021-03-17 18:14:13 - [MESSAGE][FAILED] - com.kms.katalon.core.webui.exception.WebElementNotFoundException: Web element with id: 'Object Repository/Deal Status/Message_Section/tab_Pending Invitations' located by '//div[@id='headingOne']//*[contains(text(),' Pending Invitations ')]' not found (Root cause: com.kms.katalon.core.exception.StepFailedException: com.kms.katalon.core.webui.exception.WebElementNotFoundException: Web element with id: 'Object Repository/Deal Status/Message_Section/tab_Pending Invitations' located by '//div[@id='headingOne']//*[contains(text(),' Pending Invitations ')]' not found
	at com.kms.katalon.core.webui.keyword.internal.WebUIKeywordMain.stepFailed(WebUIKeywordMain.groovy:64)
	at com.kms.katalon.core.webui.keyword.builtin.VerifyElementPresentKeyword$_verifyElementPresent_closure1.doCall(VerifyElementPresentKeyword.groovy:85)
	at com.kms.katalon.core.webui.keyword.builtin.VerifyElementPresentKeyword$_verifyElementPresent_closure1.call(VerifyElementPresentKeyword.groovy)
	at com.kms.katalon.core.webui.keyword.internal.WebUIKeywordMain.runKeyword(WebUIKeywordMain.groovy:20)
	at com.kms.katalon.core.webui.keyword.builtin.VerifyElementPresentKeyword.verifyElementPresent(VerifyElementPresentKeyword.groovy:92)
	at com.kms.katalon.core.webui.keyword.builtin.VerifyElementPresentKeyword.execute(VerifyElementPresentKeyword.groovy:68)
	at com.kms.katalon.core.keyword.internal.KeywordExecutor.executeKeywordForPlatform(KeywordExecutor.groovy:73)
	at com.kms.katalon.core.webui.keyword.WebUiBuiltInKeywords.verifyElementPresent(WebUiBuiltInKeywords.groovy:1461)
	at com.kms.katalon.core.webui.keyword.WebUiBuiltInKeywords$verifyElementPresent$7.call(Unknown Source)
	at TC_027_Verify that invited member displayed on Pending invitations tab.run(TC_027_Verify that invited member displayed on Pending invitations tab:19)
	at com.kms.katalon.core.main.ScriptEngine.run(ScriptEngine.java:194)
	at com.kms.katalon.core.main.ScriptEngine.runScriptAsRawText(ScriptEngine.java:119)
	at com.kms.katalon.core.main.TestCaseExecutor.runScript(TestCaseExecutor.java:339)
	at com.kms.katalon.core.main.TestCaseExecutor.doExecute(TestCaseExecutor.java:330)
	at com.kms.katalon.core.main.TestCaseExecutor.processExecutionPhase(TestCaseExecutor.java:309)
	at com.kms.katalon.core.main.TestCaseExecutor.accessMainPhase(TestCaseExecutor.java:301)
	at com.kms.katalon.core.main.TestCaseExecutor.execute(TestCaseExecutor.java:235)
	at com.kms.katalon.core.main.TestSuiteExecutor.accessTestCaseMainPhase(TestSuiteExecutor.java:191)
	at com.kms.katalon.core.main.TestSuiteExecutor.accessTestSuiteMainPhase(TestSuiteExecutor.java:141)
	at com.kms.katalon.core.main.TestSuiteExecutor.execute(TestSuiteExecutor.java:90)
	at com.kms.katalon.core.main.TestCaseMain.startTestSuite(TestCaseMain.java:157)
	at com.kms.katalon.core.main.TestCaseMain$startTestSuite$0.call(Unknown Source)
	at TempTestSuite1615984312997.run(TempTestSuite1615984312997.groovy:39)
)
[[ATTACHMENT|C:\\Users\\Dell\\Desktop\\WeComplete\\Reports\\20210317_180152\\Sanity Test\\20210317_180152\\1615985052528.png]]

2021-03-17 18:14:13 - [TEST_STEP][PASSED] - else: null

2021-03-17 18:14:13 - [TEST_STEP][PASSED] - out.print("Invite People pop up is not present"): null

2021-03-17 18:14:13 - [TEST_STEP][PASSED] - Start listener action : sampleAfterTestCase: null

2021-03-17 18:14:13 - [TEST_STEP][PASSED] - println(testCaseContext.getTestCaseId()): null

2021-03-17 18:14:13 - [TEST_STEP][PASSED] - println(testCaseContext.getTestCaseStatus()): null

2021-03-17 18:14:15 - [TEST_STEP][PASSED] - Video: Video recording for test case 'Test Cases/Sanity_Test/TC_027_Verify that invited member displayed on Pending invitations tab' .

2021-03-17 18:14:15 - [MESSAGE][INFO] - Video recording for test case 'Test Cases/Sanity_Test/TC_027_Verify that invited member displayed on Pending invitations tab' .
[[ATTACHMENT|C:\Users\Dell\Desktop\WeComplete\Reports\20210317_180152\Sanity Test\20210317_180152/videos\test_27.avi]]]]></system-out>
         <system-err><![CDATA[2021-03-17 18:14:05 - [TEST_CASE][FAILED] - Test Cases/Sanity_Test/TC_027_Verify that invited member displayed on Pending invitations tab: Test Cases/Sanity_Test/TC_027_Verify that invited member displayed on Pending invitations tab FAILED.
Reason:
com.kms.katalon.core.exception.StepFailedException: com.kms.katalon.core.webui.exception.WebElementNotFoundException: Web element with id: 'Object Repository/Deal Status/Message_Section/tab_Pending Invitations' located by '//div[@id='headingOne']//*[contains(text(),' Pending Invitations ')]' not found (Root cause: com.kms.katalon.core.exception.StepFailedException: com.kms.katalon.core.webui.exception.WebElementNotFoundException: Web element with id: 'Object Repository/Deal Status/Message_Section/tab_Pending Invitations' located by '//div[@id='headingOne']//*[contains(text(),' Pending Invitations ')]' not found
	at com.kms.katalon.core.webui.keyword.internal.WebUIKeywordMain.stepFailed(WebUIKeywordMain.groovy:64)
	at com.kms.katalon.core.webui.keyword.builtin.VerifyElementPresentKeyword$_verifyElementPresent_closure1.doCall(VerifyElementPresentKeyword.groovy:85)
	at com.kms.katalon.core.webui.keyword.builtin.VerifyElementPresentKeyword$_verifyElementPresent_closure1.call(VerifyElementPresentKeyword.groovy)
	at com.kms.katalon.core.webui.keyword.internal.WebUIKeywordMain.runKeyword(WebUIKeywordMain.groovy:20)
	at com.kms.katalon.core.webui.keyword.builtin.VerifyElementPresentKeyword.verifyElementPresent(VerifyElementPresentKeyword.groovy:92)
	at com.kms.katalon.core.webui.keyword.builtin.VerifyElementPresentKeyword.execute(VerifyElementPresentKeyword.groovy:68)
	at com.kms.katalon.core.keyword.internal.KeywordExecutor.executeKeywordForPlatform(KeywordExecutor.groovy:73)
	at com.kms.katalon.core.webui.keyword.WebUiBuiltInKeywords.verifyElementPresent(WebUiBuiltInKeywords.groovy:1461)
	at com.kms.katalon.core.webui.keyword.WebUiBuiltInKeywords$verifyElementPresent$7.call(Unknown Source)
	at TC_027_Verify that invited member displayed on Pending invitations tab.run(TC_027_Verify that invited member displayed on Pending invitations tab:19)
	at com.kms.katalon.core.main.ScriptEngine.run(ScriptEngine.java:194)
	at com.kms.katalon.core.main.ScriptEngine.runScriptAsRawText(ScriptEngine.java:119)
	at com.kms.katalon.core.main.TestCaseExecutor.runScript(TestCaseExecutor.java:339)
	at com.kms.katalon.core.main.TestCaseExecutor.doExecute(TestCaseExecutor.java:330)
	at com.kms.katalon.core.main.TestCaseExecutor.processExecutionPhase(TestCaseExecutor.java:309)
	at com.kms.katalon.core.main.TestCaseExecutor.accessMainPhase(TestCaseExecutor.java:301)
	at com.kms.katalon.core.main.TestCaseExecutor.execute(TestCaseExecutor.java:235)
	at com.kms.katalon.core.main.TestSuiteExecutor.accessTestCaseMainPhase(TestSuiteExecutor.java:191)
	at com.kms.katalon.core.main.TestSuiteExecutor.accessTestSuiteMainPhase(TestSuiteExecutor.java:141)
	at com.kms.katalon.core.main.TestSuiteExecutor.execute(TestSuiteExecutor.java:90)
	at com.kms.katalon.core.main.TestCaseMain.startTestSuite(TestCaseMain.java:157)
	at com.kms.katalon.core.main.TestCaseMain$startTestSuite$0.call(Unknown Source)
	at TempTestSuite1615984312997.run(TempTestSuite1615984312997.groovy:39)
)
	at com.kms.katalon.core.keyword.internal.KeywordMain.stepFailed(KeywordMain.groovy:39)
	at com.kms.katalon.core.webui.keyword.internal.WebUIKeywordMain.stepFailed(WebUIKeywordMain.groovy:64)
	at com.kms.katalon.core.webui.keyword.builtin.VerifyElementPresentKeyword$_verifyElementPresent_closure1.doCall(VerifyElementPresentKeyword.groovy:85)
	at com.kms.katalon.core.webui.keyword.builtin.VerifyElementPresentKeyword$_verifyElementPresent_closure1.call(VerifyElementPresentKeyword.groovy)
	at com.kms.katalon.core.webui.keyword.internal.WebUIKeywordMain.runKeyword(WebUIKeywordMain.groovy:20)
	at com.kms.katalon.core.webui.keyword.builtin.VerifyElementPresentKeyword.verifyElementPresent(VerifyElementPresentKeyword.groovy:92)
	at com.kms.katalon.core.webui.keyword.builtin.VerifyElementPresentKeyword.execute(VerifyElementPresentKeyword.groovy:68)
	at com.kms.katalon.core.keyword.internal.KeywordExecutor.executeKeywordForPlatform(KeywordExecutor.groovy:73)
	at com.kms.katalon.core.webui.keyword.WebUiBuiltInKeywords.verifyElementPresent(WebUiBuiltInKeywords.groovy:1461)
	at com.kms.katalon.core.webui.keyword.WebUiBuiltInKeywords$verifyElementPresent$7.call(Unknown Source)
	at TC_027_Verify that invited member displayed on Pending invitations tab.run(TC_027_Verify that invited member displayed on Pending invitations tab:19)
	at com.kms.katalon.core.main.ScriptEngine.run(ScriptEngine.java:194)
	at com.kms.katalon.core.main.ScriptEngine.runScriptAsRawText(ScriptEngine.java:119)
	at com.kms.katalon.core.main.TestCaseExecutor.runScript(TestCaseExecutor.java:339)
	at com.kms.katalon.core.main.TestCaseExecutor.doExecute(TestCaseExecutor.java:330)
	at com.kms.katalon.core.main.TestCaseExecutor.processExecutionPhase(TestCaseExecutor.java:309)
	at com.kms.katalon.core.main.TestCaseExecutor.accessMainPhase(TestCaseExecutor.java:301)
	at com.kms.katalon.core.main.TestCaseExecutor.execute(TestCaseExecutor.java:235)
	at com.kms.katalon.core.main.TestSuiteExecutor.accessTestCaseMainPhase(TestSuiteExecutor.java:191)
	at com.kms.katalon.core.main.TestSuiteExecutor.accessTestSuiteMainPhase(TestSuiteExecutor.java:141)
	at com.kms.katalon.core.main.TestSuiteExecutor.execute(TestSuiteExecutor.java:90)
	at com.kms.katalon.core.main.TestCaseMain.startTestSuite(TestCaseMain.java:157)
	at com.kms.katalon.core.main.TestCaseMain$startTestSuite$0.call(Unknown Source)
	at TempTestSuite1615984312997.run(TempTestSuite1615984312997.groovy:39)
Caused by: com.kms.katalon.core.exception.StepFailedException: com.kms.katalon.core.webui.exception.WebElementNotFoundException: Web element with id: 'Object Repository/Deal Status/Message_Section/tab_Pending Invitations' located by '//div[@id='headingOne']//*[contains(text(),' Pending Invitations ')]' not found
	... 23 more]]></system-err>
      </testcase>
      <system-out><![CDATA[2021-03-17 18:02:01 - [TEST_SUITE][ERROR] - Sanity Test: Test Cases/Sanity_Test/TC_021_Message send functionlity on channel FAILED.
Reason:
org.codehaus.groovy.runtime.InvokerInvocationException: java.lang.AssertionError: Web element with id: 'Object Repository/Deal Status/Message_Section/Channels/input_Compose' located by '//div[starts-with(@data-placeholder,'Message to')]' not found
	at com.wecomplete.keywords.TestBase.invokeMethod(TestBase.groovy)
	at com.kms.katalon.core.main.CustomKeywordDelegatingMetaClass.invokeStaticMethod(CustomKeywordDelegatingMetaClass.java:50)
	at TC_021_Message send functionlity on channel.run(TC_021_Message send functionlity on channel:26)
	at com.kms.katalon.core.main.ScriptEngine.run(ScriptEngine.java:194)
	at com.kms.katalon.core.main.ScriptEngine.runScriptAsRawText(ScriptEngine.java:119)
	at com.kms.katalon.core.main.TestCaseExecutor.runScript(TestCaseExecutor.java:339)
	at com.kms.katalon.core.main.TestCaseExecutor.doExecute(TestCaseExecutor.java:330)
	at com.kms.katalon.core.main.TestCaseExecutor.processExecutionPhase(TestCaseExecutor.java:309)
	at com.kms.katalon.core.main.TestCaseExecutor.accessMainPhase(TestCaseExecutor.java:301)
	at com.kms.katalon.core.main.TestCaseExecutor.execute(TestCaseExecutor.java:235)
	at com.kms.katalon.core.main.TestSuiteExecutor.accessTestCaseMainPhase(TestSuiteExecutor.java:191)
	at com.kms.katalon.core.main.TestSuiteExecutor.accessTestSuiteMainPhase(TestSuiteExecutor.java:141)
	at com.kms.katalon.core.main.TestSuiteExecutor.execute(TestSuiteExecutor.java:90)
	at com.kms.katalon.core.main.TestCaseMain.startTestSuite(TestCaseMain.java:157)
	at com.kms.katalon.core.main.TestCaseMain$startTestSuite$0.call(Unknown Source)
	at TempTestSuite1615984312997.run(TempTestSuite1615984312997.groovy:39)
Caused by: java.lang.AssertionError: Web element with id: 'Object Repository/Deal Status/Message_Section/Channels/input_Compose' located by '//div[starts-with(@data-placeholder,'Message to')]' not found
	at org.testng.Assert.fail(Assert.java:93)
	at org.testng.Assert$fail$0.call(Unknown Source)
	at com.wecomplete.keywords.TestBase.sendkeyElement(TestBase.groovy:129)
	... 16 more]]></system-out>
      <system-err><![CDATA[2021-03-17 18:02:01 - [TEST_SUITE][ERROR] - Sanity Test: Test Cases/Sanity_Test/TC_021_Message send functionlity on channel FAILED.
Reason:
org.codehaus.groovy.runtime.InvokerInvocationException: java.lang.AssertionError: Web element with id: 'Object Repository/Deal Status/Message_Section/Channels/input_Compose' located by '//div[starts-with(@data-placeholder,'Message to')]' not found
	at com.wecomplete.keywords.TestBase.invokeMethod(TestBase.groovy)
	at com.kms.katalon.core.main.CustomKeywordDelegatingMetaClass.invokeStaticMethod(CustomKeywordDelegatingMetaClass.java:50)
	at TC_021_Message send functionlity on channel.run(TC_021_Message send functionlity on channel:26)
	at com.kms.katalon.core.main.ScriptEngine.run(ScriptEngine.java:194)
	at com.kms.katalon.core.main.ScriptEngine.runScriptAsRawText(ScriptEngine.java:119)
	at com.kms.katalon.core.main.TestCaseExecutor.runScript(TestCaseExecutor.java:339)
	at com.kms.katalon.core.main.TestCaseExecutor.doExecute(TestCaseExecutor.java:330)
	at com.kms.katalon.core.main.TestCaseExecutor.processExecutionPhase(TestCaseExecutor.java:309)
	at com.kms.katalon.core.main.TestCaseExecutor.accessMainPhase(TestCaseExecutor.java:301)
	at com.kms.katalon.core.main.TestCaseExecutor.execute(TestCaseExecutor.java:235)
	at com.kms.katalon.core.main.TestSuiteExecutor.accessTestCaseMainPhase(TestSuiteExecutor.java:191)
	at com.kms.katalon.core.main.TestSuiteExecutor.accessTestSuiteMainPhase(TestSuiteExecutor.java:141)
	at com.kms.katalon.core.main.TestSuiteExecutor.execute(TestSuiteExecutor.java:90)
	at com.kms.katalon.core.main.TestCaseMain.startTestSuite(TestCaseMain.java:157)
	at com.kms.katalon.core.main.TestCaseMain$startTestSuite$0.call(Unknown Source)
	at TempTestSuite1615984312997.run(TempTestSuite1615984312997.groovy:39)
Caused by: java.lang.AssertionError: Web element with id: 'Object Repository/Deal Status/Message_Section/Channels/input_Compose' located by '//div[starts-with(@data-placeholder,'Message to')]' not found
	at org.testng.Assert.fail(Assert.java:93)
	at org.testng.Assert$fail$0.call(Unknown Source)
	at com.wecomplete.keywords.TestBase.sendkeyElement(TestBase.groovy:129)
	... 16 more]]></system-err>
   </testsuite>
</testsuites>
